---------------------------------------------------------------
[ 2019-01-21T11:21:27+08:00 ] 192.168.3.47 GET 192.168.3.102/
[运行时间：0.785709s] [吞吐率：1.27req/s] [内存消耗：2,213.54kb] [文件加载：79]
[ info ] [ LANG ] /www/wwwroot/tete/thinkphp/lang/zh-cn.php
[ info ] [ ROUTE ] array (
)
[ info ] [ HEADER ] array (
  'cookie' => 'order=id%20desc; memSize=974; uploadSize=1073741824; force=0; sites_path=/www/wwwroot; BatchSelected=null; vcodesum=13; rank=a; p5=2; BatchPaste=1; Path=/www/wwwroot/tete/runtime/log/201901; softType=0; p0=1; BT_PANEL_6=ddd3c8a0-50f0-4e8a-bfea-6e62e36c36e0.hVBW0jL4VyRoZX3tqtFskxV3A5g; request_token=43951abc8539be808a2a13638b1461d4; serverType=%7B%7Bsession%5B%27webserver%27%5D%7D%7D',
  'accept-language' => 'zh-CN,zh;q=0.9,en;q=0.8',
  'accept-encoding' => 'gzip, deflate',
  'accept' => 'text/html,application/xhtml+xml,application/xml;q=0.9,image/webp,image/apng,*/*;q=0.8',
  'user-agent' => 'Mozilla/5.0 (Windows NT 10.0; Win64; x64) AppleWebKit/537.36 (KHTML, like Gecko) Chrome/71.0.3578.98 Safari/537.36',
  'upgrade-insecure-requests' => '1',
  'purpose' => 'prefetch',
  'connection' => 'keep-alive',
  'host' => '192.168.3.102',
  'content-type' => '',
  'content-length' => '',
)
[ info ] [ PARAM ] array (
)
[ error ] [0]请先登录！[/www/wwwroot/tete/application/index/controller/Common.php:10]
---------------------------------------------------------------
[ 2019-01-21T11:21:27+08:00 ] 192.168.3.47 GET 192.168.3.102/
[运行时间：0.022535s] [吞吐率：44.38req/s] [内存消耗：2,213.52kb] [文件加载：79]
[ info ] [ LANG ] /www/wwwroot/tete/thinkphp/lang/zh-cn.php
[ info ] [ ROUTE ] array (
)
[ info ] [ HEADER ] array (
  'cookie' => 'order=id%20desc; memSize=974; uploadSize=1073741824; force=0; sites_path=/www/wwwroot; BatchSelected=null; vcodesum=13; rank=a; p5=2; BatchPaste=1; Path=/www/wwwroot/tete/runtime/log/201901; softType=0; p0=1; BT_PANEL_6=ddd3c8a0-50f0-4e8a-bfea-6e62e36c36e0.hVBW0jL4VyRoZX3tqtFskxV3A5g; request_token=43951abc8539be808a2a13638b1461d4; serverType=%7B%7Bsession%5B%27webserver%27%5D%7D%7D',
  'accept-language' => 'zh-CN,zh;q=0.9,en;q=0.8',
  'accept-encoding' => 'gzip, deflate',
  'accept' => 'text/html,application/xhtml+xml,application/xml;q=0.9,image/webp,image/apng,*/*;q=0.8',
  'user-agent' => 'Mozilla/5.0 (Windows NT 10.0; Win64; x64) AppleWebKit/537.36 (KHTML, like Gecko) Chrome/71.0.3578.98 Safari/537.36',
  'upgrade-insecure-requests' => '1',
  'connection' => 'keep-alive',
  'host' => '192.168.3.102',
  'content-type' => '',
  'content-length' => '',
)
[ info ] [ PARAM ] array (
)
[ error ] [0]请先登录！[/www/wwwroot/tete/application/index/controller/Common.php:10]
---------------------------------------------------------------
[ 2019-01-21T11:21:33+08:00 ] 192.168.3.47 GET 192.168.3.102/login
[运行时间：0.450792s] [吞吐率：2.22req/s] [内存消耗：3,455.99kb] [文件加载：87]
[ info ] [ LANG ] /www/wwwroot/tete/thinkphp/lang/zh-cn.php
[ info ] [ ROUTE ] array (
  'rule' => 'login',
  'route' => 'index/Open/login',
  'option' => 
  array (
    'merge_rule_regex' => false,
    'cross_domain' => true,
    'header' => 
    array (
      'Access-Control-Allow-Origin' => '*',
      'Access-Control-Allow-Methods' => 'GET, POST, PATCH, PUT, DELETE',
      'Access-Control-Allow-Headers' => 'Authorization, Content-Type, If-Match, If-Modified-Since, If-None-Match, If-Unmodified-Since, X-Requested-With',
    ),
  ),
  'var' => 
  array (
  ),
)
[ info ] [ HEADER ] array (
  'cookie' => 'order=id%20desc; memSize=974; uploadSize=1073741824; force=0; sites_path=/www/wwwroot; BatchSelected=null; vcodesum=13; rank=a; p5=2; BatchPaste=1; Path=/www/wwwroot/tete/runtime/log/201901; softType=0; p0=1; BT_PANEL_6=ddd3c8a0-50f0-4e8a-bfea-6e62e36c36e0.hVBW0jL4VyRoZX3tqtFskxV3A5g; request_token=43951abc8539be808a2a13638b1461d4; serverType=%7B%7Bsession%5B%27webserver%27%5D%7D%7D; PHPSESSID=nnfee4d6fbgkpr474o4l7g3i9c',
  'accept-language' => 'zh-CN,zh;q=0.9,en;q=0.8',
  'accept-encoding' => 'gzip, deflate',
  'accept' => 'text/html,application/xhtml+xml,application/xml;q=0.9,image/webp,image/apng,*/*;q=0.8',
  'user-agent' => 'Mozilla/5.0 (Windows NT 10.0; Win64; x64) AppleWebKit/537.36 (KHTML, like Gecko) Chrome/71.0.3578.98 Safari/537.36',
  'upgrade-insecure-requests' => '1',
  'connection' => 'keep-alive',
  'host' => '192.168.3.102',
  'content-type' => '',
  'content-length' => '',
)
[ info ] [ PARAM ] array (
)
[ info ] [ DB ] INIT mysql
---------------------------------------------------------------
[ 2019-01-21T11:22:19+08:00 ] 192.168.3.47 GET 192.168.3.102/login
[运行时间：0.119967s] [吞吐率：8.34req/s] [内存消耗：3,522.14kb] [文件加载：88]
[ info ] [ LANG ] /www/wwwroot/tete/thinkphp/lang/zh-cn.php
[ info ] [ ROUTE ] array (
  'rule' => 'login',
  'route' => 'index/Open/login',
  'option' => 
  array (
    'merge_rule_regex' => false,
    'cross_domain' => true,
    'header' => 
    array (
      'Access-Control-Allow-Origin' => '*',
      'Access-Control-Allow-Methods' => 'GET, POST, PATCH, PUT, DELETE',
      'Access-Control-Allow-Headers' => 'Authorization, Content-Type, If-Match, If-Modified-Since, If-None-Match, If-Unmodified-Since, X-Requested-With',
    ),
  ),
  'var' => 
  array (
  ),
)
[ info ] [ HEADER ] array (
  'cookie' => 'order=id%20desc; memSize=974; uploadSize=1073741824; force=0; sites_path=/www/wwwroot; BatchSelected=null; vcodesum=13; rank=a; p5=2; BatchPaste=1; Path=/www/wwwroot/tete/runtime/log/201901; softType=0; p0=1; BT_PANEL_6=ddd3c8a0-50f0-4e8a-bfea-6e62e36c36e0.hVBW0jL4VyRoZX3tqtFskxV3A5g; request_token=43951abc8539be808a2a13638b1461d4; serverType=%7B%7Bsession%5B%27webserver%27%5D%7D%7D; PHPSESSID=nnfee4d6fbgkpr474o4l7g3i9c',
  'accept-language' => 'zh-CN,zh;q=0.9,en;q=0.8',
  'accept-encoding' => 'gzip, deflate',
  'accept' => 'text/html,application/xhtml+xml,application/xml;q=0.9,image/webp,image/apng,*/*;q=0.8',
  'user-agent' => 'Mozilla/5.0 (Windows NT 10.0; Win64; x64) AppleWebKit/537.36 (KHTML, like Gecko) Chrome/71.0.3578.98 Safari/537.36',
  'upgrade-insecure-requests' => '1',
  'cache-control' => 'max-age=0',
  'connection' => 'keep-alive',
  'host' => '192.168.3.102',
  'content-type' => '',
  'content-length' => '',
)
[ info ] [ PARAM ] array (
)
[ info ] [ DB ] INIT mysql
[ sql ] [ DB ] CONNECT:[ UseTime:0.006667s ] mysql:host=192.168.3.47;port=3306;dbname=qq;charset=utf8
[ sql ] [ SQL ] SHOW COLUMNS FROM `qq_member` [ RunTime:0.042330s ]
[ sql ] [ SQL ] SELECT `id`,`username`,`password`,`gameid`,`nickname`,`group_root`,`group_servertime`,`translate`,`headimgurl` FROM `qq_member` WHERE (  `username` IS NULL ) AND `qq_member`.`deletetime` IS NULL LIMIT 1 [ RunTime:0.000809s ]
---------------------------------------------------------------
[ 2019-01-21T11:22:20+08:00 ] 192.168.3.47 GET 192.168.3.102/login
[运行时间：0.105543s] [吞吐率：9.47req/s] [内存消耗：3,522.14kb] [文件加载：88]
[ info ] [ LANG ] /www/wwwroot/tete/thinkphp/lang/zh-cn.php
[ info ] [ ROUTE ] array (
  'rule' => 'login',
  'route' => 'index/Open/login',
  'option' => 
  array (
    'merge_rule_regex' => false,
    'cross_domain' => true,
    'header' => 
    array (
      'Access-Control-Allow-Origin' => '*',
      'Access-Control-Allow-Methods' => 'GET, POST, PATCH, PUT, DELETE',
      'Access-Control-Allow-Headers' => 'Authorization, Content-Type, If-Match, If-Modified-Since, If-None-Match, If-Unmodified-Since, X-Requested-With',
    ),
  ),
  'var' => 
  array (
  ),
)
[ info ] [ HEADER ] array (
  'cookie' => 'order=id%20desc; memSize=974; uploadSize=1073741824; force=0; sites_path=/www/wwwroot; BatchSelected=null; vcodesum=13; rank=a; p5=2; BatchPaste=1; Path=/www/wwwroot/tete/runtime/log/201901; softType=0; p0=1; BT_PANEL_6=ddd3c8a0-50f0-4e8a-bfea-6e62e36c36e0.hVBW0jL4VyRoZX3tqtFskxV3A5g; request_token=43951abc8539be808a2a13638b1461d4; serverType=%7B%7Bsession%5B%27webserver%27%5D%7D%7D; PHPSESSID=nnfee4d6fbgkpr474o4l7g3i9c',
  'accept-language' => 'zh-CN,zh;q=0.9,en;q=0.8',
  'accept-encoding' => 'gzip, deflate',
  'accept' => 'text/html,application/xhtml+xml,application/xml;q=0.9,image/webp,image/apng,*/*;q=0.8',
  'user-agent' => 'Mozilla/5.0 (Windows NT 10.0; Win64; x64) AppleWebKit/537.36 (KHTML, like Gecko) Chrome/71.0.3578.98 Safari/537.36',
  'upgrade-insecure-requests' => '1',
  'cache-control' => 'max-age=0',
  'connection' => 'keep-alive',
  'host' => '192.168.3.102',
  'content-type' => '',
  'content-length' => '',
)
[ info ] [ PARAM ] array (
)
[ info ] [ DB ] INIT mysql
[ sql ] [ DB ] CONNECT:[ UseTime:0.001297s ] mysql:host=192.168.3.47;port=3306;dbname=qq;charset=utf8
[ sql ] [ SQL ] SHOW COLUMNS FROM `qq_member` [ RunTime:0.018612s ]
[ sql ] [ SQL ] SELECT `id`,`username`,`password`,`gameid`,`nickname`,`group_root`,`group_servertime`,`translate`,`headimgurl` FROM `qq_member` WHERE (  `username` IS NULL ) AND `qq_member`.`deletetime` IS NULL LIMIT 1 [ RunTime:0.000931s ]
---------------------------------------------------------------
[ 2019-01-21T11:22:20+08:00 ] 192.168.3.47 GET 192.168.3.102/login
[运行时间：0.088067s] [吞吐率：11.35req/s] [内存消耗：3,522.14kb] [文件加载：88]
[ info ] [ LANG ] /www/wwwroot/tete/thinkphp/lang/zh-cn.php
[ info ] [ ROUTE ] array (
  'rule' => 'login',
  'route' => 'index/Open/login',
  'option' => 
  array (
    'merge_rule_regex' => false,
    'cross_domain' => true,
    'header' => 
    array (
      'Access-Control-Allow-Origin' => '*',
      'Access-Control-Allow-Methods' => 'GET, POST, PATCH, PUT, DELETE',
      'Access-Control-Allow-Headers' => 'Authorization, Content-Type, If-Match, If-Modified-Since, If-None-Match, If-Unmodified-Since, X-Requested-With',
    ),
  ),
  'var' => 
  array (
  ),
)
[ info ] [ HEADER ] array (
  'cookie' => 'order=id%20desc; memSize=974; uploadSize=1073741824; force=0; sites_path=/www/wwwroot; BatchSelected=null; vcodesum=13; rank=a; p5=2; BatchPaste=1; Path=/www/wwwroot/tete/runtime/log/201901; softType=0; p0=1; BT_PANEL_6=ddd3c8a0-50f0-4e8a-bfea-6e62e36c36e0.hVBW0jL4VyRoZX3tqtFskxV3A5g; request_token=43951abc8539be808a2a13638b1461d4; serverType=%7B%7Bsession%5B%27webserver%27%5D%7D%7D; PHPSESSID=nnfee4d6fbgkpr474o4l7g3i9c',
  'accept-language' => 'zh-CN,zh;q=0.9,en;q=0.8',
  'accept-encoding' => 'gzip, deflate',
  'accept' => 'text/html,application/xhtml+xml,application/xml;q=0.9,image/webp,image/apng,*/*;q=0.8',
  'user-agent' => 'Mozilla/5.0 (Windows NT 10.0; Win64; x64) AppleWebKit/537.36 (KHTML, like Gecko) Chrome/71.0.3578.98 Safari/537.36',
  'upgrade-insecure-requests' => '1',
  'cache-control' => 'max-age=0',
  'connection' => 'keep-alive',
  'host' => '192.168.3.102',
  'content-type' => '',
  'content-length' => '',
)
[ info ] [ PARAM ] array (
)
[ info ] [ DB ] INIT mysql
[ sql ] [ DB ] CONNECT:[ UseTime:0.002334s ] mysql:host=192.168.3.47;port=3306;dbname=qq;charset=utf8
[ sql ] [ SQL ] SHOW COLUMNS FROM `qq_member` [ RunTime:0.017770s ]
[ sql ] [ SQL ] SELECT `id`,`username`,`password`,`gameid`,`nickname`,`group_root`,`group_servertime`,`translate`,`headimgurl` FROM `qq_member` WHERE (  `username` IS NULL ) AND `qq_member`.`deletetime` IS NULL LIMIT 1 [ RunTime:0.001467s ]
---------------------------------------------------------------
[ 2019-01-21T11:22:20+08:00 ] 192.168.3.47 GET 192.168.3.102/login
[运行时间：0.080923s] [吞吐率：12.36req/s] [内存消耗：3,522.14kb] [文件加载：88]
[ info ] [ LANG ] /www/wwwroot/tete/thinkphp/lang/zh-cn.php
[ info ] [ ROUTE ] array (
  'rule' => 'login',
  'route' => 'index/Open/login',
  'option' => 
  array (
    'merge_rule_regex' => false,
    'cross_domain' => true,
    'header' => 
    array (
      'Access-Control-Allow-Origin' => '*',
      'Access-Control-Allow-Methods' => 'GET, POST, PATCH, PUT, DELETE',
      'Access-Control-Allow-Headers' => 'Authorization, Content-Type, If-Match, If-Modified-Since, If-None-Match, If-Unmodified-Since, X-Requested-With',
    ),
  ),
  'var' => 
  array (
  ),
)
[ info ] [ HEADER ] array (
  'cookie' => 'order=id%20desc; memSize=974; uploadSize=1073741824; force=0; sites_path=/www/wwwroot; BatchSelected=null; vcodesum=13; rank=a; p5=2; BatchPaste=1; Path=/www/wwwroot/tete/runtime/log/201901; softType=0; p0=1; BT_PANEL_6=ddd3c8a0-50f0-4e8a-bfea-6e62e36c36e0.hVBW0jL4VyRoZX3tqtFskxV3A5g; request_token=43951abc8539be808a2a13638b1461d4; serverType=%7B%7Bsession%5B%27webserver%27%5D%7D%7D; PHPSESSID=nnfee4d6fbgkpr474o4l7g3i9c',
  'accept-language' => 'zh-CN,zh;q=0.9,en;q=0.8',
  'accept-encoding' => 'gzip, deflate',
  'accept' => 'text/html,application/xhtml+xml,application/xml;q=0.9,image/webp,image/apng,*/*;q=0.8',
  'user-agent' => 'Mozilla/5.0 (Windows NT 10.0; Win64; x64) AppleWebKit/537.36 (KHTML, like Gecko) Chrome/71.0.3578.98 Safari/537.36',
  'upgrade-insecure-requests' => '1',
  'cache-control' => 'max-age=0',
  'connection' => 'keep-alive',
  'host' => '192.168.3.102',
  'content-type' => '',
  'content-length' => '',
)
[ info ] [ PARAM ] array (
)
[ info ] [ DB ] INIT mysql
[ sql ] [ DB ] CONNECT:[ UseTime:0.001350s ] mysql:host=192.168.3.47;port=3306;dbname=qq;charset=utf8
[ sql ] [ SQL ] SHOW COLUMNS FROM `qq_member` [ RunTime:0.017837s ]
[ sql ] [ SQL ] SELECT `id`,`username`,`password`,`gameid`,`nickname`,`group_root`,`group_servertime`,`translate`,`headimgurl` FROM `qq_member` WHERE (  `username` IS NULL ) AND `qq_member`.`deletetime` IS NULL LIMIT 1 [ RunTime:0.000783s ]
---------------------------------------------------------------
[ 2019-01-21T11:51:08+08:00 ] 192.168.3.47 GET 192.168.3.102/login
[运行时间：0.242115s] [吞吐率：4.13req/s] [内存消耗：3,522.14kb] [文件加载：88]
[ info ] [ LANG ] /www/wwwroot/tete/thinkphp/lang/zh-cn.php
[ info ] [ ROUTE ] array (
  'rule' => 'login',
  'route' => 'index/Open/login',
  'option' => 
  array (
    'merge_rule_regex' => false,
    'cross_domain' => true,
    'header' => 
    array (
      'Access-Control-Allow-Origin' => '*',
      'Access-Control-Allow-Methods' => 'GET, POST, PATCH, PUT, DELETE',
      'Access-Control-Allow-Headers' => 'Authorization, Content-Type, If-Match, If-Modified-Since, If-None-Match, If-Unmodified-Since, X-Requested-With',
    ),
  ),
  'var' => 
  array (
  ),
)
[ info ] [ HEADER ] array (
  'cookie' => 'order=id%20desc; memSize=974; uploadSize=1073741824; force=0; sites_path=/www/wwwroot; BatchSelected=null; rank=a; p5=2; BatchPaste=1; Path=/www/wwwroot/tete/runtime/log/201901; softType=0; p0=1; BT_PANEL_6=ddd3c8a0-50f0-4e8a-bfea-6e62e36c36e0.hVBW0jL4VyRoZX3tqtFskxV3A5g; request_token=43951abc8539be808a2a13638b1461d4; PHPSESSID=nnfee4d6fbgkpr474o4l7g3i9c; backup_path=/www/backup; vcodesum=12; serverType=nginx',
  'accept-language' => 'zh-CN,zh;q=0.9,en;q=0.8',
  'accept-encoding' => 'gzip, deflate',
  'accept' => 'text/html,application/xhtml+xml,application/xml;q=0.9,image/webp,image/apng,*/*;q=0.8',
  'user-agent' => 'Mozilla/5.0 (Windows NT 10.0; Win64; x64) AppleWebKit/537.36 (KHTML, like Gecko) Chrome/71.0.3578.98 Safari/537.36',
  'upgrade-insecure-requests' => '1',
  'cache-control' => 'max-age=0',
  'connection' => 'keep-alive',
  'host' => '192.168.3.102',
  'content-type' => '',
  'content-length' => '',
)
[ info ] [ PARAM ] array (
)
[ info ] [ DB ] INIT mysql
[ sql ] [ DB ] CONNECT:[ UseTime:0.001577s ] mysql:host=192.168.3.47;port=3306;dbname=qq;charset=utf8
[ sql ] [ SQL ] SHOW COLUMNS FROM `qq_member` [ RunTime:0.015716s ]
[ sql ] [ SQL ] SELECT `id`,`username`,`password`,`gameid`,`nickname`,`group_root`,`group_servertime`,`translate`,`headimgurl` FROM `qq_member` WHERE (  `username` IS NULL ) AND `qq_member`.`deletetime` IS NULL LIMIT 1 [ RunTime:0.000823s ]
---------------------------------------------------------------
[ 2019-01-21T11:51:09+08:00 ] 192.168.3.47 GET 192.168.3.102/login
[运行时间：0.061246s] [吞吐率：16.33req/s] [内存消耗：3,522.14kb] [文件加载：88]
[ info ] [ LANG ] /www/wwwroot/tete/thinkphp/lang/zh-cn.php
[ info ] [ ROUTE ] array (
  'rule' => 'login',
  'route' => 'index/Open/login',
  'option' => 
  array (
    'merge_rule_regex' => false,
    'cross_domain' => true,
    'header' => 
    array (
      'Access-Control-Allow-Origin' => '*',
      'Access-Control-Allow-Methods' => 'GET, POST, PATCH, PUT, DELETE',
      'Access-Control-Allow-Headers' => 'Authorization, Content-Type, If-Match, If-Modified-Since, If-None-Match, If-Unmodified-Since, X-Requested-With',
    ),
  ),
  'var' => 
  array (
  ),
)
[ info ] [ HEADER ] array (
  'cookie' => 'order=id%20desc; memSize=974; uploadSize=1073741824; force=0; sites_path=/www/wwwroot; BatchSelected=null; rank=a; p5=2; BatchPaste=1; Path=/www/wwwroot/tete/runtime/log/201901; softType=0; p0=1; BT_PANEL_6=ddd3c8a0-50f0-4e8a-bfea-6e62e36c36e0.hVBW0jL4VyRoZX3tqtFskxV3A5g; request_token=43951abc8539be808a2a13638b1461d4; PHPSESSID=nnfee4d6fbgkpr474o4l7g3i9c; backup_path=/www/backup; vcodesum=12; serverType=nginx',
  'accept-language' => 'zh-CN,zh;q=0.9,en;q=0.8',
  'accept-encoding' => 'gzip, deflate',
  'accept' => 'text/html,application/xhtml+xml,application/xml;q=0.9,image/webp,image/apng,*/*;q=0.8',
  'user-agent' => 'Mozilla/5.0 (Windows NT 10.0; Win64; x64) AppleWebKit/537.36 (KHTML, like Gecko) Chrome/71.0.3578.98 Safari/537.36',
  'upgrade-insecure-requests' => '1',
  'cache-control' => 'max-age=0',
  'connection' => 'keep-alive',
  'host' => '192.168.3.102',
  'content-type' => '',
  'content-length' => '',
)
[ info ] [ PARAM ] array (
)
[ info ] [ DB ] INIT mysql
[ sql ] [ DB ] CONNECT:[ UseTime:0.001390s ] mysql:host=192.168.3.47;port=3306;dbname=qq;charset=utf8
[ sql ] [ SQL ] SHOW COLUMNS FROM `qq_member` [ RunTime:0.017427s ]
[ sql ] [ SQL ] SELECT `id`,`username`,`password`,`gameid`,`nickname`,`group_root`,`group_servertime`,`translate`,`headimgurl` FROM `qq_member` WHERE (  `username` IS NULL ) AND `qq_member`.`deletetime` IS NULL LIMIT 1 [ RunTime:0.000730s ]
---------------------------------------------------------------
[ 2019-01-21T11:51:09+08:00 ] 192.168.3.47 GET 192.168.3.102/login
[运行时间：0.063445s] [吞吐率：15.76req/s] [内存消耗：3,522.14kb] [文件加载：88]
[ info ] [ LANG ] /www/wwwroot/tete/thinkphp/lang/zh-cn.php
[ info ] [ ROUTE ] array (
  'rule' => 'login',
  'route' => 'index/Open/login',
  'option' => 
  array (
    'merge_rule_regex' => false,
    'cross_domain' => true,
    'header' => 
    array (
      'Access-Control-Allow-Origin' => '*',
      'Access-Control-Allow-Methods' => 'GET, POST, PATCH, PUT, DELETE',
      'Access-Control-Allow-Headers' => 'Authorization, Content-Type, If-Match, If-Modified-Since, If-None-Match, If-Unmodified-Since, X-Requested-With',
    ),
  ),
  'var' => 
  array (
  ),
)
[ info ] [ HEADER ] array (
  'cookie' => 'order=id%20desc; memSize=974; uploadSize=1073741824; force=0; sites_path=/www/wwwroot; BatchSelected=null; rank=a; p5=2; BatchPaste=1; Path=/www/wwwroot/tete/runtime/log/201901; softType=0; p0=1; BT_PANEL_6=ddd3c8a0-50f0-4e8a-bfea-6e62e36c36e0.hVBW0jL4VyRoZX3tqtFskxV3A5g; request_token=43951abc8539be808a2a13638b1461d4; PHPSESSID=nnfee4d6fbgkpr474o4l7g3i9c; backup_path=/www/backup; vcodesum=12; serverType=nginx',
  'accept-language' => 'zh-CN,zh;q=0.9,en;q=0.8',
  'accept-encoding' => 'gzip, deflate',
  'accept' => 'text/html,application/xhtml+xml,application/xml;q=0.9,image/webp,image/apng,*/*;q=0.8',
  'user-agent' => 'Mozilla/5.0 (Windows NT 10.0; Win64; x64) AppleWebKit/537.36 (KHTML, like Gecko) Chrome/71.0.3578.98 Safari/537.36',
  'upgrade-insecure-requests' => '1',
  'cache-control' => 'max-age=0',
  'connection' => 'keep-alive',
  'host' => '192.168.3.102',
  'content-type' => '',
  'content-length' => '',
)
[ info ] [ PARAM ] array (
)
[ info ] [ DB ] INIT mysql
[ sql ] [ DB ] CONNECT:[ UseTime:0.002224s ] mysql:host=192.168.3.47;port=3306;dbname=qq;charset=utf8
[ sql ] [ SQL ] SHOW COLUMNS FROM `qq_member` [ RunTime:0.018245s ]
[ sql ] [ SQL ] SELECT `id`,`username`,`password`,`gameid`,`nickname`,`group_root`,`group_servertime`,`translate`,`headimgurl` FROM `qq_member` WHERE (  `username` IS NULL ) AND `qq_member`.`deletetime` IS NULL LIMIT 1 [ RunTime:0.000836s ]
---------------------------------------------------------------
[ 2019-01-21T11:51:10+08:00 ] 192.168.3.47 GET 192.168.3.102/login
[运行时间：0.051407s] [吞吐率：19.45req/s] [内存消耗：3,522.14kb] [文件加载：88]
[ info ] [ LANG ] /www/wwwroot/tete/thinkphp/lang/zh-cn.php
[ info ] [ ROUTE ] array (
  'rule' => 'login',
  'route' => 'index/Open/login',
  'option' => 
  array (
    'merge_rule_regex' => false,
    'cross_domain' => true,
    'header' => 
    array (
      'Access-Control-Allow-Origin' => '*',
      'Access-Control-Allow-Methods' => 'GET, POST, PATCH, PUT, DELETE',
      'Access-Control-Allow-Headers' => 'Authorization, Content-Type, If-Match, If-Modified-Since, If-None-Match, If-Unmodified-Since, X-Requested-With',
    ),
  ),
  'var' => 
  array (
  ),
)
[ info ] [ HEADER ] array (
  'cookie' => 'order=id%20desc; memSize=974; uploadSize=1073741824; force=0; sites_path=/www/wwwroot; BatchSelected=null; rank=a; p5=2; BatchPaste=1; Path=/www/wwwroot/tete/runtime/log/201901; softType=0; p0=1; BT_PANEL_6=ddd3c8a0-50f0-4e8a-bfea-6e62e36c36e0.hVBW0jL4VyRoZX3tqtFskxV3A5g; request_token=43951abc8539be808a2a13638b1461d4; PHPSESSID=nnfee4d6fbgkpr474o4l7g3i9c; backup_path=/www/backup; vcodesum=12; serverType=nginx',
  'accept-language' => 'zh-CN,zh;q=0.9,en;q=0.8',
  'accept-encoding' => 'gzip, deflate',
  'accept' => 'text/html,application/xhtml+xml,application/xml;q=0.9,image/webp,image/apng,*/*;q=0.8',
  'user-agent' => 'Mozilla/5.0 (Windows NT 10.0; Win64; x64) AppleWebKit/537.36 (KHTML, like Gecko) Chrome/71.0.3578.98 Safari/537.36',
  'upgrade-insecure-requests' => '1',
  'cache-control' => 'max-age=0',
  'connection' => 'keep-alive',
  'host' => '192.168.3.102',
  'content-type' => '',
  'content-length' => '',
)
[ info ] [ PARAM ] array (
)
[ info ] [ DB ] INIT mysql
[ sql ] [ DB ] CONNECT:[ UseTime:0.001305s ] mysql:host=192.168.3.47;port=3306;dbname=qq;charset=utf8
[ sql ] [ SQL ] SHOW COLUMNS FROM `qq_member` [ RunTime:0.017202s ]
[ sql ] [ SQL ] SELECT `id`,`username`,`password`,`gameid`,`nickname`,`group_root`,`group_servertime`,`translate`,`headimgurl` FROM `qq_member` WHERE (  `username` IS NULL ) AND `qq_member`.`deletetime` IS NULL LIMIT 1 [ RunTime:0.002414s ]
---------------------------------------------------------------
[ 2019-01-21T11:51:10+08:00 ] 192.168.3.47 GET 192.168.3.102/login
[运行时间：0.077022s] [吞吐率：12.98req/s] [内存消耗：3,522.14kb] [文件加载：88]
[ info ] [ LANG ] /www/wwwroot/tete/thinkphp/lang/zh-cn.php
[ info ] [ ROUTE ] array (
  'rule' => 'login',
  'route' => 'index/Open/login',
  'option' => 
  array (
    'merge_rule_regex' => false,
    'cross_domain' => true,
    'header' => 
    array (
      'Access-Control-Allow-Origin' => '*',
      'Access-Control-Allow-Methods' => 'GET, POST, PATCH, PUT, DELETE',
      'Access-Control-Allow-Headers' => 'Authorization, Content-Type, If-Match, If-Modified-Since, If-None-Match, If-Unmodified-Since, X-Requested-With',
    ),
  ),
  'var' => 
  array (
  ),
)
[ info ] [ HEADER ] array (
  'cookie' => 'order=id%20desc; memSize=974; uploadSize=1073741824; force=0; sites_path=/www/wwwroot; BatchSelected=null; rank=a; p5=2; BatchPaste=1; Path=/www/wwwroot/tete/runtime/log/201901; softType=0; p0=1; BT_PANEL_6=ddd3c8a0-50f0-4e8a-bfea-6e62e36c36e0.hVBW0jL4VyRoZX3tqtFskxV3A5g; request_token=43951abc8539be808a2a13638b1461d4; PHPSESSID=nnfee4d6fbgkpr474o4l7g3i9c; backup_path=/www/backup; vcodesum=12; serverType=nginx',
  'accept-language' => 'zh-CN,zh;q=0.9,en;q=0.8',
  'accept-encoding' => 'gzip, deflate',
  'accept' => 'text/html,application/xhtml+xml,application/xml;q=0.9,image/webp,image/apng,*/*;q=0.8',
  'user-agent' => 'Mozilla/5.0 (Windows NT 10.0; Win64; x64) AppleWebKit/537.36 (KHTML, like Gecko) Chrome/71.0.3578.98 Safari/537.36',
  'upgrade-insecure-requests' => '1',
  'cache-control' => 'max-age=0',
  'connection' => 'keep-alive',
  'host' => '192.168.3.102',
  'content-type' => '',
  'content-length' => '',
)
[ info ] [ PARAM ] array (
)
[ info ] [ DB ] INIT mysql
[ sql ] [ DB ] CONNECT:[ UseTime:0.001639s ] mysql:host=192.168.3.47;port=3306;dbname=qq;charset=utf8
[ sql ] [ SQL ] SHOW COLUMNS FROM `qq_member` [ RunTime:0.030656s ]
[ sql ] [ SQL ] SELECT `id`,`username`,`password`,`gameid`,`nickname`,`group_root`,`group_servertime`,`translate`,`headimgurl` FROM `qq_member` WHERE (  `username` IS NULL ) AND `qq_member`.`deletetime` IS NULL LIMIT 1 [ RunTime:0.001391s ]
---------------------------------------------------------------
[ 2019-01-21T11:51:10+08:00 ] 192.168.3.47 GET 192.168.3.102/login
[运行时间：0.053953s] [吞吐率：18.53req/s] [内存消耗：3,522.14kb] [文件加载：88]
[ info ] [ LANG ] /www/wwwroot/tete/thinkphp/lang/zh-cn.php
[ info ] [ ROUTE ] array (
  'rule' => 'login',
  'route' => 'index/Open/login',
  'option' => 
  array (
    'merge_rule_regex' => false,
    'cross_domain' => true,
    'header' => 
    array (
      'Access-Control-Allow-Origin' => '*',
      'Access-Control-Allow-Methods' => 'GET, POST, PATCH, PUT, DELETE',
      'Access-Control-Allow-Headers' => 'Authorization, Content-Type, If-Match, If-Modified-Since, If-None-Match, If-Unmodified-Since, X-Requested-With',
    ),
  ),
  'var' => 
  array (
  ),
)
[ info ] [ HEADER ] array (
  'cookie' => 'order=id%20desc; memSize=974; uploadSize=1073741824; force=0; sites_path=/www/wwwroot; BatchSelected=null; rank=a; p5=2; BatchPaste=1; Path=/www/wwwroot/tete/runtime/log/201901; softType=0; p0=1; BT_PANEL_6=ddd3c8a0-50f0-4e8a-bfea-6e62e36c36e0.hVBW0jL4VyRoZX3tqtFskxV3A5g; request_token=43951abc8539be808a2a13638b1461d4; PHPSESSID=nnfee4d6fbgkpr474o4l7g3i9c; backup_path=/www/backup; vcodesum=12; serverType=nginx',
  'accept-language' => 'zh-CN,zh;q=0.9,en;q=0.8',
  'accept-encoding' => 'gzip, deflate',
  'accept' => 'text/html,application/xhtml+xml,application/xml;q=0.9,image/webp,image/apng,*/*;q=0.8',
  'user-agent' => 'Mozilla/5.0 (Windows NT 10.0; Win64; x64) AppleWebKit/537.36 (KHTML, like Gecko) Chrome/71.0.3578.98 Safari/537.36',
  'upgrade-insecure-requests' => '1',
  'cache-control' => 'max-age=0',
  'connection' => 'keep-alive',
  'host' => '192.168.3.102',
  'content-type' => '',
  'content-length' => '',
)
[ info ] [ PARAM ] array (
)
[ info ] [ DB ] INIT mysql
[ sql ] [ DB ] CONNECT:[ UseTime:0.001414s ] mysql:host=192.168.3.47;port=3306;dbname=qq;charset=utf8
[ sql ] [ SQL ] SHOW COLUMNS FROM `qq_member` [ RunTime:0.020107s ]
[ sql ] [ SQL ] SELECT `id`,`username`,`password`,`gameid`,`nickname`,`group_root`,`group_servertime`,`translate`,`headimgurl` FROM `qq_member` WHERE (  `username` IS NULL ) AND `qq_member`.`deletetime` IS NULL LIMIT 1 [ RunTime:0.000822s ]
---------------------------------------------------------------
[ 2019-01-21T11:51:12+08:00 ] 192.168.3.47 GET 192.168.3.102/login
[运行时间：0.186545s] [吞吐率：5.36req/s] [内存消耗：3,522.23kb] [文件加载：88]
[ info ] [ LANG ] /www/wwwroot/tete/thinkphp/lang/zh-cn.php
[ info ] [ ROUTE ] array (
  'rule' => 'login',
  'route' => 'index/Open/login',
  'option' => 
  array (
    'merge_rule_regex' => false,
    'cross_domain' => true,
    'header' => 
    array (
      'Access-Control-Allow-Origin' => '*',
      'Access-Control-Allow-Methods' => 'GET, POST, PATCH, PUT, DELETE',
      'Access-Control-Allow-Headers' => 'Authorization, Content-Type, If-Match, If-Modified-Since, If-None-Match, If-Unmodified-Since, X-Requested-With',
    ),
  ),
  'var' => 
  array (
  ),
)
[ info ] [ HEADER ] array (
  'cookie' => 'order=id%20desc; memSize=974; uploadSize=1073741824; force=0; sites_path=/www/wwwroot; BatchSelected=null; rank=a; p5=2; BatchPaste=1; Path=/www/wwwroot/tete/runtime/log/201901; softType=0; p0=1; BT_PANEL_6=ddd3c8a0-50f0-4e8a-bfea-6e62e36c36e0.hVBW0jL4VyRoZX3tqtFskxV3A5g; request_token=43951abc8539be808a2a13638b1461d4; PHPSESSID=nnfee4d6fbgkpr474o4l7g3i9c; backup_path=/www/backup; vcodesum=12; serverType=nginx',
  'accept-language' => 'zh-CN,zh;q=0.9,en;q=0.8',
  'accept-encoding' => 'gzip, deflate',
  'accept' => 'text/html,application/xhtml+xml,application/xml;q=0.9,image/webp,image/apng,*/*;q=0.8',
  'user-agent' => 'Mozilla/5.0 (Windows NT 10.0; Win64; x64) AppleWebKit/537.36 (KHTML, like Gecko) Chrome/71.0.3578.98 Safari/537.36',
  'upgrade-insecure-requests' => '1',
  'cache-control' => 'max-age=0',
  'connection' => 'keep-alive',
  'host' => '192.168.3.102',
  'content-type' => '',
  'content-length' => '',
)
[ info ] [ PARAM ] array (
)
[ info ] [ DB ] INIT mysql
[ sql ] [ DB ] CONNECT:[ UseTime:0.156462s ] mysql:host=192.168.3.102;port=3306;dbname=qq;charset=utf8
[ sql ] [ SQL ] SHOW COLUMNS FROM `qq_member` [ RunTime:0.000955s ]
[ sql ] [ SQL ] SELECT `id`,`username`,`password`,`gameid`,`nickname`,`group_root`,`group_servertime`,`translate`,`headimgurl` FROM `qq_member` WHERE (  `username` IS NULL ) AND `qq_member`.`deletetime` IS NULL LIMIT 1 [ RunTime:0.000343s ]
---------------------------------------------------------------
[ 2019-01-21T11:52:24+08:00 ] 127.0.0.1 POST www.tete.com/login
[运行时间：0.099516s] [吞吐率：10.05req/s] [内存消耗：1,835.57kb] [文件加载：67]
[ info ] [ LANG ] /www/wwwroot/tete/thinkphp/lang/zh-cn.php
---------------------------------------------------------------
[ 2019-01-21T11:52:24+08:00 ] 127.0.0.1 GET www.tete.com/login
[运行时间：0.033591s] [吞吐率：29.77req/s] [内存消耗：1,839.52kb] [文件加载：67]
[ info ] [ LANG ] /www/wwwroot/tete/thinkphp/lang/zh-cn.php
---------------------------------------------------------------
[ 2019-01-21T11:52:40+08:00 ] 127.0.0.1 GET www.tete.com/login
[运行时间：0.041905s] [吞吐率：23.86req/s] [内存消耗：3,521.61kb] [文件加载：88]
[ info ] [ LANG ] /www/wwwroot/tete/thinkphp/lang/zh-cn.php
[ info ] [ ROUTE ] array (
  'rule' => 'login',
  'route' => 'index/Open/login',
  'option' => 
  array (
    'merge_rule_regex' => false,
    'cross_domain' => true,
    'header' => 
    array (
      'Access-Control-Allow-Origin' => '*',
      'Access-Control-Allow-Methods' => 'GET, POST, PATCH, PUT, DELETE',
      'Access-Control-Allow-Headers' => 'Authorization, Content-Type, If-Match, If-Modified-Since, If-None-Match, If-Unmodified-Since, X-Requested-With',
    ),
  ),
  'var' => 
  array (
  ),
)
[ info ] [ HEADER ] array (
  'host' => 'www.tete.com',
  'connection' => 'close',
  'upgrade-insecure-requests' => '1',
  'user-agent' => 'Mozilla/5.0 (Windows NT 10.0; Win64; x64) AppleWebKit/537.36 (KHTML, like Gecko) Chrome/71.0.3578.98 Safari/537.36',
  'accept' => 'text/html,application/xhtml+xml,application/xml;q=0.9,image/webp,image/apng,*/*;q=0.8',
  'accept-encoding' => 'gzip, deflate, br',
  'accept-language' => 'zh-CN,zh;q=0.9,en;q=0.8',
  'cookie' => 'Hm_lvt_1dfa88d0c8571eef2d383070cb3e5ca1=1547101549',
  'x-forwarded-for' => '127.0.0.1',
  'x-forwarded-port' => '8080',
  'x-forwarded-proto' => 'http',
  'x-forwarded-host' => 'localhost:8080',
  'content-type' => '',
  'content-length' => '',
)
[ info ] [ PARAM ] array (
)
[ info ] [ DB ] INIT mysql
[ sql ] [ DB ] CONNECT:[ UseTime:0.000412s ] mysql:host=192.168.3.102;port=3306;dbname=qq;charset=utf8
[ sql ] [ SQL ] SHOW COLUMNS FROM `qq_member` [ RunTime:0.000969s ]
[ sql ] [ SQL ] SELECT `id`,`username`,`password`,`gameid`,`nickname`,`group_root`,`group_servertime`,`translate`,`headimgurl` FROM `qq_member` WHERE (  `username` IS NULL ) AND `qq_member`.`deletetime` IS NULL LIMIT 1 [ RunTime:0.000265s ]
---------------------------------------------------------------
[ 2019-01-21T11:53:02+08:00 ] 127.0.0.1 POST www.tete.com/login
[运行时间：0.035355s] [吞吐率：28.28req/s] [内存消耗：1,835.57kb] [文件加载：67]
[ info ] [ LANG ] /www/wwwroot/tete/thinkphp/lang/zh-cn.php
---------------------------------------------------------------
[ 2019-01-21T11:53:02+08:00 ] 127.0.0.1 GET www.tete.com/login
[运行时间：0.017053s] [吞吐率：58.64req/s] [内存消耗：1,839.52kb] [文件加载：67]
[ info ] [ LANG ] /www/wwwroot/tete/thinkphp/lang/zh-cn.php
---------------------------------------------------------------
[ 2019-01-21T11:53:04+08:00 ] 127.0.0.1 GET www.tete.com/login
[运行时间：0.042117s] [吞吐率：23.74req/s] [内存消耗：3,521.61kb] [文件加载：88]
[ info ] [ LANG ] /www/wwwroot/tete/thinkphp/lang/zh-cn.php
[ info ] [ ROUTE ] array (
  'rule' => 'login',
  'route' => 'index/Open/login',
  'option' => 
  array (
    'merge_rule_regex' => false,
    'cross_domain' => true,
    'header' => 
    array (
      'Access-Control-Allow-Origin' => '*',
      'Access-Control-Allow-Methods' => 'GET, POST, PATCH, PUT, DELETE',
      'Access-Control-Allow-Headers' => 'Authorization, Content-Type, If-Match, If-Modified-Since, If-None-Match, If-Unmodified-Since, X-Requested-With',
    ),
  ),
  'var' => 
  array (
  ),
)
[ info ] [ HEADER ] array (
  'host' => 'www.tete.com',
  'connection' => 'close',
  'upgrade-insecure-requests' => '1',
  'user-agent' => 'Mozilla/5.0 (Windows NT 10.0; Win64; x64) AppleWebKit/537.36 (KHTML, like Gecko) Chrome/71.0.3578.98 Safari/537.36',
  'accept' => 'text/html,application/xhtml+xml,application/xml;q=0.9,image/webp,image/apng,*/*;q=0.8',
  'accept-encoding' => 'gzip, deflate, br',
  'accept-language' => 'zh-CN,zh;q=0.9,en;q=0.8',
  'cookie' => 'Hm_lvt_1dfa88d0c8571eef2d383070cb3e5ca1=1547101549',
  'x-forwarded-for' => '127.0.0.1',
  'x-forwarded-port' => '8080',
  'x-forwarded-proto' => 'http',
  'x-forwarded-host' => 'localhost:8080',
  'content-type' => '',
  'content-length' => '',
)
[ info ] [ PARAM ] array (
)
[ info ] [ DB ] INIT mysql
[ sql ] [ DB ] CONNECT:[ UseTime:0.000457s ] mysql:host=192.168.3.102;port=3306;dbname=qq;charset=utf8
[ sql ] [ SQL ] SHOW COLUMNS FROM `qq_member` [ RunTime:0.001136s ]
[ sql ] [ SQL ] SELECT `id`,`username`,`password`,`gameid`,`nickname`,`group_root`,`group_servertime`,`translate`,`headimgurl` FROM `qq_member` WHERE (  `username` IS NULL ) AND `qq_member`.`deletetime` IS NULL LIMIT 1 [ RunTime:0.000385s ]
---------------------------------------------------------------
[ 2019-01-21T11:54:03+08:00 ] 127.0.0.1 GET www.tete.com/login
[运行时间：0.058191s] [吞吐率：17.18req/s] [内存消耗：3,521.77kb] [文件加载：88]
[ info ] [ LANG ] /www/wwwroot/tete/thinkphp/lang/zh-cn.php
[ info ] [ ROUTE ] array (
  'rule' => 'login',
  'route' => 'index/Open/login',
  'option' => 
  array (
    'merge_rule_regex' => false,
    'cross_domain' => true,
    'header' => 
    array (
      'Access-Control-Allow-Origin' => '*',
      'Access-Control-Allow-Methods' => 'GET, POST, PATCH, PUT, DELETE',
      'Access-Control-Allow-Headers' => 'Authorization, Content-Type, If-Match, If-Modified-Since, If-None-Match, If-Unmodified-Since, X-Requested-With',
    ),
  ),
  'var' => 
  array (
  ),
)
[ info ] [ HEADER ] array (
  'host' => 'www.tete.com',
  'connection' => 'close',
  'cache-control' => 'max-age=0',
  'upgrade-insecure-requests' => '1',
  'user-agent' => 'Mozilla/5.0 (Windows NT 10.0; Win64; x64) AppleWebKit/537.36 (KHTML, like Gecko) Chrome/71.0.3578.98 Safari/537.36',
  'accept' => 'text/html,application/xhtml+xml,application/xml;q=0.9,image/webp,image/apng,*/*;q=0.8',
  'accept-encoding' => 'gzip, deflate, br',
  'accept-language' => 'zh-CN,zh;q=0.9,en;q=0.8',
  'cookie' => 'Hm_lvt_1dfa88d0c8571eef2d383070cb3e5ca1=1547101549',
  'x-forwarded-for' => '127.0.0.1',
  'x-forwarded-port' => '8080',
  'x-forwarded-proto' => 'http',
  'x-forwarded-host' => 'localhost:8080',
  'content-type' => '',
  'content-length' => '',
)
[ info ] [ PARAM ] array (
)
[ info ] [ DB ] INIT mysql
[ sql ] [ DB ] CONNECT:[ UseTime:0.000336s ] mysql:host=192.168.3.102;port=3306;dbname=qq;charset=utf8
[ sql ] [ SQL ] SHOW COLUMNS FROM `qq_member` [ RunTime:0.000820s ]
[ sql ] [ SQL ] SELECT `id`,`username`,`password`,`gameid`,`nickname`,`group_root`,`group_servertime`,`translate`,`headimgurl` FROM `qq_member` WHERE (  `username` IS NULL ) AND `qq_member`.`deletetime` IS NULL LIMIT 1 [ RunTime:0.000249s ]
---------------------------------------------------------------
[ 2019-01-21T11:54:03+08:00 ] 127.0.0.1 GET www.tete.com/login
[运行时间：0.063785s] [吞吐率：15.68req/s] [内存消耗：3,521.77kb] [文件加载：88]
[ info ] [ LANG ] /www/wwwroot/tete/thinkphp/lang/zh-cn.php
[ info ] [ ROUTE ] array (
  'rule' => 'login',
  'route' => 'index/Open/login',
  'option' => 
  array (
    'merge_rule_regex' => false,
    'cross_domain' => true,
    'header' => 
    array (
      'Access-Control-Allow-Origin' => '*',
      'Access-Control-Allow-Methods' => 'GET, POST, PATCH, PUT, DELETE',
      'Access-Control-Allow-Headers' => 'Authorization, Content-Type, If-Match, If-Modified-Since, If-None-Match, If-Unmodified-Since, X-Requested-With',
    ),
  ),
  'var' => 
  array (
  ),
)
[ info ] [ HEADER ] array (
  'host' => 'www.tete.com',
  'connection' => 'close',
  'cache-control' => 'max-age=0',
  'upgrade-insecure-requests' => '1',
  'user-agent' => 'Mozilla/5.0 (Windows NT 10.0; Win64; x64) AppleWebKit/537.36 (KHTML, like Gecko) Chrome/71.0.3578.98 Safari/537.36',
  'accept' => 'text/html,application/xhtml+xml,application/xml;q=0.9,image/webp,image/apng,*/*;q=0.8',
  'accept-encoding' => 'gzip, deflate, br',
  'accept-language' => 'zh-CN,zh;q=0.9,en;q=0.8',
  'cookie' => 'Hm_lvt_1dfa88d0c8571eef2d383070cb3e5ca1=1547101549',
  'x-forwarded-for' => '127.0.0.1',
  'x-forwarded-port' => '8080',
  'x-forwarded-proto' => 'http',
  'x-forwarded-host' => 'localhost:8080',
  'content-type' => '',
  'content-length' => '',
)
[ info ] [ PARAM ] array (
)
[ info ] [ DB ] INIT mysql
[ sql ] [ DB ] CONNECT:[ UseTime:0.000639s ] mysql:host=192.168.3.102;port=3306;dbname=qq;charset=utf8
[ sql ] [ SQL ] SHOW COLUMNS FROM `qq_member` [ RunTime:0.001300s ]
[ sql ] [ SQL ] SELECT `id`,`username`,`password`,`gameid`,`nickname`,`group_root`,`group_servertime`,`translate`,`headimgurl` FROM `qq_member` WHERE (  `username` IS NULL ) AND `qq_member`.`deletetime` IS NULL LIMIT 1 [ RunTime:0.000397s ]
---------------------------------------------------------------
[ 2019-01-21T11:54:06+08:00 ] 127.0.0.1 POST www.tete.com/login
[运行时间：0.060003s] [吞吐率：16.67req/s] [内存消耗：1,835.57kb] [文件加载：67]
[ info ] [ LANG ] /www/wwwroot/tete/thinkphp/lang/zh-cn.php
---------------------------------------------------------------
[ 2019-01-21T11:54:06+08:00 ] 127.0.0.1 GET www.tete.com/login
[运行时间：0.018721s] [吞吐率：53.42req/s] [内存消耗：1,839.52kb] [文件加载：67]
[ info ] [ LANG ] /www/wwwroot/tete/thinkphp/lang/zh-cn.php
---------------------------------------------------------------
[ 2019-01-21T11:55:03+08:00 ] 127.0.0.1 POST www.tete.com/login
[运行时间：0.040438s] [吞吐率：24.73req/s] [内存消耗：1,835.57kb] [文件加载：67]
[ info ] [ LANG ] /www/wwwroot/tete/thinkphp/lang/zh-cn.php
---------------------------------------------------------------
[ 2019-01-21T11:55:03+08:00 ] 127.0.0.1 GET www.tete.com/login
[运行时间：0.022744s] [吞吐率：43.97req/s] [内存消耗：1,839.52kb] [文件加载：67]
[ info ] [ LANG ] /www/wwwroot/tete/thinkphp/lang/zh-cn.php
---------------------------------------------------------------
[ 2019-01-21T12:00:46+08:00 ] 192.168.3.47 GET 192.168.3.102/login
[运行时间：0.042017s] [吞吐率：23.80req/s] [内存消耗：3,522.23kb] [文件加载：88]
[ info ] [ LANG ] /www/wwwroot/tete/thinkphp/lang/zh-cn.php
[ info ] [ ROUTE ] array (
  'rule' => 'login',
  'route' => 'index/Open/login',
  'option' => 
  array (
    'merge_rule_regex' => false,
    'cross_domain' => true,
    'header' => 
    array (
      'Access-Control-Allow-Origin' => '*',
      'Access-Control-Allow-Methods' => 'GET, POST, PATCH, PUT, DELETE',
      'Access-Control-Allow-Headers' => 'Authorization, Content-Type, If-Match, If-Modified-Since, If-None-Match, If-Unmodified-Since, X-Requested-With',
    ),
  ),
  'var' => 
  array (
  ),
)
[ info ] [ HEADER ] array (
  'cookie' => 'order=id%20desc; memSize=974; uploadSize=1073741824; force=0; sites_path=/www/wwwroot; BatchSelected=null; rank=a; p5=2; BatchPaste=1; Path=/www/wwwroot/tete/runtime/log/201901; softType=0; p0=1; BT_PANEL_6=ddd3c8a0-50f0-4e8a-bfea-6e62e36c36e0.hVBW0jL4VyRoZX3tqtFskxV3A5g; request_token=43951abc8539be808a2a13638b1461d4; PHPSESSID=nnfee4d6fbgkpr474o4l7g3i9c; backup_path=/www/backup; vcodesum=12; serverType=nginx',
  'accept-language' => 'zh-CN,zh;q=0.9,en;q=0.8',
  'accept-encoding' => 'gzip, deflate',
  'accept' => 'text/html,application/xhtml+xml,application/xml;q=0.9,image/webp,image/apng,*/*;q=0.8',
  'user-agent' => 'Mozilla/5.0 (Windows NT 10.0; Win64; x64) AppleWebKit/537.36 (KHTML, like Gecko) Chrome/71.0.3578.98 Safari/537.36',
  'upgrade-insecure-requests' => '1',
  'cache-control' => 'max-age=0',
  'connection' => 'keep-alive',
  'host' => '192.168.3.102',
  'content-type' => '',
  'content-length' => '',
)
[ info ] [ PARAM ] array (
)
[ info ] [ DB ] INIT mysql
[ sql ] [ DB ] CONNECT:[ UseTime:0.000613s ] mysql:host=192.168.3.102;port=3306;dbname=qq;charset=utf8
[ sql ] [ SQL ] SHOW COLUMNS FROM `qq_member` [ RunTime:0.001846s ]
[ sql ] [ SQL ] SELECT `id`,`username`,`password`,`gameid`,`nickname`,`group_root`,`group_servertime`,`translate`,`headimgurl` FROM `qq_member` WHERE (  `username` IS NULL ) AND `qq_member`.`deletetime` IS NULL LIMIT 1 [ RunTime:0.000621s ]
---------------------------------------------------------------
[ 2019-01-21T12:00:46+08:00 ] 192.168.3.47 GET 192.168.3.102/login
[运行时间：0.039447s] [吞吐率：25.35req/s] [内存消耗：3,522.23kb] [文件加载：88]
[ info ] [ LANG ] /www/wwwroot/tete/thinkphp/lang/zh-cn.php
[ info ] [ ROUTE ] array (
  'rule' => 'login',
  'route' => 'index/Open/login',
  'option' => 
  array (
    'merge_rule_regex' => false,
    'cross_domain' => true,
    'header' => 
    array (
      'Access-Control-Allow-Origin' => '*',
      'Access-Control-Allow-Methods' => 'GET, POST, PATCH, PUT, DELETE',
      'Access-Control-Allow-Headers' => 'Authorization, Content-Type, If-Match, If-Modified-Since, If-None-Match, If-Unmodified-Since, X-Requested-With',
    ),
  ),
  'var' => 
  array (
  ),
)
[ info ] [ HEADER ] array (
  'cookie' => 'order=id%20desc; memSize=974; uploadSize=1073741824; force=0; sites_path=/www/wwwroot; BatchSelected=null; rank=a; p5=2; BatchPaste=1; Path=/www/wwwroot/tete/runtime/log/201901; softType=0; p0=1; BT_PANEL_6=ddd3c8a0-50f0-4e8a-bfea-6e62e36c36e0.hVBW0jL4VyRoZX3tqtFskxV3A5g; request_token=43951abc8539be808a2a13638b1461d4; PHPSESSID=nnfee4d6fbgkpr474o4l7g3i9c; backup_path=/www/backup; vcodesum=12; serverType=nginx',
  'accept-language' => 'zh-CN,zh;q=0.9,en;q=0.8',
  'accept-encoding' => 'gzip, deflate',
  'accept' => 'text/html,application/xhtml+xml,application/xml;q=0.9,image/webp,image/apng,*/*;q=0.8',
  'user-agent' => 'Mozilla/5.0 (Windows NT 10.0; Win64; x64) AppleWebKit/537.36 (KHTML, like Gecko) Chrome/71.0.3578.98 Safari/537.36',
  'upgrade-insecure-requests' => '1',
  'cache-control' => 'max-age=0',
  'connection' => 'keep-alive',
  'host' => '192.168.3.102',
  'content-type' => '',
  'content-length' => '',
)
[ info ] [ PARAM ] array (
)
[ info ] [ DB ] INIT mysql
[ sql ] [ DB ] CONNECT:[ UseTime:0.000326s ] mysql:host=192.168.3.102;port=3306;dbname=qq;charset=utf8
[ sql ] [ SQL ] SHOW COLUMNS FROM `qq_member` [ RunTime:0.000877s ]
[ sql ] [ SQL ] SELECT `id`,`username`,`password`,`gameid`,`nickname`,`group_root`,`group_servertime`,`translate`,`headimgurl` FROM `qq_member` WHERE (  `username` IS NULL ) AND `qq_member`.`deletetime` IS NULL LIMIT 1 [ RunTime:0.000252s ]
---------------------------------------------------------------
[ 2019-01-21T12:00:46+08:00 ] 192.168.3.47 GET 192.168.3.102/login
[运行时间：0.049844s] [吞吐率：20.06req/s] [内存消耗：3,522.23kb] [文件加载：88]
[ info ] [ LANG ] /www/wwwroot/tete/thinkphp/lang/zh-cn.php
[ info ] [ ROUTE ] array (
  'rule' => 'login',
  'route' => 'index/Open/login',
  'option' => 
  array (
    'merge_rule_regex' => false,
    'cross_domain' => true,
    'header' => 
    array (
      'Access-Control-Allow-Origin' => '*',
      'Access-Control-Allow-Methods' => 'GET, POST, PATCH, PUT, DELETE',
      'Access-Control-Allow-Headers' => 'Authorization, Content-Type, If-Match, If-Modified-Since, If-None-Match, If-Unmodified-Since, X-Requested-With',
    ),
  ),
  'var' => 
  array (
  ),
)
[ info ] [ HEADER ] array (
  'cookie' => 'order=id%20desc; memSize=974; uploadSize=1073741824; force=0; sites_path=/www/wwwroot; BatchSelected=null; rank=a; p5=2; BatchPaste=1; Path=/www/wwwroot/tete/runtime/log/201901; softType=0; p0=1; BT_PANEL_6=ddd3c8a0-50f0-4e8a-bfea-6e62e36c36e0.hVBW0jL4VyRoZX3tqtFskxV3A5g; request_token=43951abc8539be808a2a13638b1461d4; PHPSESSID=nnfee4d6fbgkpr474o4l7g3i9c; backup_path=/www/backup; vcodesum=12; serverType=nginx',
  'accept-language' => 'zh-CN,zh;q=0.9,en;q=0.8',
  'accept-encoding' => 'gzip, deflate',
  'accept' => 'text/html,application/xhtml+xml,application/xml;q=0.9,image/webp,image/apng,*/*;q=0.8',
  'user-agent' => 'Mozilla/5.0 (Windows NT 10.0; Win64; x64) AppleWebKit/537.36 (KHTML, like Gecko) Chrome/71.0.3578.98 Safari/537.36',
  'upgrade-insecure-requests' => '1',
  'cache-control' => 'max-age=0',
  'connection' => 'keep-alive',
  'host' => '192.168.3.102',
  'content-type' => '',
  'content-length' => '',
)
[ info ] [ PARAM ] array (
)
[ info ] [ DB ] INIT mysql
[ sql ] [ DB ] CONNECT:[ UseTime:0.000568s ] mysql:host=192.168.3.102;port=3306;dbname=qq;charset=utf8
[ sql ] [ SQL ] SHOW COLUMNS FROM `qq_member` [ RunTime:0.000852s ]
[ sql ] [ SQL ] SELECT `id`,`username`,`password`,`gameid`,`nickname`,`group_root`,`group_servertime`,`translate`,`headimgurl` FROM `qq_member` WHERE (  `username` IS NULL ) AND `qq_member`.`deletetime` IS NULL LIMIT 1 [ RunTime:0.000257s ]
---------------------------------------------------------------
[ 2019-01-21T12:00:47+08:00 ] 192.168.3.47 GET 192.168.3.102/login
[运行时间：0.031112s] [吞吐率：32.14req/s] [内存消耗：3,522.23kb] [文件加载：88]
[ info ] [ LANG ] /www/wwwroot/tete/thinkphp/lang/zh-cn.php
[ info ] [ ROUTE ] array (
  'rule' => 'login',
  'route' => 'index/Open/login',
  'option' => 
  array (
    'merge_rule_regex' => false,
    'cross_domain' => true,
    'header' => 
    array (
      'Access-Control-Allow-Origin' => '*',
      'Access-Control-Allow-Methods' => 'GET, POST, PATCH, PUT, DELETE',
      'Access-Control-Allow-Headers' => 'Authorization, Content-Type, If-Match, If-Modified-Since, If-None-Match, If-Unmodified-Since, X-Requested-With',
    ),
  ),
  'var' => 
  array (
  ),
)
[ info ] [ HEADER ] array (
  'cookie' => 'order=id%20desc; memSize=974; uploadSize=1073741824; force=0; sites_path=/www/wwwroot; BatchSelected=null; rank=a; p5=2; BatchPaste=1; Path=/www/wwwroot/tete/runtime/log/201901; softType=0; p0=1; BT_PANEL_6=ddd3c8a0-50f0-4e8a-bfea-6e62e36c36e0.hVBW0jL4VyRoZX3tqtFskxV3A5g; request_token=43951abc8539be808a2a13638b1461d4; PHPSESSID=nnfee4d6fbgkpr474o4l7g3i9c; backup_path=/www/backup; vcodesum=12; serverType=nginx',
  'accept-language' => 'zh-CN,zh;q=0.9,en;q=0.8',
  'accept-encoding' => 'gzip, deflate',
  'accept' => 'text/html,application/xhtml+xml,application/xml;q=0.9,image/webp,image/apng,*/*;q=0.8',
  'user-agent' => 'Mozilla/5.0 (Windows NT 10.0; Win64; x64) AppleWebKit/537.36 (KHTML, like Gecko) Chrome/71.0.3578.98 Safari/537.36',
  'upgrade-insecure-requests' => '1',
  'cache-control' => 'max-age=0',
  'connection' => 'keep-alive',
  'host' => '192.168.3.102',
  'content-type' => '',
  'content-length' => '',
)
[ info ] [ PARAM ] array (
)
[ info ] [ DB ] INIT mysql
[ sql ] [ DB ] CONNECT:[ UseTime:0.000396s ] mysql:host=192.168.3.102;port=3306;dbname=qq;charset=utf8
[ sql ] [ SQL ] SHOW COLUMNS FROM `qq_member` [ RunTime:0.000783s ]
[ sql ] [ SQL ] SELECT `id`,`username`,`password`,`gameid`,`nickname`,`group_root`,`group_servertime`,`translate`,`headimgurl` FROM `qq_member` WHERE (  `username` IS NULL ) AND `qq_member`.`deletetime` IS NULL LIMIT 1 [ RunTime:0.000296s ]
---------------------------------------------------------------
[ 2019-01-21T12:00:47+08:00 ] 192.168.3.47 GET 192.168.3.102/login
[运行时间：0.055122s] [吞吐率：18.14req/s] [内存消耗：3,522.23kb] [文件加载：88]
[ info ] [ LANG ] /www/wwwroot/tete/thinkphp/lang/zh-cn.php
[ info ] [ ROUTE ] array (
  'rule' => 'login',
  'route' => 'index/Open/login',
  'option' => 
  array (
    'merge_rule_regex' => false,
    'cross_domain' => true,
    'header' => 
    array (
      'Access-Control-Allow-Origin' => '*',
      'Access-Control-Allow-Methods' => 'GET, POST, PATCH, PUT, DELETE',
      'Access-Control-Allow-Headers' => 'Authorization, Content-Type, If-Match, If-Modified-Since, If-None-Match, If-Unmodified-Since, X-Requested-With',
    ),
  ),
  'var' => 
  array (
  ),
)
[ info ] [ HEADER ] array (
  'cookie' => 'order=id%20desc; memSize=974; uploadSize=1073741824; force=0; sites_path=/www/wwwroot; BatchSelected=null; rank=a; p5=2; BatchPaste=1; Path=/www/wwwroot/tete/runtime/log/201901; softType=0; p0=1; BT_PANEL_6=ddd3c8a0-50f0-4e8a-bfea-6e62e36c36e0.hVBW0jL4VyRoZX3tqtFskxV3A5g; request_token=43951abc8539be808a2a13638b1461d4; PHPSESSID=nnfee4d6fbgkpr474o4l7g3i9c; backup_path=/www/backup; vcodesum=12; serverType=nginx',
  'accept-language' => 'zh-CN,zh;q=0.9,en;q=0.8',
  'accept-encoding' => 'gzip, deflate',
  'accept' => 'text/html,application/xhtml+xml,application/xml;q=0.9,image/webp,image/apng,*/*;q=0.8',
  'user-agent' => 'Mozilla/5.0 (Windows NT 10.0; Win64; x64) AppleWebKit/537.36 (KHTML, like Gecko) Chrome/71.0.3578.98 Safari/537.36',
  'upgrade-insecure-requests' => '1',
  'cache-control' => 'max-age=0',
  'connection' => 'keep-alive',
  'host' => '192.168.3.102',
  'content-type' => '',
  'content-length' => '',
)
[ info ] [ PARAM ] array (
)
[ info ] [ DB ] INIT mysql
[ sql ] [ DB ] CONNECT:[ UseTime:0.000424s ] mysql:host=192.168.3.102;port=3306;dbname=qq;charset=utf8
[ sql ] [ SQL ] SHOW COLUMNS FROM `qq_member` [ RunTime:0.001284s ]
[ sql ] [ SQL ] SELECT `id`,`username`,`password`,`gameid`,`nickname`,`group_root`,`group_servertime`,`translate`,`headimgurl` FROM `qq_member` WHERE (  `username` IS NULL ) AND `qq_member`.`deletetime` IS NULL LIMIT 1 [ RunTime:0.000342s ]
---------------------------------------------------------------
[ 2019-01-21T12:00:47+08:00 ] 192.168.3.47 GET 192.168.3.102/login
[运行时间：0.046756s] [吞吐率：21.39req/s] [内存消耗：3,522.23kb] [文件加载：88]
[ info ] [ LANG ] /www/wwwroot/tete/thinkphp/lang/zh-cn.php
[ info ] [ ROUTE ] array (
  'rule' => 'login',
  'route' => 'index/Open/login',
  'option' => 
  array (
    'merge_rule_regex' => false,
    'cross_domain' => true,
    'header' => 
    array (
      'Access-Control-Allow-Origin' => '*',
      'Access-Control-Allow-Methods' => 'GET, POST, PATCH, PUT, DELETE',
      'Access-Control-Allow-Headers' => 'Authorization, Content-Type, If-Match, If-Modified-Since, If-None-Match, If-Unmodified-Since, X-Requested-With',
    ),
  ),
  'var' => 
  array (
  ),
)
[ info ] [ HEADER ] array (
  'cookie' => 'order=id%20desc; memSize=974; uploadSize=1073741824; force=0; sites_path=/www/wwwroot; BatchSelected=null; rank=a; p5=2; BatchPaste=1; Path=/www/wwwroot/tete/runtime/log/201901; softType=0; p0=1; BT_PANEL_6=ddd3c8a0-50f0-4e8a-bfea-6e62e36c36e0.hVBW0jL4VyRoZX3tqtFskxV3A5g; request_token=43951abc8539be808a2a13638b1461d4; PHPSESSID=nnfee4d6fbgkpr474o4l7g3i9c; backup_path=/www/backup; vcodesum=12; serverType=nginx',
  'accept-language' => 'zh-CN,zh;q=0.9,en;q=0.8',
  'accept-encoding' => 'gzip, deflate',
  'accept' => 'text/html,application/xhtml+xml,application/xml;q=0.9,image/webp,image/apng,*/*;q=0.8',
  'user-agent' => 'Mozilla/5.0 (Windows NT 10.0; Win64; x64) AppleWebKit/537.36 (KHTML, like Gecko) Chrome/71.0.3578.98 Safari/537.36',
  'upgrade-insecure-requests' => '1',
  'cache-control' => 'max-age=0',
  'connection' => 'keep-alive',
  'host' => '192.168.3.102',
  'content-type' => '',
  'content-length' => '',
)
[ info ] [ PARAM ] array (
)
[ info ] [ DB ] INIT mysql
[ sql ] [ DB ] CONNECT:[ UseTime:0.000386s ] mysql:host=192.168.3.102;port=3306;dbname=qq;charset=utf8
[ sql ] [ SQL ] SHOW COLUMNS FROM `qq_member` [ RunTime:0.003114s ]
[ sql ] [ SQL ] SELECT `id`,`username`,`password`,`gameid`,`nickname`,`group_root`,`group_servertime`,`translate`,`headimgurl` FROM `qq_member` WHERE (  `username` IS NULL ) AND `qq_member`.`deletetime` IS NULL LIMIT 1 [ RunTime:0.000464s ]
---------------------------------------------------------------
[ 2019-01-21T12:00:48+08:00 ] 192.168.3.47 GET 192.168.3.102/login
[运行时间：0.052317s] [吞吐率：19.11req/s] [内存消耗：3,522.23kb] [文件加载：88]
[ info ] [ LANG ] /www/wwwroot/tete/thinkphp/lang/zh-cn.php
[ info ] [ ROUTE ] array (
  'rule' => 'login',
  'route' => 'index/Open/login',
  'option' => 
  array (
    'merge_rule_regex' => false,
    'cross_domain' => true,
    'header' => 
    array (
      'Access-Control-Allow-Origin' => '*',
      'Access-Control-Allow-Methods' => 'GET, POST, PATCH, PUT, DELETE',
      'Access-Control-Allow-Headers' => 'Authorization, Content-Type, If-Match, If-Modified-Since, If-None-Match, If-Unmodified-Since, X-Requested-With',
    ),
  ),
  'var' => 
  array (
  ),
)
[ info ] [ HEADER ] array (
  'cookie' => 'order=id%20desc; memSize=974; uploadSize=1073741824; force=0; sites_path=/www/wwwroot; BatchSelected=null; rank=a; p5=2; BatchPaste=1; Path=/www/wwwroot/tete/runtime/log/201901; softType=0; p0=1; BT_PANEL_6=ddd3c8a0-50f0-4e8a-bfea-6e62e36c36e0.hVBW0jL4VyRoZX3tqtFskxV3A5g; request_token=43951abc8539be808a2a13638b1461d4; PHPSESSID=nnfee4d6fbgkpr474o4l7g3i9c; backup_path=/www/backup; vcodesum=12; serverType=nginx',
  'accept-language' => 'zh-CN,zh;q=0.9,en;q=0.8',
  'accept-encoding' => 'gzip, deflate',
  'accept' => 'text/html,application/xhtml+xml,application/xml;q=0.9,image/webp,image/apng,*/*;q=0.8',
  'user-agent' => 'Mozilla/5.0 (Windows NT 10.0; Win64; x64) AppleWebKit/537.36 (KHTML, like Gecko) Chrome/71.0.3578.98 Safari/537.36',
  'upgrade-insecure-requests' => '1',
  'cache-control' => 'max-age=0',
  'connection' => 'keep-alive',
  'host' => '192.168.3.102',
  'content-type' => '',
  'content-length' => '',
)
[ info ] [ PARAM ] array (
)
[ info ] [ DB ] INIT mysql
[ sql ] [ DB ] CONNECT:[ UseTime:0.000607s ] mysql:host=192.168.3.102;port=3306;dbname=qq;charset=utf8
[ sql ] [ SQL ] SHOW COLUMNS FROM `qq_member` [ RunTime:0.001114s ]
[ sql ] [ SQL ] SELECT `id`,`username`,`password`,`gameid`,`nickname`,`group_root`,`group_servertime`,`translate`,`headimgurl` FROM `qq_member` WHERE (  `username` IS NULL ) AND `qq_member`.`deletetime` IS NULL LIMIT 1 [ RunTime:0.000254s ]
---------------------------------------------------------------
[ 2019-01-21T12:05:15+08:00 ] 192.168.3.47 GET 192.168.3.102/login
[运行时间：0.032791s] [吞吐率：30.50req/s] [内存消耗：3,522.23kb] [文件加载：88]
[ info ] [ LANG ] /www/wwwroot/tete/thinkphp/lang/zh-cn.php
[ info ] [ ROUTE ] array (
  'rule' => 'login',
  'route' => 'index/Open/login',
  'option' => 
  array (
    'merge_rule_regex' => false,
    'cross_domain' => true,
    'header' => 
    array (
      'Access-Control-Allow-Origin' => '*',
      'Access-Control-Allow-Methods' => 'GET, POST, PATCH, PUT, DELETE',
      'Access-Control-Allow-Headers' => 'Authorization, Content-Type, If-Match, If-Modified-Since, If-None-Match, If-Unmodified-Since, X-Requested-With',
    ),
  ),
  'var' => 
  array (
  ),
)
[ info ] [ HEADER ] array (
  'cookie' => 'order=id%20desc; memSize=974; uploadSize=1073741824; force=0; sites_path=/www/wwwroot; BatchSelected=null; rank=a; p5=2; BatchPaste=1; Path=/www/wwwroot/tete/runtime/log/201901; softType=0; p0=1; BT_PANEL_6=ddd3c8a0-50f0-4e8a-bfea-6e62e36c36e0.hVBW0jL4VyRoZX3tqtFskxV3A5g; request_token=43951abc8539be808a2a13638b1461d4; PHPSESSID=nnfee4d6fbgkpr474o4l7g3i9c; backup_path=/www/backup; vcodesum=12; serverType=nginx',
  'accept-language' => 'zh-CN,zh;q=0.9,en;q=0.8',
  'accept-encoding' => 'gzip, deflate',
  'accept' => 'text/html,application/xhtml+xml,application/xml;q=0.9,image/webp,image/apng,*/*;q=0.8',
  'user-agent' => 'Mozilla/5.0 (Windows NT 10.0; Win64; x64) AppleWebKit/537.36 (KHTML, like Gecko) Chrome/71.0.3578.98 Safari/537.36',
  'upgrade-insecure-requests' => '1',
  'cache-control' => 'max-age=0',
  'connection' => 'keep-alive',
  'host' => '192.168.3.102',
  'content-type' => '',
  'content-length' => '',
)
[ info ] [ PARAM ] array (
)
[ info ] [ DB ] INIT mysql
[ sql ] [ DB ] CONNECT:[ UseTime:0.000396s ] mysql:host=192.168.3.102;port=3306;dbname=qq;charset=utf8
[ sql ] [ SQL ] SHOW COLUMNS FROM `qq_member` [ RunTime:0.000913s ]
[ sql ] [ SQL ] SELECT `id`,`username`,`password`,`gameid`,`nickname`,`group_root`,`group_servertime`,`translate`,`headimgurl` FROM `qq_member` WHERE (  `username` IS NULL ) AND `qq_member`.`deletetime` IS NULL LIMIT 1 [ RunTime:0.000352s ]
---------------------------------------------------------------
[ 2019-01-21T12:05:15+08:00 ] 192.168.3.47 GET 192.168.3.102/login
[运行时间：0.043289s] [吞吐率：23.10req/s] [内存消耗：3,522.23kb] [文件加载：88]
[ info ] [ LANG ] /www/wwwroot/tete/thinkphp/lang/zh-cn.php
[ info ] [ ROUTE ] array (
  'rule' => 'login',
  'route' => 'index/Open/login',
  'option' => 
  array (
    'merge_rule_regex' => false,
    'cross_domain' => true,
    'header' => 
    array (
      'Access-Control-Allow-Origin' => '*',
      'Access-Control-Allow-Methods' => 'GET, POST, PATCH, PUT, DELETE',
      'Access-Control-Allow-Headers' => 'Authorization, Content-Type, If-Match, If-Modified-Since, If-None-Match, If-Unmodified-Since, X-Requested-With',
    ),
  ),
  'var' => 
  array (
  ),
)
[ info ] [ HEADER ] array (
  'cookie' => 'order=id%20desc; memSize=974; uploadSize=1073741824; force=0; sites_path=/www/wwwroot; BatchSelected=null; rank=a; p5=2; BatchPaste=1; Path=/www/wwwroot/tete/runtime/log/201901; softType=0; p0=1; BT_PANEL_6=ddd3c8a0-50f0-4e8a-bfea-6e62e36c36e0.hVBW0jL4VyRoZX3tqtFskxV3A5g; request_token=43951abc8539be808a2a13638b1461d4; PHPSESSID=nnfee4d6fbgkpr474o4l7g3i9c; backup_path=/www/backup; vcodesum=12; serverType=nginx',
  'accept-language' => 'zh-CN,zh;q=0.9,en;q=0.8',
  'accept-encoding' => 'gzip, deflate',
  'accept' => 'text/html,application/xhtml+xml,application/xml;q=0.9,image/webp,image/apng,*/*;q=0.8',
  'user-agent' => 'Mozilla/5.0 (Windows NT 10.0; Win64; x64) AppleWebKit/537.36 (KHTML, like Gecko) Chrome/71.0.3578.98 Safari/537.36',
  'upgrade-insecure-requests' => '1',
  'cache-control' => 'max-age=0',
  'connection' => 'keep-alive',
  'host' => '192.168.3.102',
  'content-type' => '',
  'content-length' => '',
)
[ info ] [ PARAM ] array (
)
[ info ] [ DB ] INIT mysql
[ sql ] [ DB ] CONNECT:[ UseTime:0.000349s ] mysql:host=192.168.3.102;port=3306;dbname=qq;charset=utf8
[ sql ] [ SQL ] SHOW COLUMNS FROM `qq_member` [ RunTime:0.000877s ]
[ sql ] [ SQL ] SELECT `id`,`username`,`password`,`gameid`,`nickname`,`group_root`,`group_servertime`,`translate`,`headimgurl` FROM `qq_member` WHERE (  `username` IS NULL ) AND `qq_member`.`deletetime` IS NULL LIMIT 1 [ RunTime:0.000250s ]
---------------------------------------------------------------
[ 2019-01-21T12:05:15+08:00 ] 192.168.3.47 GET 192.168.3.102/login
[运行时间：0.031533s] [吞吐率：31.71req/s] [内存消耗：3,522.23kb] [文件加载：88]
[ info ] [ LANG ] /www/wwwroot/tete/thinkphp/lang/zh-cn.php
[ info ] [ ROUTE ] array (
  'rule' => 'login',
  'route' => 'index/Open/login',
  'option' => 
  array (
    'merge_rule_regex' => false,
    'cross_domain' => true,
    'header' => 
    array (
      'Access-Control-Allow-Origin' => '*',
      'Access-Control-Allow-Methods' => 'GET, POST, PATCH, PUT, DELETE',
      'Access-Control-Allow-Headers' => 'Authorization, Content-Type, If-Match, If-Modified-Since, If-None-Match, If-Unmodified-Since, X-Requested-With',
    ),
  ),
  'var' => 
  array (
  ),
)
[ info ] [ HEADER ] array (
  'cookie' => 'order=id%20desc; memSize=974; uploadSize=1073741824; force=0; sites_path=/www/wwwroot; BatchSelected=null; rank=a; p5=2; BatchPaste=1; Path=/www/wwwroot/tete/runtime/log/201901; softType=0; p0=1; BT_PANEL_6=ddd3c8a0-50f0-4e8a-bfea-6e62e36c36e0.hVBW0jL4VyRoZX3tqtFskxV3A5g; request_token=43951abc8539be808a2a13638b1461d4; PHPSESSID=nnfee4d6fbgkpr474o4l7g3i9c; backup_path=/www/backup; vcodesum=12; serverType=nginx',
  'accept-language' => 'zh-CN,zh;q=0.9,en;q=0.8',
  'accept-encoding' => 'gzip, deflate',
  'accept' => 'text/html,application/xhtml+xml,application/xml;q=0.9,image/webp,image/apng,*/*;q=0.8',
  'user-agent' => 'Mozilla/5.0 (Windows NT 10.0; Win64; x64) AppleWebKit/537.36 (KHTML, like Gecko) Chrome/71.0.3578.98 Safari/537.36',
  'upgrade-insecure-requests' => '1',
  'cache-control' => 'max-age=0',
  'connection' => 'keep-alive',
  'host' => '192.168.3.102',
  'content-type' => '',
  'content-length' => '',
)
[ info ] [ PARAM ] array (
)
[ info ] [ DB ] INIT mysql
[ sql ] [ DB ] CONNECT:[ UseTime:0.000629s ] mysql:host=192.168.3.102;port=3306;dbname=qq;charset=utf8
[ sql ] [ SQL ] SHOW COLUMNS FROM `qq_member` [ RunTime:0.001020s ]
[ sql ] [ SQL ] SELECT `id`,`username`,`password`,`gameid`,`nickname`,`group_root`,`group_servertime`,`translate`,`headimgurl` FROM `qq_member` WHERE (  `username` IS NULL ) AND `qq_member`.`deletetime` IS NULL LIMIT 1 [ RunTime:0.000249s ]
---------------------------------------------------------------
[ 2019-01-21T12:05:16+08:00 ] 192.168.3.47 GET 192.168.3.102/login
[运行时间：0.054624s] [吞吐率：18.31req/s] [内存消耗：3,522.23kb] [文件加载：88]
[ info ] [ LANG ] /www/wwwroot/tete/thinkphp/lang/zh-cn.php
[ info ] [ ROUTE ] array (
  'rule' => 'login',
  'route' => 'index/Open/login',
  'option' => 
  array (
    'merge_rule_regex' => false,
    'cross_domain' => true,
    'header' => 
    array (
      'Access-Control-Allow-Origin' => '*',
      'Access-Control-Allow-Methods' => 'GET, POST, PATCH, PUT, DELETE',
      'Access-Control-Allow-Headers' => 'Authorization, Content-Type, If-Match, If-Modified-Since, If-None-Match, If-Unmodified-Since, X-Requested-With',
    ),
  ),
  'var' => 
  array (
  ),
)
[ info ] [ HEADER ] array (
  'cookie' => 'order=id%20desc; memSize=974; uploadSize=1073741824; force=0; sites_path=/www/wwwroot; BatchSelected=null; rank=a; p5=2; BatchPaste=1; Path=/www/wwwroot/tete/runtime/log/201901; softType=0; p0=1; BT_PANEL_6=ddd3c8a0-50f0-4e8a-bfea-6e62e36c36e0.hVBW0jL4VyRoZX3tqtFskxV3A5g; request_token=43951abc8539be808a2a13638b1461d4; PHPSESSID=nnfee4d6fbgkpr474o4l7g3i9c; backup_path=/www/backup; vcodesum=12; serverType=nginx',
  'accept-language' => 'zh-CN,zh;q=0.9,en;q=0.8',
  'accept-encoding' => 'gzip, deflate',
  'accept' => 'text/html,application/xhtml+xml,application/xml;q=0.9,image/webp,image/apng,*/*;q=0.8',
  'user-agent' => 'Mozilla/5.0 (Windows NT 10.0; Win64; x64) AppleWebKit/537.36 (KHTML, like Gecko) Chrome/71.0.3578.98 Safari/537.36',
  'upgrade-insecure-requests' => '1',
  'cache-control' => 'max-age=0',
  'connection' => 'keep-alive',
  'host' => '192.168.3.102',
  'content-type' => '',
  'content-length' => '',
)
[ info ] [ PARAM ] array (
)
[ info ] [ DB ] INIT mysql
[ sql ] [ DB ] CONNECT:[ UseTime:0.000357s ] mysql:host=192.168.3.102;port=3306;dbname=qq;charset=utf8
[ sql ] [ SQL ] SHOW COLUMNS FROM `qq_member` [ RunTime:0.000843s ]
[ sql ] [ SQL ] SELECT `id`,`username`,`password`,`gameid`,`nickname`,`group_root`,`group_servertime`,`translate`,`headimgurl` FROM `qq_member` WHERE (  `username` IS NULL ) AND `qq_member`.`deletetime` IS NULL LIMIT 1 [ RunTime:0.000239s ]
---------------------------------------------------------------
[ 2019-01-21T12:05:27+08:00 ] 127.0.0.1 POST www.tete.com/login
[运行时间：0.055386s] [吞吐率：18.06req/s] [内存消耗：1,835.57kb] [文件加载：67]
[ info ] [ LANG ] /www/wwwroot/tete/thinkphp/lang/zh-cn.php
---------------------------------------------------------------
[ 2019-01-21T12:05:27+08:00 ] 127.0.0.1 GET www.tete.com/login
[运行时间：0.018571s] [吞吐率：53.85req/s] [内存消耗：1,839.52kb] [文件加载：67]
[ info ] [ LANG ] /www/wwwroot/tete/thinkphp/lang/zh-cn.php
---------------------------------------------------------------
[ 2019-01-21T12:21:05+08:00 ] 192.168.3.47 GET 192.168.3.102/index/open/test
[运行时间：0.020987s] [吞吐率：47.65req/s] [内存消耗：1,839.44kb] [文件加载：67]
[ info ] [ LANG ] /www/wwwroot/tete/thinkphp/lang/zh-cn.php
---------------------------------------------------------------
[ 2019-01-21T12:21:05+08:00 ] 192.168.3.47 GET 192.168.3.102/index/open/test
[运行时间：0.193104s] [吞吐率：5.18req/s] [内存消耗：2,242.21kb] [文件加载：78]
[ info ] [ LANG ] /www/wwwroot/tete/thinkphp/lang/zh-cn.php
[ info ] [ ROUTE ] array (
)
[ info ] [ HEADER ] array (
  'cookie' => 'order=id%20desc; memSize=974; uploadSize=1073741824; force=0; sites_path=/www/wwwroot; BatchSelected=null; rank=a; p5=2; BatchPaste=1; softType=0; p0=1; BT_PANEL_6=ddd3c8a0-50f0-4e8a-bfea-6e62e36c36e0.hVBW0jL4VyRoZX3tqtFskxV3A5g; request_token=43951abc8539be808a2a13638b1461d4; PHPSESSID=nnfee4d6fbgkpr474o4l7g3i9c; backup_path=/www/backup; vcodesum=12; serverType=nginx; Path=/www/wwwroot/tete/public',
  'accept-language' => 'zh-CN,zh;q=0.9,en;q=0.8',
  'accept-encoding' => 'gzip, deflate',
  'accept' => 'text/html,application/xhtml+xml,application/xml;q=0.9,image/webp,image/apng,*/*;q=0.8',
  'user-agent' => 'Mozilla/5.0 (Windows NT 10.0; Win64; x64) AppleWebKit/537.36 (KHTML, like Gecko) Chrome/71.0.3578.98 Safari/537.36',
  'upgrade-insecure-requests' => '1',
  'connection' => 'keep-alive',
  'host' => '192.168.3.102',
  'content-type' => '',
  'content-length' => '',
)
[ info ] [ PARAM ] array (
)
---------------------------------------------------------------
[ 2019-01-21T12:21:13+08:00 ] 192.168.3.47 GET 192.168.3.102/index.php/index/open/test
[运行时间：0.055640s] [吞吐率：17.97req/s] [内存消耗：2,198.33kb] [文件加载：78]
[ info ] [ LANG ] /www/wwwroot/tete/thinkphp/lang/zh-cn.php
[ info ] [ ROUTE ] array (
)
[ info ] [ HEADER ] array (
  'cookie' => 'order=id%20desc; memSize=974; uploadSize=1073741824; force=0; sites_path=/www/wwwroot; BatchSelected=null; rank=a; p5=2; BatchPaste=1; softType=0; p0=1; BT_PANEL_6=ddd3c8a0-50f0-4e8a-bfea-6e62e36c36e0.hVBW0jL4VyRoZX3tqtFskxV3A5g; request_token=43951abc8539be808a2a13638b1461d4; PHPSESSID=nnfee4d6fbgkpr474o4l7g3i9c; backup_path=/www/backup; vcodesum=12; serverType=nginx; Path=/www/wwwroot/tete/public',
  'accept-language' => 'zh-CN,zh;q=0.9,en;q=0.8',
  'accept-encoding' => 'gzip, deflate',
  'accept' => 'text/html,application/xhtml+xml,application/xml;q=0.9,image/webp,image/apng,*/*;q=0.8',
  'user-agent' => 'Mozilla/5.0 (Windows NT 10.0; Win64; x64) AppleWebKit/537.36 (KHTML, like Gecko) Chrome/71.0.3578.98 Safari/537.36',
  'upgrade-insecure-requests' => '1',
  'connection' => 'keep-alive',
  'host' => '192.168.3.102',
  'content-type' => '',
  'content-length' => '',
)
[ info ] [ PARAM ] array (
)
---------------------------------------------------------------
[ 2019-01-21T12:21:13+08:00 ] 192.168.3.47 GET 192.168.3.102/index.php/index/open/test
[运行时间：0.025001s] [吞吐率：40.00req/s] [内存消耗：1,839.44kb] [文件加载：67]
[ info ] [ LANG ] /www/wwwroot/tete/thinkphp/lang/zh-cn.php
---------------------------------------------------------------
[ 2019-01-21T12:21:22+08:00 ] 192.168.3.47 GET 192.168.3.102/login
[运行时间：0.049291s] [吞吐率：20.29req/s] [内存消耗：3,522.19kb] [文件加载：88]
[ info ] [ LANG ] /www/wwwroot/tete/thinkphp/lang/zh-cn.php
[ info ] [ ROUTE ] array (
  'rule' => 'login',
  'route' => 'index/Open/login',
  'option' => 
  array (
    'merge_rule_regex' => false,
    'cross_domain' => true,
    'header' => 
    array (
      'Access-Control-Allow-Origin' => '*',
      'Access-Control-Allow-Methods' => 'GET, POST, PATCH, PUT, DELETE',
      'Access-Control-Allow-Headers' => 'Authorization, Content-Type, If-Match, If-Modified-Since, If-None-Match, If-Unmodified-Since, X-Requested-With',
    ),
  ),
  'var' => 
  array (
  ),
)
[ info ] [ HEADER ] array (
  'cookie' => 'order=id%20desc; memSize=974; uploadSize=1073741824; force=0; sites_path=/www/wwwroot; BatchSelected=null; rank=a; p5=2; BatchPaste=1; softType=0; p0=1; BT_PANEL_6=ddd3c8a0-50f0-4e8a-bfea-6e62e36c36e0.hVBW0jL4VyRoZX3tqtFskxV3A5g; request_token=43951abc8539be808a2a13638b1461d4; PHPSESSID=nnfee4d6fbgkpr474o4l7g3i9c; backup_path=/www/backup; vcodesum=12; serverType=nginx; Path=/www/wwwroot/tete/public',
  'accept-language' => 'zh-CN,zh;q=0.9,en;q=0.8',
  'accept-encoding' => 'gzip, deflate',
  'accept' => 'text/html,application/xhtml+xml,application/xml;q=0.9,image/webp,image/apng,*/*;q=0.8',
  'user-agent' => 'Mozilla/5.0 (Windows NT 10.0; Win64; x64) AppleWebKit/537.36 (KHTML, like Gecko) Chrome/71.0.3578.98 Safari/537.36',
  'upgrade-insecure-requests' => '1',
  'connection' => 'keep-alive',
  'host' => '192.168.3.102',
  'content-type' => '',
  'content-length' => '',
)
[ info ] [ PARAM ] array (
)
[ info ] [ DB ] INIT mysql
[ sql ] [ DB ] CONNECT:[ UseTime:0.000865s ] mysql:host=192.168.3.102;port=3306;dbname=qq;charset=utf8
[ sql ] [ SQL ] SHOW COLUMNS FROM `qq_member` [ RunTime:0.004711s ]
[ sql ] [ SQL ] SELECT `id`,`username`,`password`,`gameid`,`nickname`,`group_root`,`group_servertime`,`translate`,`headimgurl` FROM `qq_member` WHERE (  `username` IS NULL ) AND `qq_member`.`deletetime` IS NULL LIMIT 1 [ RunTime:0.000899s ]
---------------------------------------------------------------
[ 2019-01-21T12:21:39+08:00 ] 192.168.3.47 GET 192.168.3.102/index.php/index/open/test
[运行时间：0.043734s] [吞吐率：22.87req/s] [内存消耗：2,198.37kb] [文件加载：78]
[ info ] [ LANG ] /www/wwwroot/tete/thinkphp/lang/zh-cn.php
[ info ] [ ROUTE ] array (
)
[ info ] [ HEADER ] array (
  'cookie' => 'order=id%20desc; memSize=974; uploadSize=1073741824; force=0; sites_path=/www/wwwroot; BatchSelected=null; rank=a; p5=2; BatchPaste=1; softType=0; p0=1; BT_PANEL_6=ddd3c8a0-50f0-4e8a-bfea-6e62e36c36e0.hVBW0jL4VyRoZX3tqtFskxV3A5g; request_token=43951abc8539be808a2a13638b1461d4; PHPSESSID=nnfee4d6fbgkpr474o4l7g3i9c; backup_path=/www/backup; vcodesum=12; serverType=nginx; Path=/www/wwwroot/tete/public',
  'accept-language' => 'zh-CN,zh;q=0.9,en;q=0.8',
  'accept-encoding' => 'gzip, deflate',
  'accept' => 'text/html,application/xhtml+xml,application/xml;q=0.9,image/webp,image/apng,*/*;q=0.8',
  'user-agent' => 'Mozilla/5.0 (Windows NT 10.0; Win64; x64) AppleWebKit/537.36 (KHTML, like Gecko) Chrome/71.0.3578.98 Safari/537.36',
  'upgrade-insecure-requests' => '1',
  'cache-control' => 'max-age=0',
  'connection' => 'keep-alive',
  'host' => '192.168.3.102',
  'content-type' => '',
  'content-length' => '',
)
[ info ] [ PARAM ] array (
)
---------------------------------------------------------------
[ 2019-01-21T12:21:39+08:00 ] 192.168.3.47 GET 192.168.3.102/index.php/index/open/test
[运行时间：0.028746s] [吞吐率：34.79req/s] [内存消耗：1,839.44kb] [文件加载：67]
[ info ] [ LANG ] /www/wwwroot/tete/thinkphp/lang/zh-cn.php
---------------------------------------------------------------
[ 2019-01-21T12:21:39+08:00 ] 192.168.3.47 GET 192.168.3.102/index.php/index/open/test
[运行时间：0.039189s] [吞吐率：25.52req/s] [内存消耗：2,198.37kb] [文件加载：78]
[ info ] [ LANG ] /www/wwwroot/tete/thinkphp/lang/zh-cn.php
[ info ] [ ROUTE ] array (
)
[ info ] [ HEADER ] array (
  'cookie' => 'order=id%20desc; memSize=974; uploadSize=1073741824; force=0; sites_path=/www/wwwroot; BatchSelected=null; rank=a; p5=2; BatchPaste=1; softType=0; p0=1; BT_PANEL_6=ddd3c8a0-50f0-4e8a-bfea-6e62e36c36e0.hVBW0jL4VyRoZX3tqtFskxV3A5g; request_token=43951abc8539be808a2a13638b1461d4; PHPSESSID=nnfee4d6fbgkpr474o4l7g3i9c; backup_path=/www/backup; vcodesum=12; serverType=nginx; Path=/www/wwwroot/tete/public',
  'accept-language' => 'zh-CN,zh;q=0.9,en;q=0.8',
  'accept-encoding' => 'gzip, deflate',
  'accept' => 'text/html,application/xhtml+xml,application/xml;q=0.9,image/webp,image/apng,*/*;q=0.8',
  'user-agent' => 'Mozilla/5.0 (Windows NT 10.0; Win64; x64) AppleWebKit/537.36 (KHTML, like Gecko) Chrome/71.0.3578.98 Safari/537.36',
  'upgrade-insecure-requests' => '1',
  'cache-control' => 'max-age=0',
  'connection' => 'keep-alive',
  'host' => '192.168.3.102',
  'content-type' => '',
  'content-length' => '',
)
[ info ] [ PARAM ] array (
)
---------------------------------------------------------------
[ 2019-01-21T12:21:39+08:00 ] 192.168.3.47 GET 192.168.3.102/index.php/index/open/test
[运行时间：0.015830s] [吞吐率：63.17req/s] [内存消耗：1,839.44kb] [文件加载：67]
[ info ] [ LANG ] /www/wwwroot/tete/thinkphp/lang/zh-cn.php
---------------------------------------------------------------
[ 2019-01-21T12:21:40+08:00 ] 192.168.3.47 GET 192.168.3.102/index.php/index/open/test
[运行时间：0.033949s] [吞吐率：29.46req/s] [内存消耗：2,198.37kb] [文件加载：78]
[ info ] [ LANG ] /www/wwwroot/tete/thinkphp/lang/zh-cn.php
[ info ] [ ROUTE ] array (
)
[ info ] [ HEADER ] array (
  'cookie' => 'order=id%20desc; memSize=974; uploadSize=1073741824; force=0; sites_path=/www/wwwroot; BatchSelected=null; rank=a; p5=2; BatchPaste=1; softType=0; p0=1; BT_PANEL_6=ddd3c8a0-50f0-4e8a-bfea-6e62e36c36e0.hVBW0jL4VyRoZX3tqtFskxV3A5g; request_token=43951abc8539be808a2a13638b1461d4; PHPSESSID=nnfee4d6fbgkpr474o4l7g3i9c; backup_path=/www/backup; vcodesum=12; serverType=nginx; Path=/www/wwwroot/tete/public',
  'accept-language' => 'zh-CN,zh;q=0.9,en;q=0.8',
  'accept-encoding' => 'gzip, deflate',
  'accept' => 'text/html,application/xhtml+xml,application/xml;q=0.9,image/webp,image/apng,*/*;q=0.8',
  'user-agent' => 'Mozilla/5.0 (Windows NT 10.0; Win64; x64) AppleWebKit/537.36 (KHTML, like Gecko) Chrome/71.0.3578.98 Safari/537.36',
  'upgrade-insecure-requests' => '1',
  'cache-control' => 'max-age=0',
  'connection' => 'keep-alive',
  'host' => '192.168.3.102',
  'content-type' => '',
  'content-length' => '',
)
[ info ] [ PARAM ] array (
)
---------------------------------------------------------------
[ 2019-01-21T12:21:40+08:00 ] 192.168.3.47 GET 192.168.3.102/index.php/index/open/test
[运行时间：0.016593s] [吞吐率：60.27req/s] [内存消耗：1,839.44kb] [文件加载：67]
[ info ] [ LANG ] /www/wwwroot/tete/thinkphp/lang/zh-cn.php
---------------------------------------------------------------
[ 2019-01-21T12:21:40+08:00 ] 192.168.3.47 GET 192.168.3.102/index.php/index/open/test
[运行时间：0.047119s] [吞吐率：21.22req/s] [内存消耗：2,198.37kb] [文件加载：78]
[ info ] [ LANG ] /www/wwwroot/tete/thinkphp/lang/zh-cn.php
[ info ] [ ROUTE ] array (
)
[ info ] [ HEADER ] array (
  'cookie' => 'order=id%20desc; memSize=974; uploadSize=1073741824; force=0; sites_path=/www/wwwroot; BatchSelected=null; rank=a; p5=2; BatchPaste=1; softType=0; p0=1; BT_PANEL_6=ddd3c8a0-50f0-4e8a-bfea-6e62e36c36e0.hVBW0jL4VyRoZX3tqtFskxV3A5g; request_token=43951abc8539be808a2a13638b1461d4; PHPSESSID=nnfee4d6fbgkpr474o4l7g3i9c; backup_path=/www/backup; vcodesum=12; serverType=nginx; Path=/www/wwwroot/tete/public',
  'accept-language' => 'zh-CN,zh;q=0.9,en;q=0.8',
  'accept-encoding' => 'gzip, deflate',
  'accept' => 'text/html,application/xhtml+xml,application/xml;q=0.9,image/webp,image/apng,*/*;q=0.8',
  'user-agent' => 'Mozilla/5.0 (Windows NT 10.0; Win64; x64) AppleWebKit/537.36 (KHTML, like Gecko) Chrome/71.0.3578.98 Safari/537.36',
  'upgrade-insecure-requests' => '1',
  'cache-control' => 'max-age=0',
  'connection' => 'keep-alive',
  'host' => '192.168.3.102',
  'content-type' => '',
  'content-length' => '',
)
[ info ] [ PARAM ] array (
)
---------------------------------------------------------------
[ 2019-01-21T12:21:40+08:00 ] 192.168.3.47 GET 192.168.3.102/index.php/index/open/test
[运行时间：0.018193s] [吞吐率：54.97req/s] [内存消耗：1,839.44kb] [文件加载：67]
[ info ] [ LANG ] /www/wwwroot/tete/thinkphp/lang/zh-cn.php
---------------------------------------------------------------
[ 2019-01-21T12:21:41+08:00 ] 192.168.3.47 GET 192.168.3.102/index.php/index/open/test
[运行时间：0.037831s] [吞吐率：26.43req/s] [内存消耗：2,198.37kb] [文件加载：78]
[ info ] [ LANG ] /www/wwwroot/tete/thinkphp/lang/zh-cn.php
[ info ] [ ROUTE ] array (
)
[ info ] [ HEADER ] array (
  'cookie' => 'order=id%20desc; memSize=974; uploadSize=1073741824; force=0; sites_path=/www/wwwroot; BatchSelected=null; rank=a; p5=2; BatchPaste=1; softType=0; p0=1; BT_PANEL_6=ddd3c8a0-50f0-4e8a-bfea-6e62e36c36e0.hVBW0jL4VyRoZX3tqtFskxV3A5g; request_token=43951abc8539be808a2a13638b1461d4; PHPSESSID=nnfee4d6fbgkpr474o4l7g3i9c; backup_path=/www/backup; vcodesum=12; serverType=nginx; Path=/www/wwwroot/tete/public',
  'accept-language' => 'zh-CN,zh;q=0.9,en;q=0.8',
  'accept-encoding' => 'gzip, deflate',
  'accept' => 'text/html,application/xhtml+xml,application/xml;q=0.9,image/webp,image/apng,*/*;q=0.8',
  'user-agent' => 'Mozilla/5.0 (Windows NT 10.0; Win64; x64) AppleWebKit/537.36 (KHTML, like Gecko) Chrome/71.0.3578.98 Safari/537.36',
  'upgrade-insecure-requests' => '1',
  'cache-control' => 'max-age=0',
  'connection' => 'keep-alive',
  'host' => '192.168.3.102',
  'content-type' => '',
  'content-length' => '',
)
[ info ] [ PARAM ] array (
)
---------------------------------------------------------------
[ 2019-01-21T12:21:41+08:00 ] 192.168.3.47 GET 192.168.3.102/index.php/index/open/test
[运行时间：0.026385s] [吞吐率：37.90req/s] [内存消耗：1,839.44kb] [文件加载：67]
[ info ] [ LANG ] /www/wwwroot/tete/thinkphp/lang/zh-cn.php
---------------------------------------------------------------
[ 2019-01-21T12:45:24+08:00 ] 192.168.3.47 GET 192.168.3.102/login
[运行时间：0.043719s] [吞吐率：22.87req/s] [内存消耗：3,519.02kb] [文件加载：88]
[ info ] [ LANG ] /www/wwwroot/tete/thinkphp/lang/zh-cn.php
[ info ] [ ROUTE ] array (
  'rule' => 'login',
  'route' => 'index/Open/login',
  'option' => 
  array (
    'merge_rule_regex' => false,
  ),
  'var' => 
  array (
  ),
)
[ info ] [ HEADER ] array (
  'cookie' => 'order=id%20desc; memSize=974; uploadSize=1073741824; force=0; sites_path=/www/wwwroot; BatchSelected=null; rank=a; p5=2; BatchPaste=1; softType=0; p0=1; BT_PANEL_6=ddd3c8a0-50f0-4e8a-bfea-6e62e36c36e0.hVBW0jL4VyRoZX3tqtFskxV3A5g; request_token=43951abc8539be808a2a13638b1461d4; PHPSESSID=nnfee4d6fbgkpr474o4l7g3i9c; backup_path=/www/backup; vcodesum=12; serverType=nginx; Path=/www/wwwroot/tete/public',
  'accept-language' => 'zh-CN,zh;q=0.9,en;q=0.8',
  'accept-encoding' => 'gzip, deflate',
  'accept' => 'text/html,application/xhtml+xml,application/xml;q=0.9,image/webp,image/apng,*/*;q=0.8',
  'user-agent' => 'Mozilla/5.0 (Windows NT 10.0; Win64; x64) AppleWebKit/537.36 (KHTML, like Gecko) Chrome/71.0.3578.98 Safari/537.36',
  'upgrade-insecure-requests' => '1',
  'purpose' => 'prefetch',
  'connection' => 'keep-alive',
  'host' => '192.168.3.102',
  'content-type' => '',
  'content-length' => '',
)
[ info ] [ PARAM ] array (
)
[ info ] [ DB ] INIT mysql
[ sql ] [ DB ] CONNECT:[ UseTime:0.000557s ] mysql:host=192.168.3.102;port=3306;dbname=qq;charset=utf8
[ sql ] [ SQL ] SHOW COLUMNS FROM `qq_member` [ RunTime:0.001055s ]
[ sql ] [ SQL ] SELECT `id`,`username`,`password`,`gameid`,`nickname`,`group_root`,`group_servertime`,`translate`,`headimgurl` FROM `qq_member` WHERE (  `username` IS NULL ) AND `qq_member`.`deletetime` IS NULL LIMIT 1 [ RunTime:0.000361s ]
---------------------------------------------------------------
[ 2019-01-21T12:45:25+08:00 ] 192.168.3.47 GET 192.168.3.102/login
[运行时间：0.044672s] [吞吐率：22.39req/s] [内存消耗：3,519.02kb] [文件加载：88]
[ info ] [ LANG ] /www/wwwroot/tete/thinkphp/lang/zh-cn.php
[ info ] [ ROUTE ] array (
  'rule' => 'login',
  'route' => 'index/Open/login',
  'option' => 
  array (
    'merge_rule_regex' => false,
  ),
  'var' => 
  array (
  ),
)
[ info ] [ HEADER ] array (
  'cookie' => 'order=id%20desc; memSize=974; uploadSize=1073741824; force=0; sites_path=/www/wwwroot; BatchSelected=null; rank=a; p5=2; BatchPaste=1; softType=0; p0=1; BT_PANEL_6=ddd3c8a0-50f0-4e8a-bfea-6e62e36c36e0.hVBW0jL4VyRoZX3tqtFskxV3A5g; request_token=43951abc8539be808a2a13638b1461d4; PHPSESSID=nnfee4d6fbgkpr474o4l7g3i9c; backup_path=/www/backup; vcodesum=12; serverType=nginx; Path=/www/wwwroot/tete/public',
  'accept-language' => 'zh-CN,zh;q=0.9,en;q=0.8',
  'accept-encoding' => 'gzip, deflate',
  'accept' => 'text/html,application/xhtml+xml,application/xml;q=0.9,image/webp,image/apng,*/*;q=0.8',
  'user-agent' => 'Mozilla/5.0 (Windows NT 10.0; Win64; x64) AppleWebKit/537.36 (KHTML, like Gecko) Chrome/71.0.3578.98 Safari/537.36',
  'upgrade-insecure-requests' => '1',
  'cache-control' => 'max-age=0',
  'connection' => 'keep-alive',
  'host' => '192.168.3.102',
  'content-type' => '',
  'content-length' => '',
)
[ info ] [ PARAM ] array (
)
[ info ] [ DB ] INIT mysql
[ sql ] [ DB ] CONNECT:[ UseTime:0.000349s ] mysql:host=192.168.3.102;port=3306;dbname=qq;charset=utf8
[ sql ] [ SQL ] SHOW COLUMNS FROM `qq_member` [ RunTime:0.002387s ]
[ sql ] [ SQL ] SELECT `id`,`username`,`password`,`gameid`,`nickname`,`group_root`,`group_servertime`,`translate`,`headimgurl` FROM `qq_member` WHERE (  `username` IS NULL ) AND `qq_member`.`deletetime` IS NULL LIMIT 1 [ RunTime:0.002010s ]
---------------------------------------------------------------
[ 2019-01-21T12:45:26+08:00 ] 192.168.3.47 GET 192.168.3.102/login
[运行时间：0.042806s] [吞吐率：23.36req/s] [内存消耗：3,519.02kb] [文件加载：88]
[ info ] [ LANG ] /www/wwwroot/tete/thinkphp/lang/zh-cn.php
[ info ] [ ROUTE ] array (
  'rule' => 'login',
  'route' => 'index/Open/login',
  'option' => 
  array (
    'merge_rule_regex' => false,
  ),
  'var' => 
  array (
  ),
)
[ info ] [ HEADER ] array (
  'cookie' => 'order=id%20desc; memSize=974; uploadSize=1073741824; force=0; sites_path=/www/wwwroot; BatchSelected=null; rank=a; p5=2; BatchPaste=1; softType=0; p0=1; BT_PANEL_6=ddd3c8a0-50f0-4e8a-bfea-6e62e36c36e0.hVBW0jL4VyRoZX3tqtFskxV3A5g; request_token=43951abc8539be808a2a13638b1461d4; PHPSESSID=nnfee4d6fbgkpr474o4l7g3i9c; backup_path=/www/backup; vcodesum=12; serverType=nginx; Path=/www/wwwroot/tete/public',
  'accept-language' => 'zh-CN,zh;q=0.9,en;q=0.8',
  'accept-encoding' => 'gzip, deflate',
  'accept' => 'text/html,application/xhtml+xml,application/xml;q=0.9,image/webp,image/apng,*/*;q=0.8',
  'user-agent' => 'Mozilla/5.0 (Windows NT 10.0; Win64; x64) AppleWebKit/537.36 (KHTML, like Gecko) Chrome/71.0.3578.98 Safari/537.36',
  'upgrade-insecure-requests' => '1',
  'cache-control' => 'max-age=0',
  'connection' => 'keep-alive',
  'host' => '192.168.3.102',
  'content-type' => '',
  'content-length' => '',
)
[ info ] [ PARAM ] array (
)
[ info ] [ DB ] INIT mysql
[ sql ] [ DB ] CONNECT:[ UseTime:0.000344s ] mysql:host=192.168.3.102;port=3306;dbname=qq;charset=utf8
[ sql ] [ SQL ] SHOW COLUMNS FROM `qq_member` [ RunTime:0.000876s ]
[ sql ] [ SQL ] SELECT `id`,`username`,`password`,`gameid`,`nickname`,`group_root`,`group_servertime`,`translate`,`headimgurl` FROM `qq_member` WHERE (  `username` IS NULL ) AND `qq_member`.`deletetime` IS NULL LIMIT 1 [ RunTime:0.000249s ]
---------------------------------------------------------------
[ 2019-01-21T12:45:26+08:00 ] 192.168.3.47 GET 192.168.3.102/login
[运行时间：0.037421s] [吞吐率：26.72req/s] [内存消耗：3,519.02kb] [文件加载：88]
[ info ] [ LANG ] /www/wwwroot/tete/thinkphp/lang/zh-cn.php
[ info ] [ ROUTE ] array (
  'rule' => 'login',
  'route' => 'index/Open/login',
  'option' => 
  array (
    'merge_rule_regex' => false,
  ),
  'var' => 
  array (
  ),
)
[ info ] [ HEADER ] array (
  'cookie' => 'order=id%20desc; memSize=974; uploadSize=1073741824; force=0; sites_path=/www/wwwroot; BatchSelected=null; rank=a; p5=2; BatchPaste=1; softType=0; p0=1; BT_PANEL_6=ddd3c8a0-50f0-4e8a-bfea-6e62e36c36e0.hVBW0jL4VyRoZX3tqtFskxV3A5g; request_token=43951abc8539be808a2a13638b1461d4; PHPSESSID=nnfee4d6fbgkpr474o4l7g3i9c; backup_path=/www/backup; vcodesum=12; serverType=nginx; Path=/www/wwwroot/tete/public',
  'accept-language' => 'zh-CN,zh;q=0.9,en;q=0.8',
  'accept-encoding' => 'gzip, deflate',
  'accept' => 'text/html,application/xhtml+xml,application/xml;q=0.9,image/webp,image/apng,*/*;q=0.8',
  'user-agent' => 'Mozilla/5.0 (Windows NT 10.0; Win64; x64) AppleWebKit/537.36 (KHTML, like Gecko) Chrome/71.0.3578.98 Safari/537.36',
  'upgrade-insecure-requests' => '1',
  'cache-control' => 'max-age=0',
  'connection' => 'keep-alive',
  'host' => '192.168.3.102',
  'content-type' => '',
  'content-length' => '',
)
[ info ] [ PARAM ] array (
)
[ info ] [ DB ] INIT mysql
[ sql ] [ DB ] CONNECT:[ UseTime:0.000353s ] mysql:host=192.168.3.102;port=3306;dbname=qq;charset=utf8
[ sql ] [ SQL ] SHOW COLUMNS FROM `qq_member` [ RunTime:0.000947s ]
[ sql ] [ SQL ] SELECT `id`,`username`,`password`,`gameid`,`nickname`,`group_root`,`group_servertime`,`translate`,`headimgurl` FROM `qq_member` WHERE (  `username` IS NULL ) AND `qq_member`.`deletetime` IS NULL LIMIT 1 [ RunTime:0.000436s ]
---------------------------------------------------------------
[ 2019-01-21T12:45:26+08:00 ] 192.168.3.47 GET 192.168.3.102/login
[运行时间：0.037251s] [吞吐率：26.84req/s] [内存消耗：3,519.02kb] [文件加载：88]
[ info ] [ LANG ] /www/wwwroot/tete/thinkphp/lang/zh-cn.php
[ info ] [ ROUTE ] array (
  'rule' => 'login',
  'route' => 'index/Open/login',
  'option' => 
  array (
    'merge_rule_regex' => false,
  ),
  'var' => 
  array (
  ),
)
[ info ] [ HEADER ] array (
  'cookie' => 'order=id%20desc; memSize=974; uploadSize=1073741824; force=0; sites_path=/www/wwwroot; BatchSelected=null; rank=a; p5=2; BatchPaste=1; softType=0; p0=1; BT_PANEL_6=ddd3c8a0-50f0-4e8a-bfea-6e62e36c36e0.hVBW0jL4VyRoZX3tqtFskxV3A5g; request_token=43951abc8539be808a2a13638b1461d4; PHPSESSID=nnfee4d6fbgkpr474o4l7g3i9c; backup_path=/www/backup; vcodesum=12; serverType=nginx; Path=/www/wwwroot/tete/public',
  'accept-language' => 'zh-CN,zh;q=0.9,en;q=0.8',
  'accept-encoding' => 'gzip, deflate',
  'accept' => 'text/html,application/xhtml+xml,application/xml;q=0.9,image/webp,image/apng,*/*;q=0.8',
  'user-agent' => 'Mozilla/5.0 (Windows NT 10.0; Win64; x64) AppleWebKit/537.36 (KHTML, like Gecko) Chrome/71.0.3578.98 Safari/537.36',
  'upgrade-insecure-requests' => '1',
  'cache-control' => 'max-age=0',
  'connection' => 'keep-alive',
  'host' => '192.168.3.102',
  'content-type' => '',
  'content-length' => '',
)
[ info ] [ PARAM ] array (
)
[ info ] [ DB ] INIT mysql
[ sql ] [ DB ] CONNECT:[ UseTime:0.000399s ] mysql:host=192.168.3.102;port=3306;dbname=qq;charset=utf8
[ sql ] [ SQL ] SHOW COLUMNS FROM `qq_member` [ RunTime:0.001019s ]
[ sql ] [ SQL ] SELECT `id`,`username`,`password`,`gameid`,`nickname`,`group_root`,`group_servertime`,`translate`,`headimgurl` FROM `qq_member` WHERE (  `username` IS NULL ) AND `qq_member`.`deletetime` IS NULL LIMIT 1 [ RunTime:0.000289s ]
---------------------------------------------------------------
[ 2019-01-21T12:45:26+08:00 ] 192.168.3.47 GET 192.168.3.102/login
[运行时间：0.043106s] [吞吐率：23.20req/s] [内存消耗：3,519.02kb] [文件加载：88]
[ info ] [ LANG ] /www/wwwroot/tete/thinkphp/lang/zh-cn.php
[ info ] [ ROUTE ] array (
  'rule' => 'login',
  'route' => 'index/Open/login',
  'option' => 
  array (
    'merge_rule_regex' => false,
  ),
  'var' => 
  array (
  ),
)
[ info ] [ HEADER ] array (
  'cookie' => 'order=id%20desc; memSize=974; uploadSize=1073741824; force=0; sites_path=/www/wwwroot; BatchSelected=null; rank=a; p5=2; BatchPaste=1; softType=0; p0=1; BT_PANEL_6=ddd3c8a0-50f0-4e8a-bfea-6e62e36c36e0.hVBW0jL4VyRoZX3tqtFskxV3A5g; request_token=43951abc8539be808a2a13638b1461d4; PHPSESSID=nnfee4d6fbgkpr474o4l7g3i9c; backup_path=/www/backup; vcodesum=12; serverType=nginx; Path=/www/wwwroot/tete/public',
  'accept-language' => 'zh-CN,zh;q=0.9,en;q=0.8',
  'accept-encoding' => 'gzip, deflate',
  'accept' => 'text/html,application/xhtml+xml,application/xml;q=0.9,image/webp,image/apng,*/*;q=0.8',
  'user-agent' => 'Mozilla/5.0 (Windows NT 10.0; Win64; x64) AppleWebKit/537.36 (KHTML, like Gecko) Chrome/71.0.3578.98 Safari/537.36',
  'upgrade-insecure-requests' => '1',
  'cache-control' => 'max-age=0',
  'connection' => 'keep-alive',
  'host' => '192.168.3.102',
  'content-type' => '',
  'content-length' => '',
)
[ info ] [ PARAM ] array (
)
[ info ] [ DB ] INIT mysql
[ sql ] [ DB ] CONNECT:[ UseTime:0.000351s ] mysql:host=192.168.3.102;port=3306;dbname=qq;charset=utf8
[ sql ] [ SQL ] SHOW COLUMNS FROM `qq_member` [ RunTime:0.000886s ]
[ sql ] [ SQL ] SELECT `id`,`username`,`password`,`gameid`,`nickname`,`group_root`,`group_servertime`,`translate`,`headimgurl` FROM `qq_member` WHERE (  `username` IS NULL ) AND `qq_member`.`deletetime` IS NULL LIMIT 1 [ RunTime:0.000358s ]
---------------------------------------------------------------
[ 2019-01-21T12:45:26+08:00 ] 192.168.3.47 GET 192.168.3.102/login
[运行时间：0.039780s] [吞吐率：25.14req/s] [内存消耗：3,519.02kb] [文件加载：88]
[ info ] [ LANG ] /www/wwwroot/tete/thinkphp/lang/zh-cn.php
[ info ] [ ROUTE ] array (
  'rule' => 'login',
  'route' => 'index/Open/login',
  'option' => 
  array (
    'merge_rule_regex' => false,
  ),
  'var' => 
  array (
  ),
)
[ info ] [ HEADER ] array (
  'cookie' => 'order=id%20desc; memSize=974; uploadSize=1073741824; force=0; sites_path=/www/wwwroot; BatchSelected=null; rank=a; p5=2; BatchPaste=1; softType=0; p0=1; BT_PANEL_6=ddd3c8a0-50f0-4e8a-bfea-6e62e36c36e0.hVBW0jL4VyRoZX3tqtFskxV3A5g; request_token=43951abc8539be808a2a13638b1461d4; PHPSESSID=nnfee4d6fbgkpr474o4l7g3i9c; backup_path=/www/backup; vcodesum=12; serverType=nginx; Path=/www/wwwroot/tete/public',
  'accept-language' => 'zh-CN,zh;q=0.9,en;q=0.8',
  'accept-encoding' => 'gzip, deflate',
  'accept' => 'text/html,application/xhtml+xml,application/xml;q=0.9,image/webp,image/apng,*/*;q=0.8',
  'user-agent' => 'Mozilla/5.0 (Windows NT 10.0; Win64; x64) AppleWebKit/537.36 (KHTML, like Gecko) Chrome/71.0.3578.98 Safari/537.36',
  'upgrade-insecure-requests' => '1',
  'cache-control' => 'max-age=0',
  'connection' => 'keep-alive',
  'host' => '192.168.3.102',
  'content-type' => '',
  'content-length' => '',
)
[ info ] [ PARAM ] array (
)
[ info ] [ DB ] INIT mysql
[ sql ] [ DB ] CONNECT:[ UseTime:0.000447s ] mysql:host=192.168.3.102;port=3306;dbname=qq;charset=utf8
[ sql ] [ SQL ] SHOW COLUMNS FROM `qq_member` [ RunTime:0.000848s ]
[ sql ] [ SQL ] SELECT `id`,`username`,`password`,`gameid`,`nickname`,`group_root`,`group_servertime`,`translate`,`headimgurl` FROM `qq_member` WHERE (  `username` IS NULL ) AND `qq_member`.`deletetime` IS NULL LIMIT 1 [ RunTime:0.003807s ]
---------------------------------------------------------------
[ 2019-01-21T12:45:27+08:00 ] 192.168.3.47 GET 192.168.3.102/login
[运行时间：0.038638s] [吞吐率：25.88req/s] [内存消耗：3,519.02kb] [文件加载：88]
[ info ] [ LANG ] /www/wwwroot/tete/thinkphp/lang/zh-cn.php
[ info ] [ ROUTE ] array (
  'rule' => 'login',
  'route' => 'index/Open/login',
  'option' => 
  array (
    'merge_rule_regex' => false,
  ),
  'var' => 
  array (
  ),
)
[ info ] [ HEADER ] array (
  'cookie' => 'order=id%20desc; memSize=974; uploadSize=1073741824; force=0; sites_path=/www/wwwroot; BatchSelected=null; rank=a; p5=2; BatchPaste=1; softType=0; p0=1; BT_PANEL_6=ddd3c8a0-50f0-4e8a-bfea-6e62e36c36e0.hVBW0jL4VyRoZX3tqtFskxV3A5g; request_token=43951abc8539be808a2a13638b1461d4; PHPSESSID=nnfee4d6fbgkpr474o4l7g3i9c; backup_path=/www/backup; vcodesum=12; serverType=nginx; Path=/www/wwwroot/tete/public',
  'accept-language' => 'zh-CN,zh;q=0.9,en;q=0.8',
  'accept-encoding' => 'gzip, deflate',
  'accept' => 'text/html,application/xhtml+xml,application/xml;q=0.9,image/webp,image/apng,*/*;q=0.8',
  'user-agent' => 'Mozilla/5.0 (Windows NT 10.0; Win64; x64) AppleWebKit/537.36 (KHTML, like Gecko) Chrome/71.0.3578.98 Safari/537.36',
  'upgrade-insecure-requests' => '1',
  'cache-control' => 'max-age=0',
  'connection' => 'keep-alive',
  'host' => '192.168.3.102',
  'content-type' => '',
  'content-length' => '',
)
[ info ] [ PARAM ] array (
)
[ info ] [ DB ] INIT mysql
[ sql ] [ DB ] CONNECT:[ UseTime:0.000434s ] mysql:host=192.168.3.102;port=3306;dbname=qq;charset=utf8
[ sql ] [ SQL ] SHOW COLUMNS FROM `qq_member` [ RunTime:0.001261s ]
[ sql ] [ SQL ] SELECT `id`,`username`,`password`,`gameid`,`nickname`,`group_root`,`group_servertime`,`translate`,`headimgurl` FROM `qq_member` WHERE (  `username` IS NULL ) AND `qq_member`.`deletetime` IS NULL LIMIT 1 [ RunTime:0.000855s ]
---------------------------------------------------------------
[ 2019-01-21T12:45:28+08:00 ] 192.168.3.47 GET 192.168.3.102/login
[运行时间：0.041331s] [吞吐率：24.19req/s] [内存消耗：3,519.02kb] [文件加载：88]
[ info ] [ LANG ] /www/wwwroot/tete/thinkphp/lang/zh-cn.php
[ info ] [ ROUTE ] array (
  'rule' => 'login',
  'route' => 'index/Open/login',
  'option' => 
  array (
    'merge_rule_regex' => false,
  ),
  'var' => 
  array (
  ),
)
[ info ] [ HEADER ] array (
  'cookie' => 'order=id%20desc; memSize=974; uploadSize=1073741824; force=0; sites_path=/www/wwwroot; BatchSelected=null; rank=a; p5=2; BatchPaste=1; softType=0; p0=1; BT_PANEL_6=ddd3c8a0-50f0-4e8a-bfea-6e62e36c36e0.hVBW0jL4VyRoZX3tqtFskxV3A5g; request_token=43951abc8539be808a2a13638b1461d4; PHPSESSID=nnfee4d6fbgkpr474o4l7g3i9c; backup_path=/www/backup; vcodesum=12; serverType=nginx; Path=/www/wwwroot/tete/public',
  'accept-language' => 'zh-CN,zh;q=0.9,en;q=0.8',
  'accept-encoding' => 'gzip, deflate',
  'accept' => 'text/html,application/xhtml+xml,application/xml;q=0.9,image/webp,image/apng,*/*;q=0.8',
  'user-agent' => 'Mozilla/5.0 (Windows NT 10.0; Win64; x64) AppleWebKit/537.36 (KHTML, like Gecko) Chrome/71.0.3578.98 Safari/537.36',
  'upgrade-insecure-requests' => '1',
  'cache-control' => 'max-age=0',
  'connection' => 'keep-alive',
  'host' => '192.168.3.102',
  'content-type' => '',
  'content-length' => '',
)
[ info ] [ PARAM ] array (
)
[ info ] [ DB ] INIT mysql
[ sql ] [ DB ] CONNECT:[ UseTime:0.000346s ] mysql:host=192.168.3.102;port=3306;dbname=qq;charset=utf8
[ sql ] [ SQL ] SHOW COLUMNS FROM `qq_member` [ RunTime:0.000856s ]
[ sql ] [ SQL ] SELECT `id`,`username`,`password`,`gameid`,`nickname`,`group_root`,`group_servertime`,`translate`,`headimgurl` FROM `qq_member` WHERE (  `username` IS NULL ) AND `qq_member`.`deletetime` IS NULL LIMIT 1 [ RunTime:0.000249s ]
---------------------------------------------------------------
[ 2019-01-21T12:45:28+08:00 ] 192.168.3.47 GET 192.168.3.102/login
[运行时间：0.041126s] [吞吐率：24.32req/s] [内存消耗：3,519.02kb] [文件加载：88]
[ info ] [ LANG ] /www/wwwroot/tete/thinkphp/lang/zh-cn.php
[ info ] [ ROUTE ] array (
  'rule' => 'login',
  'route' => 'index/Open/login',
  'option' => 
  array (
    'merge_rule_regex' => false,
  ),
  'var' => 
  array (
  ),
)
[ info ] [ HEADER ] array (
  'cookie' => 'order=id%20desc; memSize=974; uploadSize=1073741824; force=0; sites_path=/www/wwwroot; BatchSelected=null; rank=a; p5=2; BatchPaste=1; softType=0; p0=1; BT_PANEL_6=ddd3c8a0-50f0-4e8a-bfea-6e62e36c36e0.hVBW0jL4VyRoZX3tqtFskxV3A5g; request_token=43951abc8539be808a2a13638b1461d4; PHPSESSID=nnfee4d6fbgkpr474o4l7g3i9c; backup_path=/www/backup; vcodesum=12; serverType=nginx; Path=/www/wwwroot/tete/public',
  'accept-language' => 'zh-CN,zh;q=0.9,en;q=0.8',
  'accept-encoding' => 'gzip, deflate',
  'accept' => 'text/html,application/xhtml+xml,application/xml;q=0.9,image/webp,image/apng,*/*;q=0.8',
  'user-agent' => 'Mozilla/5.0 (Windows NT 10.0; Win64; x64) AppleWebKit/537.36 (KHTML, like Gecko) Chrome/71.0.3578.98 Safari/537.36',
  'upgrade-insecure-requests' => '1',
  'cache-control' => 'max-age=0',
  'connection' => 'keep-alive',
  'host' => '192.168.3.102',
  'content-type' => '',
  'content-length' => '',
)
[ info ] [ PARAM ] array (
)
[ info ] [ DB ] INIT mysql
[ sql ] [ DB ] CONNECT:[ UseTime:0.000375s ] mysql:host=192.168.3.102;port=3306;dbname=qq;charset=utf8
[ sql ] [ SQL ] SHOW COLUMNS FROM `qq_member` [ RunTime:0.001098s ]
[ sql ] [ SQL ] SELECT `id`,`username`,`password`,`gameid`,`nickname`,`group_root`,`group_servertime`,`translate`,`headimgurl` FROM `qq_member` WHERE (  `username` IS NULL ) AND `qq_member`.`deletetime` IS NULL LIMIT 1 [ RunTime:0.000322s ]
---------------------------------------------------------------
[ 2019-01-21T12:45:30+08:00 ] 192.168.3.47 GET 192.168.3.102/login
[运行时间：0.036261s] [吞吐率：27.58req/s] [内存消耗：3,519.02kb] [文件加载：88]
[ info ] [ LANG ] /www/wwwroot/tete/thinkphp/lang/zh-cn.php
[ info ] [ ROUTE ] array (
  'rule' => 'login',
  'route' => 'index/Open/login',
  'option' => 
  array (
    'merge_rule_regex' => false,
  ),
  'var' => 
  array (
  ),
)
[ info ] [ HEADER ] array (
  'cookie' => 'order=id%20desc; memSize=974; uploadSize=1073741824; force=0; sites_path=/www/wwwroot; BatchSelected=null; rank=a; p5=2; BatchPaste=1; softType=0; p0=1; BT_PANEL_6=ddd3c8a0-50f0-4e8a-bfea-6e62e36c36e0.hVBW0jL4VyRoZX3tqtFskxV3A5g; request_token=43951abc8539be808a2a13638b1461d4; PHPSESSID=nnfee4d6fbgkpr474o4l7g3i9c; backup_path=/www/backup; vcodesum=12; serverType=nginx; Path=/www/wwwroot/tete/public',
  'accept-language' => 'zh-CN,zh;q=0.9,en;q=0.8',
  'accept-encoding' => 'gzip, deflate',
  'accept' => 'text/html,application/xhtml+xml,application/xml;q=0.9,image/webp,image/apng,*/*;q=0.8',
  'user-agent' => 'Mozilla/5.0 (Windows NT 10.0; Win64; x64) AppleWebKit/537.36 (KHTML, like Gecko) Chrome/71.0.3578.98 Safari/537.36',
  'upgrade-insecure-requests' => '1',
  'cache-control' => 'max-age=0',
  'connection' => 'keep-alive',
  'host' => '192.168.3.102',
  'content-type' => '',
  'content-length' => '',
)
[ info ] [ PARAM ] array (
)
[ info ] [ DB ] INIT mysql
[ sql ] [ DB ] CONNECT:[ UseTime:0.000392s ] mysql:host=192.168.3.102;port=3306;dbname=qq;charset=utf8
[ sql ] [ SQL ] SHOW COLUMNS FROM `qq_member` [ RunTime:0.000793s ]
[ sql ] [ SQL ] SELECT `id`,`username`,`password`,`gameid`,`nickname`,`group_root`,`group_servertime`,`translate`,`headimgurl` FROM `qq_member` WHERE (  `username` IS NULL ) AND `qq_member`.`deletetime` IS NULL LIMIT 1 [ RunTime:0.000249s ]
---------------------------------------------------------------
[ 2019-01-21T13:02:06+08:00 ] 192.168.3.47 GET 192.168.3.102/rootlogin
[运行时间：0.043859s] [吞吐率：22.80req/s] [内存消耗：1,838.68kb] [文件加载：67]
[ info ] [ LANG ] /www/wwwroot/tete/thinkphp/lang/zh-cn.php
---------------------------------------------------------------
[ 2019-01-21T13:02:06+08:00 ] 192.168.3.47 GET 192.168.3.102/rootlogin
[运行时间：0.030226s] [吞吐率：33.08req/s] [内存消耗：1,838.71kb] [文件加载：67]
[ info ] [ LANG ] /www/wwwroot/tete/thinkphp/lang/zh-cn.php
