[ 2019-01-21T12:45:49+08:00 ][ info ] [ LANG ] /www/wwwroot/tete/thinkphp/lang/zh-cn.php
[ 2019-01-21T16:46:24+08:00 ][ info ] [ DB ] INIT mysql
[ 2019-01-21T16:46:24+08:00 ][ sql ] [ DB ] CONNECT:[ UseTime:0.001662s ] mysql:host=192.168.3.102;port=3306;dbname=qq;charset=utf8
[ 2019-01-21T16:46:24+08:00 ][ sql ] [ SQL ] SHOW COLUMNS FROM `qq_group_chat_record` [ RunTime:0.001480s ]
[ 2019-01-21T16:51:12+08:00 ][ sql ] [ SQL ] SHOW COLUMNS FROM `qq_member` [ RunTime:0.001173s ]
[ 2019-01-21T16:51:12+08:00 ][ sql ] [ SQL ] SELECT * FROM `qq_member` WHERE  `session_key` = '49bd0ba090ed9932d9749deffb8d5407' LIMIT 1 [ RunTime:0.000465s ]
[ 2019-01-21T16:51:12+08:00 ][ sql ] [ SQL ] SELECT `id`,`gameid`,`nickname`,`translate`,`headimgurl` FROM `qq_member` WHERE  `session_key` = '49bd0ba090ed9932d9749deffb8d5407' LIMIT 1 [ RunTime:0.000267s ]
[ 2019-01-21T16:51:12+08:00 ][ sql ] [ SQL ] SHOW COLUMNS FROM `qq_group_member` [ RunTime:0.001218s ]
[ 2019-01-21T16:51:12+08:00 ][ sql ] [ SQL ] SELECT * FROM `qq_group_member` WHERE  `uid` = 24  AND `state` = '1' [ RunTime:0.002495s ]
[ 2019-01-21T16:51:30+08:00 ][ sql ] [ SQL ] SELECT * FROM `qq_member` WHERE  `session_key` = '49bd0ba090ed9932d9749deffb8d5407' LIMIT 1 [ RunTime:0.001013s ]
[ 2019-01-21T16:51:30+08:00 ][ sql ] [ SQL ] SELECT `id`,`gameid`,`nickname`,`translate`,`headimgurl` FROM `qq_member` WHERE  `session_key` = '49bd0ba090ed9932d9749deffb8d5407' LIMIT 1 [ RunTime:0.000538s ]
[ 2019-01-21T16:51:30+08:00 ][ sql ] [ SQL ] SELECT * FROM `qq_group_member` WHERE  `uid` = 24  AND `state` = '1' [ RunTime:0.000468s ]
[ 2019-01-21T16:51:30+08:00 ][ sql ] [ SQL ] INSERT INTO `qq_group_chat_record` (`uid` , `gid` , `msgtype` , `msgdata` , `createtime`) VALUES (24 , 8 , '1' , '发送数据testtest' , 1548060690) [ RunTime:0.000577s ]
[ 2019-01-21T16:51:30+08:00 ][ sql ] [ SQL ] SELECT * FROM `qq_member` WHERE  `id` = 24 LIMIT 1 [ RunTime:0.000354s ]
[ 2019-01-21T16:51:30+08:00 ][ sql ] [ SQL ] SELECT `id`,`gameid`,`nickname`,`translate`,`headimgurl` FROM `qq_member` WHERE  `id` = 24 LIMIT 1 [ RunTime:0.000288s ]
[ 2019-01-21T16:51:30+08:00 ][ sql ] [ SQL ] SHOW COLUMNS FROM `qq_group_chat` [ RunTime:0.000956s ]
[ 2019-01-21T16:51:30+08:00 ][ sql ] [ SQL ] SELECT * FROM `qq_group_chat` WHERE  `id` = 8 LIMIT 1 [ RunTime:0.000272s ]
[ 2019-01-21T16:51:30+08:00 ][ sql ] [ SQL ] SELECT * FROM `qq_member` WHERE  `id` = 24 LIMIT 1 [ RunTime:0.006567s ]
[ 2019-01-21T16:51:30+08:00 ][ sql ] [ SQL ] SELECT `id`,`gameid`,`nickname`,`translate`,`headimgurl` FROM `qq_member` WHERE  `id` = 24 LIMIT 1 [ RunTime:0.000370s ]
[ 2019-01-21T16:51:34+08:00 ][ sql ] [ SQL ] SELECT * FROM `qq_member` WHERE  `session_key` = '49bd0ba090ed9932d9749deffb8d5407' LIMIT 1 [ RunTime:0.000578s ]
[ 2019-01-21T16:51:34+08:00 ][ sql ] [ SQL ] SELECT `id`,`gameid`,`nickname`,`translate`,`headimgurl` FROM `qq_member` WHERE  `session_key` = '49bd0ba090ed9932d9749deffb8d5407' LIMIT 1 [ RunTime:0.000435s ]
[ 2019-01-21T16:51:34+08:00 ][ sql ] [ SQL ] SELECT * FROM `qq_group_member` WHERE  `uid` = 24  AND `state` = '1' [ RunTime:0.000338s ]
[ 2019-01-21T16:51:34+08:00 ][ sql ] [ SQL ] INSERT INTO `qq_group_chat_record` (`uid` , `gid` , `msgtype` , `msgdata` , `createtime`) VALUES (24 , 8 , '1' , '发送数据testtest' , 1548060694) [ RunTime:0.000487s ]
[ 2019-01-21T16:51:34+08:00 ][ sql ] [ SQL ] SELECT * FROM `qq_member` WHERE  `id` = 24 LIMIT 1 [ RunTime:0.000240s ]
[ 2019-01-21T16:51:34+08:00 ][ sql ] [ SQL ] SELECT `id`,`gameid`,`nickname`,`translate`,`headimgurl` FROM `qq_member` WHERE  `id` = 24 LIMIT 1 [ RunTime:0.000254s ]
[ 2019-01-21T16:51:34+08:00 ][ sql ] [ SQL ] SELECT * FROM `qq_group_chat` WHERE  `id` = 8 LIMIT 1 [ RunTime:0.000207s ]
[ 2019-01-21T16:51:34+08:00 ][ sql ] [ SQL ] SELECT * FROM `qq_member` WHERE  `id` = 24 LIMIT 1 [ RunTime:0.000537s ]
[ 2019-01-21T16:51:34+08:00 ][ sql ] [ SQL ] SELECT `id`,`gameid`,`nickname`,`translate`,`headimgurl` FROM `qq_member` WHERE  `id` = 24 LIMIT 1 [ RunTime:0.000403s ]
[ 2019-01-21T16:52:29+08:00 ][ sql ] [ SQL ] INSERT INTO `qq_group_chat_record` (`uid` , `gid` , `msgtype` , `msgdata` , `createtime`) VALUES (24 , 8 , '1' , '发送数据testtest' , 1548060749) [ RunTime:0.000392s ]
[ 2019-01-21T16:52:29+08:00 ][ sql ] [ SQL ] SELECT * FROM `qq_member` WHERE  `id` = 24 LIMIT 1 [ RunTime:0.000404s ]
[ 2019-01-21T16:52:29+08:00 ][ sql ] [ SQL ] SELECT `id`,`gameid`,`nickname`,`translate`,`headimgurl` FROM `qq_member` WHERE  `id` = 24 LIMIT 1 [ RunTime:0.000211s ]
[ 2019-01-21T16:52:29+08:00 ][ sql ] [ SQL ] SELECT * FROM `qq_group_chat` WHERE  `id` = 8 LIMIT 1 [ RunTime:0.001082s ]
[ 2019-01-21T16:52:29+08:00 ][ sql ] [ SQL ] SELECT * FROM `qq_member` WHERE  `id` = 24 LIMIT 1 [ RunTime:0.001060s ]
[ 2019-01-21T16:52:29+08:00 ][ sql ] [ SQL ] SELECT `id`,`gameid`,`nickname`,`translate`,`headimgurl` FROM `qq_member` WHERE  `id` = 24 LIMIT 1 [ RunTime:0.003205s ]
[ 2019-01-21T16:53:29+08:00 ][ sql ] [ SQL ] INSERT INTO `qq_group_chat_record` (`uid` , `gid` , `msgtype` , `msgdata` , `createtime`) VALUES (24 , 8 , '1' , '发送数据testtest' , 1548060809) [ RunTime:0.000360s ]
[ 2019-01-21T16:53:29+08:00 ][ sql ] [ SQL ] SELECT * FROM `qq_member` WHERE  `id` = 24 LIMIT 1 [ RunTime:0.000360s ]
[ 2019-01-21T16:53:29+08:00 ][ sql ] [ SQL ] SELECT `id`,`gameid`,`nickname`,`translate`,`headimgurl` FROM `qq_member` WHERE  `id` = 24 LIMIT 1 [ RunTime:0.000208s ]
[ 2019-01-21T16:53:29+08:00 ][ sql ] [ SQL ] SELECT * FROM `qq_group_chat` WHERE  `id` = 8 LIMIT 1 [ RunTime:0.000262s ]
[ 2019-01-21T16:53:29+08:00 ][ sql ] [ SQL ] SELECT * FROM `qq_member` WHERE  `id` = 24 LIMIT 1 [ RunTime:0.000380s ]
[ 2019-01-21T16:53:29+08:00 ][ sql ] [ SQL ] SELECT `id`,`gameid`,`nickname`,`translate`,`headimgurl` FROM `qq_member` WHERE  `id` = 24 LIMIT 1 [ RunTime:0.000277s ]
[ 2019-01-21T16:54:29+08:00 ][ sql ] [ SQL ] INSERT INTO `qq_group_chat_record` (`uid` , `gid` , `msgtype` , `msgdata` , `createtime`) VALUES (24 , 8 , '1' , '发送数据testtest' , 1548060869) [ RunTime:0.001074s ]
[ 2019-01-21T16:54:29+08:00 ][ sql ] [ SQL ] SELECT * FROM `qq_member` WHERE  `id` = 24 LIMIT 1 [ RunTime:0.000559s ]
[ 2019-01-21T16:54:29+08:00 ][ sql ] [ SQL ] SELECT `id`,`gameid`,`nickname`,`translate`,`headimgurl` FROM `qq_member` WHERE  `id` = 24 LIMIT 1 [ RunTime:0.000589s ]
[ 2019-01-21T16:54:29+08:00 ][ sql ] [ SQL ] SELECT * FROM `qq_group_chat` WHERE  `id` = 8 LIMIT 1 [ RunTime:0.000664s ]
[ 2019-01-21T16:54:29+08:00 ][ sql ] [ SQL ] SELECT * FROM `qq_member` WHERE  `id` = 24 LIMIT 1 [ RunTime:0.000966s ]
[ 2019-01-21T16:54:29+08:00 ][ sql ] [ SQL ] SELECT `id`,`gameid`,`nickname`,`translate`,`headimgurl` FROM `qq_member` WHERE  `id` = 24 LIMIT 1 [ RunTime:0.000248s ]
[ 2019-01-21T16:55:29+08:00 ][ sql ] [ SQL ] INSERT INTO `qq_group_chat_record` (`uid` , `gid` , `msgtype` , `msgdata` , `createtime`) VALUES (24 , 8 , '1' , '发送数据testtest' , 1548060929) [ RunTime:0.000341s ]
[ 2019-01-21T16:55:29+08:00 ][ sql ] [ SQL ] SELECT * FROM `qq_member` WHERE  `id` = 24 LIMIT 1 [ RunTime:0.000498s ]
[ 2019-01-21T16:55:29+08:00 ][ sql ] [ SQL ] SELECT `id`,`gameid`,`nickname`,`translate`,`headimgurl` FROM `qq_member` WHERE  `id` = 24 LIMIT 1 [ RunTime:0.000225s ]
[ 2019-01-21T16:55:29+08:00 ][ sql ] [ SQL ] SELECT * FROM `qq_group_chat` WHERE  `id` = 8 LIMIT 1 [ RunTime:0.000229s ]
[ 2019-01-21T16:55:29+08:00 ][ sql ] [ SQL ] SELECT * FROM `qq_member` WHERE  `id` = 24 LIMIT 1 [ RunTime:0.000418s ]
[ 2019-01-21T16:55:29+08:00 ][ sql ] [ SQL ] SELECT `id`,`gameid`,`nickname`,`translate`,`headimgurl` FROM `qq_member` WHERE  `id` = 24 LIMIT 1 [ RunTime:0.000212s ]
[ 2019-01-21T16:56:29+08:00 ][ sql ] [ SQL ] INSERT INTO `qq_group_chat_record` (`uid` , `gid` , `msgtype` , `msgdata` , `createtime`) VALUES (24 , 8 , '1' , '发送数据testtest' , 1548060989) [ RunTime:0.000417s ]
[ 2019-01-21T16:56:29+08:00 ][ sql ] [ SQL ] SELECT * FROM `qq_member` WHERE  `id` = 24 LIMIT 1 [ RunTime:0.000258s ]
[ 2019-01-21T16:56:29+08:00 ][ sql ] [ SQL ] SELECT `id`,`gameid`,`nickname`,`translate`,`headimgurl` FROM `qq_member` WHERE  `id` = 24 LIMIT 1 [ RunTime:0.000274s ]
[ 2019-01-21T16:56:29+08:00 ][ sql ] [ SQL ] SELECT * FROM `qq_group_chat` WHERE  `id` = 8 LIMIT 1 [ RunTime:0.000216s ]
[ 2019-01-21T16:56:29+08:00 ][ sql ] [ SQL ] SELECT * FROM `qq_member` WHERE  `id` = 24 LIMIT 1 [ RunTime:0.000413s ]
[ 2019-01-21T16:56:29+08:00 ][ sql ] [ SQL ] SELECT `id`,`gameid`,`nickname`,`translate`,`headimgurl` FROM `qq_member` WHERE  `id` = 24 LIMIT 1 [ RunTime:0.000247s ]
[ 2019-01-21T16:57:29+08:00 ][ sql ] [ SQL ] INSERT INTO `qq_group_chat_record` (`uid` , `gid` , `msgtype` , `msgdata` , `createtime`) VALUES (24 , 8 , '1' , '发送数据testtest' , 1548061049) [ RunTime:0.000347s ]
[ 2019-01-21T16:57:29+08:00 ][ sql ] [ SQL ] SELECT * FROM `qq_member` WHERE  `id` = 24 LIMIT 1 [ RunTime:0.000589s ]
[ 2019-01-21T16:57:29+08:00 ][ sql ] [ SQL ] SELECT `id`,`gameid`,`nickname`,`translate`,`headimgurl` FROM `qq_member` WHERE  `id` = 24 LIMIT 1 [ RunTime:0.000236s ]
[ 2019-01-21T16:57:29+08:00 ][ sql ] [ SQL ] SELECT * FROM `qq_group_chat` WHERE  `id` = 8 LIMIT 1 [ RunTime:0.000263s ]
[ 2019-01-21T16:57:29+08:00 ][ sql ] [ SQL ] SELECT * FROM `qq_member` WHERE  `id` = 24 LIMIT 1 [ RunTime:0.000222s ]
[ 2019-01-21T16:57:29+08:00 ][ sql ] [ SQL ] SELECT `id`,`gameid`,`nickname`,`translate`,`headimgurl` FROM `qq_member` WHERE  `id` = 24 LIMIT 1 [ RunTime:0.000434s ]
[ 2019-01-21T16:58:29+08:00 ][ sql ] [ SQL ] INSERT INTO `qq_group_chat_record` (`uid` , `gid` , `msgtype` , `msgdata` , `createtime`) VALUES (24 , 8 , '1' , '发送数据testtest' , 1548061109) [ RunTime:0.000338s ]
[ 2019-01-21T16:58:29+08:00 ][ sql ] [ SQL ] SELECT * FROM `qq_member` WHERE  `id` = 24 LIMIT 1 [ RunTime:0.000275s ]
[ 2019-01-21T16:58:29+08:00 ][ sql ] [ SQL ] SELECT `id`,`gameid`,`nickname`,`translate`,`headimgurl` FROM `qq_member` WHERE  `id` = 24 LIMIT 1 [ RunTime:0.000206s ]
[ 2019-01-21T16:58:30+08:00 ][ sql ] [ SQL ] SELECT * FROM `qq_group_chat` WHERE  `id` = 8 LIMIT 1 [ RunTime:0.000263s ]
[ 2019-01-21T16:58:30+08:00 ][ sql ] [ SQL ] SELECT * FROM `qq_member` WHERE  `id` = 24 LIMIT 1 [ RunTime:0.000431s ]
[ 2019-01-21T16:58:30+08:00 ][ sql ] [ SQL ] SELECT `id`,`gameid`,`nickname`,`translate`,`headimgurl` FROM `qq_member` WHERE  `id` = 24 LIMIT 1 [ RunTime:0.000283s ]
[ 2019-01-21T16:59:30+08:00 ][ sql ] [ SQL ] INSERT INTO `qq_group_chat_record` (`uid` , `gid` , `msgtype` , `msgdata` , `createtime`) VALUES (24 , 8 , '1' , '发送数据testtest' , 1548061170) [ RunTime:0.000728s ]
[ 2019-01-21T16:59:30+08:00 ][ sql ] [ SQL ] SELECT * FROM `qq_member` WHERE  `id` = 24 LIMIT 1 [ RunTime:0.000591s ]
[ 2019-01-21T16:59:30+08:00 ][ sql ] [ SQL ] SELECT `id`,`gameid`,`nickname`,`translate`,`headimgurl` FROM `qq_member` WHERE  `id` = 24 LIMIT 1 [ RunTime:0.000556s ]
[ 2019-01-21T16:59:30+08:00 ][ sql ] [ SQL ] SELECT * FROM `qq_group_chat` WHERE  `id` = 8 LIMIT 1 [ RunTime:0.000782s ]
[ 2019-01-21T16:59:30+08:00 ][ sql ] [ SQL ] SELECT * FROM `qq_member` WHERE  `id` = 24 LIMIT 1 [ RunTime:0.000897s ]
[ 2019-01-21T16:59:30+08:00 ][ sql ] [ SQL ] SELECT `id`,`gameid`,`nickname`,`translate`,`headimgurl` FROM `qq_member` WHERE  `id` = 24 LIMIT 1 [ RunTime:0.001441s ]
[ 2019-01-21T17:00:30+08:00 ][ sql ] [ SQL ] INSERT INTO `qq_group_chat_record` (`uid` , `gid` , `msgtype` , `msgdata` , `createtime`) VALUES (24 , 8 , '1' , '发送数据testtest' , 1548061230) [ RunTime:0.000329s ]
[ 2019-01-21T17:00:30+08:00 ][ sql ] [ SQL ] SELECT * FROM `qq_member` WHERE  `id` = 24 LIMIT 1 [ RunTime:0.000308s ]
[ 2019-01-21T17:00:30+08:00 ][ sql ] [ SQL ] SELECT `id`,`gameid`,`nickname`,`translate`,`headimgurl` FROM `qq_member` WHERE  `id` = 24 LIMIT 1 [ RunTime:0.000237s ]
[ 2019-01-21T17:00:30+08:00 ][ sql ] [ SQL ] SELECT * FROM `qq_group_chat` WHERE  `id` = 8 LIMIT 1 [ RunTime:0.000211s ]
[ 2019-01-21T17:00:30+08:00 ][ sql ] [ SQL ] SELECT * FROM `qq_member` WHERE  `id` = 24 LIMIT 1 [ RunTime:0.000461s ]
[ 2019-01-21T17:00:30+08:00 ][ sql ] [ SQL ] SELECT `id`,`gameid`,`nickname`,`translate`,`headimgurl` FROM `qq_member` WHERE  `id` = 24 LIMIT 1 [ RunTime:0.000226s ]
[ 2019-01-21T17:00:51+08:00 ][ sql ] [ SQL ] SELECT * FROM `qq_member` WHERE  `session_key` = '49bd0ba090ed9932d9749deffb8d5407' LIMIT 1 [ RunTime:0.007582s ]
[ 2019-01-21T17:00:51+08:00 ][ sql ] [ SQL ] SELECT `id`,`gameid`,`nickname`,`translate`,`headimgurl` FROM `qq_member` WHERE  `session_key` = '49bd0ba090ed9932d9749deffb8d5407' LIMIT 1 [ RunTime:0.000482s ]
[ 2019-01-21T17:00:51+08:00 ][ sql ] [ SQL ] SELECT * FROM `qq_group_member` WHERE  `uid` = 24  AND `state` = '1' [ RunTime:0.000409s ]
[ 2019-01-21T17:00:51+08:00 ][ sql ] [ SQL ] INSERT INTO `qq_group_chat_record` (`uid` , `gid` , `msgtype` , `msgdata` , `createtime`) VALUES (24 , 8 , '1' , '发送数据testtest' , 1548061251) [ RunTime:0.000487s ]
[ 2019-01-21T17:00:51+08:00 ][ sql ] [ SQL ] SELECT * FROM `qq_member` WHERE  `id` = 24 LIMIT 1 [ RunTime:0.000446s ]
[ 2019-01-21T17:00:51+08:00 ][ sql ] [ SQL ] SELECT `id`,`gameid`,`nickname`,`translate`,`headimgurl` FROM `qq_member` WHERE  `id` = 24 LIMIT 1 [ RunTime:0.000381s ]
[ 2019-01-21T17:00:51+08:00 ][ sql ] [ SQL ] SELECT * FROM `qq_group_chat` WHERE  `id` = 8 LIMIT 1 [ RunTime:0.000796s ]
[ 2019-01-21T17:00:51+08:00 ][ sql ] [ SQL ] SELECT * FROM `qq_member` WHERE  `id` = 24 LIMIT 1 [ RunTime:0.000702s ]
[ 2019-01-21T17:00:51+08:00 ][ sql ] [ SQL ] SELECT `id`,`gameid`,`nickname`,`translate`,`headimgurl` FROM `qq_member` WHERE  `id` = 24 LIMIT 1 [ RunTime:0.000350s ]
[ 2019-01-21T17:01:30+08:00 ][ sql ] [ SQL ] INSERT INTO `qq_group_chat_record` (`uid` , `gid` , `msgtype` , `msgdata` , `createtime`) VALUES (24 , 8 , '1' , '发送数据testtest' , 1548061290) [ RunTime:0.000358s ]
[ 2019-01-21T17:01:30+08:00 ][ sql ] [ SQL ] SELECT * FROM `qq_member` WHERE  `id` = 24 LIMIT 1 [ RunTime:0.000328s ]
[ 2019-01-21T17:01:30+08:00 ][ sql ] [ SQL ] SELECT `id`,`gameid`,`nickname`,`translate`,`headimgurl` FROM `qq_member` WHERE  `id` = 24 LIMIT 1 [ RunTime:0.000221s ]
[ 2019-01-21T17:01:30+08:00 ][ sql ] [ SQL ] SELECT * FROM `qq_group_chat` WHERE  `id` = 8 LIMIT 1 [ RunTime:0.000211s ]
[ 2019-01-21T17:01:30+08:00 ][ sql ] [ SQL ] SELECT * FROM `qq_member` WHERE  `id` = 24 LIMIT 1 [ RunTime:0.000481s ]
[ 2019-01-21T17:01:30+08:00 ][ sql ] [ SQL ] SELECT `id`,`gameid`,`nickname`,`translate`,`headimgurl` FROM `qq_member` WHERE  `id` = 24 LIMIT 1 [ RunTime:0.000306s ]
[ 2019-01-21T17:02:30+08:00 ][ sql ] [ SQL ] INSERT INTO `qq_group_chat_record` (`uid` , `gid` , `msgtype` , `msgdata` , `createtime`) VALUES (24 , 8 , '1' , '发送数据testtest' , 1548061350) [ RunTime:0.000439s ]
[ 2019-01-21T17:02:30+08:00 ][ sql ] [ SQL ] SELECT * FROM `qq_member` WHERE  `id` = 24 LIMIT 1 [ RunTime:0.000280s ]
[ 2019-01-21T17:02:30+08:00 ][ sql ] [ SQL ] SELECT `id`,`gameid`,`nickname`,`translate`,`headimgurl` FROM `qq_member` WHERE  `id` = 24 LIMIT 1 [ RunTime:0.000209s ]
[ 2019-01-21T17:02:30+08:00 ][ sql ] [ SQL ] SELECT * FROM `qq_group_chat` WHERE  `id` = 8 LIMIT 1 [ RunTime:0.000304s ]
[ 2019-01-21T17:02:30+08:00 ][ sql ] [ SQL ] SELECT * FROM `qq_member` WHERE  `id` = 24 LIMIT 1 [ RunTime:0.000590s ]
[ 2019-01-21T17:02:30+08:00 ][ sql ] [ SQL ] SELECT `id`,`gameid`,`nickname`,`translate`,`headimgurl` FROM `qq_member` WHERE  `id` = 24 LIMIT 1 [ RunTime:0.000371s ]
[ 2019-01-21T17:03:30+08:00 ][ sql ] [ SQL ] INSERT INTO `qq_group_chat_record` (`uid` , `gid` , `msgtype` , `msgdata` , `createtime`) VALUES (24 , 8 , '1' , '发送数据testtest' , 1548061410) [ RunTime:0.000503s ]
[ 2019-01-21T17:03:30+08:00 ][ sql ] [ SQL ] SELECT * FROM `qq_member` WHERE  `id` = 24 LIMIT 1 [ RunTime:0.000464s ]
[ 2019-01-21T17:03:30+08:00 ][ sql ] [ SQL ] SELECT `id`,`gameid`,`nickname`,`translate`,`headimgurl` FROM `qq_member` WHERE  `id` = 24 LIMIT 1 [ RunTime:0.000312s ]
[ 2019-01-21T17:03:30+08:00 ][ sql ] [ SQL ] SELECT * FROM `qq_group_chat` WHERE  `id` = 8 LIMIT 1 [ RunTime:0.001095s ]
[ 2019-01-21T17:03:30+08:00 ][ sql ] [ SQL ] SELECT * FROM `qq_member` WHERE  `id` = 24 LIMIT 1 [ RunTime:0.000736s ]
[ 2019-01-21T17:03:30+08:00 ][ sql ] [ SQL ] SELECT `id`,`gameid`,`nickname`,`translate`,`headimgurl` FROM `qq_member` WHERE  `id` = 24 LIMIT 1 [ RunTime:0.000526s ]
[ 2019-01-21T17:04:30+08:00 ][ sql ] [ SQL ] INSERT INTO `qq_group_chat_record` (`uid` , `gid` , `msgtype` , `msgdata` , `createtime`) VALUES (24 , 8 , '1' , '发送数据testtest' , 1548061470) [ RunTime:0.007489s ]
[ 2019-01-21T17:04:30+08:00 ][ sql ] [ SQL ] SELECT * FROM `qq_member` WHERE  `id` = 24 LIMIT 1 [ RunTime:0.005549s ]
[ 2019-01-21T17:04:30+08:00 ][ sql ] [ SQL ] SELECT `id`,`gameid`,`nickname`,`translate`,`headimgurl` FROM `qq_member` WHERE  `id` = 24 LIMIT 1 [ RunTime:0.003095s ]
[ 2019-01-21T17:04:30+08:00 ][ sql ] [ SQL ] SELECT * FROM `qq_group_chat` WHERE  `id` = 8 LIMIT 1 [ RunTime:0.000753s ]
[ 2019-01-21T17:04:30+08:00 ][ sql ] [ SQL ] SELECT * FROM `qq_member` WHERE  `id` = 24 LIMIT 1 [ RunTime:0.002302s ]
[ 2019-01-21T17:04:30+08:00 ][ sql ] [ SQL ] SELECT `id`,`gameid`,`nickname`,`translate`,`headimgurl` FROM `qq_member` WHERE  `id` = 24 LIMIT 1 [ RunTime:0.000986s ]
[ 2019-01-21T17:05:30+08:00 ][ sql ] [ SQL ] INSERT INTO `qq_group_chat_record` (`uid` , `gid` , `msgtype` , `msgdata` , `createtime`) VALUES (24 , 8 , '1' , '发送数据testtest' , 1548061530) [ RunTime:0.000500s ]
[ 2019-01-21T17:05:30+08:00 ][ sql ] [ SQL ] SELECT * FROM `qq_member` WHERE  `id` = 24 LIMIT 1 [ RunTime:0.000597s ]
[ 2019-01-21T17:05:30+08:00 ][ sql ] [ SQL ] SELECT `id`,`gameid`,`nickname`,`translate`,`headimgurl` FROM `qq_member` WHERE  `id` = 24 LIMIT 1 [ RunTime:0.001045s ]
[ 2019-01-21T17:05:30+08:00 ][ sql ] [ SQL ] SELECT * FROM `qq_group_chat` WHERE  `id` = 8 LIMIT 1 [ RunTime:0.000614s ]
[ 2019-01-21T17:05:30+08:00 ][ sql ] [ SQL ] SELECT * FROM `qq_member` WHERE  `id` = 24 LIMIT 1 [ RunTime:0.000565s ]
[ 2019-01-21T17:05:30+08:00 ][ sql ] [ SQL ] SELECT `id`,`gameid`,`nickname`,`translate`,`headimgurl` FROM `qq_member` WHERE  `id` = 24 LIMIT 1 [ RunTime:0.000340s ]
[ 2019-01-21T17:06:30+08:00 ][ sql ] [ SQL ] INSERT INTO `qq_group_chat_record` (`uid` , `gid` , `msgtype` , `msgdata` , `createtime`) VALUES (24 , 8 , '1' , '发送数据testtest' , 1548061590) [ RunTime:0.000477s ]
[ 2019-01-21T17:06:30+08:00 ][ sql ] [ SQL ] SELECT * FROM `qq_member` WHERE  `id` = 24 LIMIT 1 [ RunTime:0.000437s ]
[ 2019-01-21T17:06:30+08:00 ][ sql ] [ SQL ] SELECT `id`,`gameid`,`nickname`,`translate`,`headimgurl` FROM `qq_member` WHERE  `id` = 24 LIMIT 1 [ RunTime:0.000268s ]
[ 2019-01-21T17:06:30+08:00 ][ sql ] [ SQL ] SELECT * FROM `qq_group_chat` WHERE  `id` = 8 LIMIT 1 [ RunTime:0.000210s ]
[ 2019-01-21T17:06:30+08:00 ][ sql ] [ SQL ] SELECT * FROM `qq_member` WHERE  `id` = 24 LIMIT 1 [ RunTime:0.000630s ]
[ 2019-01-21T17:06:30+08:00 ][ sql ] [ SQL ] SELECT `id`,`gameid`,`nickname`,`translate`,`headimgurl` FROM `qq_member` WHERE  `id` = 24 LIMIT 1 [ RunTime:0.000499s ]
[ 2019-01-21T17:07:02+08:00 ][ sql ] [ SQL ] SELECT * FROM `qq_member` WHERE  `session_key` = '49bd0ba090ed9932d9749deffb8d5407' LIMIT 1 [ RunTime:0.000313s ]
[ 2019-01-21T17:07:02+08:00 ][ sql ] [ SQL ] SELECT `id`,`gameid`,`nickname`,`translate`,`headimgurl` FROM `qq_member` WHERE  `session_key` = '49bd0ba090ed9932d9749deffb8d5407' LIMIT 1 [ RunTime:0.000223s ]
[ 2019-01-21T17:07:02+08:00 ][ sql ] [ SQL ] SELECT * FROM `qq_group_member` WHERE  `uid` = 24  AND `state` = '1' [ RunTime:0.000347s ]
[ 2019-01-21T17:07:05+08:00 ][ sql ] [ SQL ] INSERT INTO `qq_group_chat_record` (`uid` , `gid` , `msgtype` , `msgdata` , `createtime`) VALUES (24 , 8 , '1' , '发送数据testtest' , 1548061625) [ RunTime:0.000392s ]
[ 2019-01-21T17:07:05+08:00 ][ sql ] [ SQL ] SELECT * FROM `qq_member` WHERE  `id` = 24 LIMIT 1 [ RunTime:0.000247s ]
[ 2019-01-21T17:07:05+08:00 ][ sql ] [ SQL ] SELECT `id`,`gameid`,`nickname`,`translate`,`headimgurl` FROM `qq_member` WHERE  `id` = 24 LIMIT 1 [ RunTime:0.000327s ]
[ 2019-01-21T17:07:05+08:00 ][ sql ] [ SQL ] SELECT * FROM `qq_group_chat` WHERE  `id` = 8 LIMIT 1 [ RunTime:0.000250s ]
[ 2019-01-21T17:07:05+08:00 ][ sql ] [ SQL ] SELECT * FROM `qq_member` WHERE  `id` = 24 LIMIT 1 [ RunTime:0.000658s ]
[ 2019-01-21T17:07:05+08:00 ][ sql ] [ SQL ] SELECT `id`,`gameid`,`nickname`,`translate`,`headimgurl` FROM `qq_member` WHERE  `id` = 24 LIMIT 1 [ RunTime:0.000391s ]
[ 2019-01-21T17:07:19+08:00 ][ sql ] [ SQL ] SELECT * FROM `qq_member` WHERE  `session_key` = '49bd0ba090ed9932d9749deffb8d5407' LIMIT 1 [ RunTime:0.000515s ]
[ 2019-01-21T17:08:00+08:00 ][ sql ] [ SQL ] INSERT INTO `qq_group_chat_record` (`uid` , `gid` , `msgtype` , `msgdata` , `createtime`) VALUES (24 , 8 , '1' , '发送数据testtest' , 1548061680) [ RunTime:0.000422s ]
[ 2019-01-21T17:08:00+08:00 ][ sql ] [ SQL ] SELECT * FROM `qq_member` WHERE  `id` = 24 LIMIT 1 [ RunTime:0.000387s ]
[ 2019-01-21T17:08:00+08:00 ][ sql ] [ SQL ] SELECT `id`,`gameid`,`nickname`,`translate`,`headimgurl` FROM `qq_member` WHERE  `id` = 24 LIMIT 1 [ RunTime:0.000262s ]
[ 2019-01-21T17:08:00+08:00 ][ sql ] [ SQL ] SELECT * FROM `qq_group_chat` WHERE  `id` = 8 LIMIT 1 [ RunTime:0.000218s ]
[ 2019-01-21T17:08:00+08:00 ][ sql ] [ SQL ] SELECT * FROM `qq_member` WHERE  `id` = 24 LIMIT 1 [ RunTime:0.000670s ]
[ 2019-01-21T17:08:00+08:00 ][ sql ] [ SQL ] SELECT `id`,`gameid`,`nickname`,`translate`,`headimgurl` FROM `qq_member` WHERE  `id` = 24 LIMIT 1 [ RunTime:0.000413s ]
[ 2019-01-21T17:09:00+08:00 ][ sql ] [ SQL ] INSERT INTO `qq_group_chat_record` (`uid` , `gid` , `msgtype` , `msgdata` , `createtime`) VALUES (24 , 8 , '1' , '发送数据testtest' , 1548061740) [ RunTime:0.000432s ]
[ 2019-01-21T17:09:00+08:00 ][ sql ] [ SQL ] SELECT * FROM `qq_member` WHERE  `id` = 24 LIMIT 1 [ RunTime:0.000320s ]
[ 2019-01-21T17:09:00+08:00 ][ sql ] [ SQL ] SELECT `id`,`gameid`,`nickname`,`translate`,`headimgurl` FROM `qq_member` WHERE  `id` = 24 LIMIT 1 [ RunTime:0.000431s ]
[ 2019-01-21T17:09:00+08:00 ][ sql ] [ SQL ] SELECT * FROM `qq_group_chat` WHERE  `id` = 8 LIMIT 1 [ RunTime:0.000658s ]
[ 2019-01-21T17:09:00+08:00 ][ sql ] [ SQL ] SELECT * FROM `qq_member` WHERE  `id` = 24 LIMIT 1 [ RunTime:0.002917s ]
[ 2019-01-21T17:09:00+08:00 ][ sql ] [ SQL ] SELECT `id`,`gameid`,`nickname`,`translate`,`headimgurl` FROM `qq_member` WHERE  `id` = 24 LIMIT 1 [ RunTime:0.001221s ]
[ 2019-01-21T17:10:00+08:00 ][ sql ] [ SQL ] INSERT INTO `qq_group_chat_record` (`uid` , `gid` , `msgtype` , `msgdata` , `createtime`) VALUES (24 , 8 , '1' , '发送数据testtest' , 1548061800) [ RunTime:0.000437s ]
[ 2019-01-21T17:10:00+08:00 ][ sql ] [ SQL ] SELECT * FROM `qq_member` WHERE  `id` = 24 LIMIT 1 [ RunTime:0.000276s ]
[ 2019-01-21T17:10:00+08:00 ][ sql ] [ SQL ] SELECT `id`,`gameid`,`nickname`,`translate`,`headimgurl` FROM `qq_member` WHERE  `id` = 24 LIMIT 1 [ RunTime:0.000343s ]
[ 2019-01-21T17:10:00+08:00 ][ sql ] [ SQL ] SELECT * FROM `qq_group_chat` WHERE  `id` = 8 LIMIT 1 [ RunTime:0.000294s ]
[ 2019-01-21T17:10:00+08:00 ][ sql ] [ SQL ] SELECT * FROM `qq_member` WHERE  `id` = 24 LIMIT 1 [ RunTime:0.000779s ]
[ 2019-01-21T17:10:00+08:00 ][ sql ] [ SQL ] SELECT `id`,`gameid`,`nickname`,`translate`,`headimgurl` FROM `qq_member` WHERE  `id` = 24 LIMIT 1 [ RunTime:0.001229s ]
[ 2019-01-21T17:10:03+08:00 ][ sql ] [ SQL ] INSERT INTO `qq_group_chat_record` (`uid` , `gid` , `msgtype` , `msgdata` , `createtime`) VALUES (24 , 8 , '1' , '发送数据testtest' , 1548061803) [ RunTime:0.000481s ]
[ 2019-01-21T17:10:03+08:00 ][ sql ] [ SQL ] SELECT * FROM `qq_member` WHERE  `id` = 24 LIMIT 1 [ RunTime:0.000296s ]
[ 2019-01-21T17:10:03+08:00 ][ sql ] [ SQL ] SELECT `id`,`gameid`,`nickname`,`translate`,`headimgurl` FROM `qq_member` WHERE  `id` = 24 LIMIT 1 [ RunTime:0.000218s ]
[ 2019-01-21T17:10:03+08:00 ][ sql ] [ SQL ] SELECT * FROM `qq_group_chat` WHERE  `id` = 8 LIMIT 1 [ RunTime:0.000267s ]
[ 2019-01-21T17:10:03+08:00 ][ sql ] [ SQL ] SELECT * FROM `qq_member` WHERE  `id` = 24 LIMIT 1 [ RunTime:0.000654s ]
[ 2019-01-21T17:10:03+08:00 ][ sql ] [ SQL ] SELECT `id`,`gameid`,`nickname`,`translate`,`headimgurl` FROM `qq_member` WHERE  `id` = 24 LIMIT 1 [ RunTime:0.000357s ]
[ 2019-01-21T17:10:06+08:00 ][ sql ] [ SQL ] SELECT * FROM `qq_member` WHERE  `session_key` = '49bd0ba090ed9932d9749deffb8d5407' LIMIT 1 [ RunTime:0.000464s ]
[ 2019-01-21T17:10:09+08:00 ][ sql ] [ SQL ] INSERT INTO `qq_group_chat_record` (`uid` , `gid` , `msgtype` , `msgdata` , `createtime`) VALUES (24 , 8 , '1' , '发送数据testtest' , 1548061809) [ RunTime:0.000345s ]
[ 2019-01-21T17:10:09+08:00 ][ sql ] [ SQL ] SELECT * FROM `qq_member` WHERE  `id` = 24 LIMIT 1 [ RunTime:0.000360s ]
[ 2019-01-21T17:10:09+08:00 ][ sql ] [ SQL ] SELECT `id`,`gameid`,`nickname`,`translate`,`headimgurl` FROM `qq_member` WHERE  `id` = 24 LIMIT 1 [ RunTime:0.000308s ]
[ 2019-01-21T17:10:09+08:00 ][ sql ] [ SQL ] SELECT * FROM `qq_group_chat` WHERE  `id` = 8 LIMIT 1 [ RunTime:0.000206s ]
[ 2019-01-21T17:10:09+08:00 ][ sql ] [ SQL ] SELECT * FROM `qq_member` WHERE  `id` = 24 LIMIT 1 [ RunTime:0.000951s ]
[ 2019-01-21T17:10:09+08:00 ][ sql ] [ SQL ] SELECT `id`,`gameid`,`nickname`,`translate`,`headimgurl` FROM `qq_member` WHERE  `id` = 24 LIMIT 1 [ RunTime:0.000443s ]
[ 2019-01-21T17:10:10+08:00 ][ sql ] [ SQL ] SELECT * FROM `qq_member` WHERE  `session_key` = '49bd0ba090ed9932d9749deffb8d5407' LIMIT 1 [ RunTime:0.000346s ]
[ 2019-01-21T17:10:45+08:00 ][ sql ] [ SQL ] INSERT INTO `qq_group_chat_record` (`uid` , `gid` , `msgtype` , `msgdata` , `createtime`) VALUES (24 , 8 , '1' , '发送数据testtest' , 1548061845) [ RunTime:0.000371s ]
[ 2019-01-21T17:10:45+08:00 ][ sql ] [ SQL ] SELECT * FROM `qq_member` WHERE  `id` = 24 LIMIT 1 [ RunTime:0.000421s ]
[ 2019-01-21T17:10:45+08:00 ][ sql ] [ SQL ] SELECT `id`,`gameid`,`nickname`,`translate`,`headimgurl` FROM `qq_member` WHERE  `id` = 24 LIMIT 1 [ RunTime:0.000288s ]
[ 2019-01-21T17:10:45+08:00 ][ sql ] [ SQL ] SELECT * FROM `qq_group_chat` WHERE  `id` = 8 LIMIT 1 [ RunTime:0.000209s ]
[ 2019-01-21T17:10:45+08:00 ][ sql ] [ SQL ] SELECT * FROM `qq_member` WHERE  `id` = 24 LIMIT 1 [ RunTime:0.000334s ]
[ 2019-01-21T17:10:45+08:00 ][ sql ] [ SQL ] SELECT `id`,`gameid`,`nickname`,`translate`,`headimgurl` FROM `qq_member` WHERE  `id` = 24 LIMIT 1 [ RunTime:0.001262s ]
[ 2019-01-21T17:11:30+08:00 ][ sql ] [ SQL ] INSERT INTO `qq_group_chat_record` (`uid` , `gid` , `msgtype` , `msgdata` , `createtime`) VALUES (24 , 8 , '1' , '发送数据testtest' , 1548061890) [ RunTime:0.000344s ]
[ 2019-01-21T17:11:30+08:00 ][ sql ] [ SQL ] SELECT * FROM `qq_member` WHERE  `id` = 24 LIMIT 1 [ RunTime:0.000588s ]
[ 2019-01-21T17:11:30+08:00 ][ sql ] [ SQL ] SELECT `id`,`gameid`,`nickname`,`translate`,`headimgurl` FROM `qq_member` WHERE  `id` = 24 LIMIT 1 [ RunTime:0.000502s ]
[ 2019-01-21T17:11:30+08:00 ][ sql ] [ SQL ] SELECT * FROM `qq_group_chat` WHERE  `id` = 8 LIMIT 1 [ RunTime:0.000518s ]
[ 2019-01-21T17:11:30+08:00 ][ sql ] [ SQL ] SELECT * FROM `qq_member` WHERE  `id` = 24 LIMIT 1 [ RunTime:0.001356s ]
[ 2019-01-21T17:11:30+08:00 ][ sql ] [ SQL ] SELECT `id`,`gameid`,`nickname`,`translate`,`headimgurl` FROM `qq_member` WHERE  `id` = 24 LIMIT 1 [ RunTime:0.001213s ]
[ 2019-01-21T17:11:50+08:00 ][ sql ] [ SQL ] SELECT * FROM `qq_member` WHERE  `session_key` = '49bd0ba090ed9932d9749deffb8d5407' LIMIT 1 [ RunTime:0.000347s ]
[ 2019-01-21T17:11:54+08:00 ][ sql ] [ SQL ] INSERT INTO `qq_group_chat_record` (`uid` , `gid` , `msgtype` , `msgdata` , `createtime`) VALUES (24 , 8 , '1' , '发送数据testtest' , 1548061914) [ RunTime:0.000519s ]
[ 2019-01-21T17:11:54+08:00 ][ sql ] [ SQL ] SELECT * FROM `qq_member` WHERE  `id` = 24 LIMIT 1 [ RunTime:0.000383s ]
[ 2019-01-21T17:11:54+08:00 ][ sql ] [ SQL ] SELECT `id`,`gameid`,`nickname`,`translate`,`headimgurl` FROM `qq_member` WHERE  `id` = 24 LIMIT 1 [ RunTime:0.000225s ]
[ 2019-01-21T17:11:54+08:00 ][ sql ] [ SQL ] SELECT * FROM `qq_group_chat` WHERE  `id` = 8 LIMIT 1 [ RunTime:0.000214s ]
[ 2019-01-21T17:11:54+08:00 ][ sql ] [ SQL ] SELECT * FROM `qq_member` WHERE  `id` = 24 LIMIT 1 [ RunTime:0.000685s ]
[ 2019-01-21T17:11:54+08:00 ][ sql ] [ SQL ] SELECT `id`,`gameid`,`nickname`,`translate`,`headimgurl` FROM `qq_member` WHERE  `id` = 24 LIMIT 1 [ RunTime:0.000292s ]
[ 2019-01-21T17:12:01+08:00 ][ sql ] [ SQL ] SELECT * FROM `qq_member` WHERE  `session_key` = '49bd0ba090ed9932d9749deffb8d5407' LIMIT 1 [ RunTime:0.000378s ]
[ 2019-01-21T17:12:30+08:00 ][ sql ] [ SQL ] INSERT INTO `qq_group_chat_record` (`uid` , `gid` , `msgtype` , `msgdata` , `createtime`) VALUES (24 , 8 , '1' , '发送数据testtest' , 1548061950) [ RunTime:0.000443s ]
[ 2019-01-21T17:12:30+08:00 ][ sql ] [ SQL ] SELECT * FROM `qq_member` WHERE  `id` = 24 LIMIT 1 [ RunTime:0.000502s ]
[ 2019-01-21T17:12:30+08:00 ][ sql ] [ SQL ] SELECT `id`,`gameid`,`nickname`,`translate`,`headimgurl` FROM `qq_member` WHERE  `id` = 24 LIMIT 1 [ RunTime:0.000354s ]
[ 2019-01-21T17:12:30+08:00 ][ sql ] [ SQL ] SELECT * FROM `qq_group_chat` WHERE  `id` = 8 LIMIT 1 [ RunTime:0.000226s ]
[ 2019-01-21T17:12:30+08:00 ][ sql ] [ SQL ] SELECT * FROM `qq_member` WHERE  `id` = 24 LIMIT 1 [ RunTime:0.000896s ]
[ 2019-01-21T17:12:30+08:00 ][ sql ] [ SQL ] SELECT `id`,`gameid`,`nickname`,`translate`,`headimgurl` FROM `qq_member` WHERE  `id` = 24 LIMIT 1 [ RunTime:0.000335s ]
[ 2019-01-21T17:13:30+08:00 ][ sql ] [ SQL ] INSERT INTO `qq_group_chat_record` (`uid` , `gid` , `msgtype` , `msgdata` , `createtime`) VALUES (24 , 8 , '1' , '发送数据testtest' , 1548062010) [ RunTime:0.000614s ]
[ 2019-01-21T17:13:30+08:00 ][ sql ] [ SQL ] SELECT * FROM `qq_member` WHERE  `id` = 24 LIMIT 1 [ RunTime:0.000527s ]
[ 2019-01-21T17:13:30+08:00 ][ sql ] [ SQL ] SELECT `id`,`gameid`,`nickname`,`translate`,`headimgurl` FROM `qq_member` WHERE  `id` = 24 LIMIT 1 [ RunTime:0.000405s ]
[ 2019-01-21T17:13:30+08:00 ][ sql ] [ SQL ] SELECT * FROM `qq_group_chat` WHERE  `id` = 8 LIMIT 1 [ RunTime:0.004727s ]
[ 2019-01-21T17:13:30+08:00 ][ sql ] [ SQL ] SELECT * FROM `qq_member` WHERE  `id` = 24 LIMIT 1 [ RunTime:0.004052s ]
[ 2019-01-21T17:13:30+08:00 ][ sql ] [ SQL ] SELECT `id`,`gameid`,`nickname`,`translate`,`headimgurl` FROM `qq_member` WHERE  `id` = 24 LIMIT 1 [ RunTime:0.001323s ]
[ 2019-01-21T17:13:46+08:00 ][ sql ] [ SQL ] INSERT INTO `qq_group_chat_record` (`uid` , `gid` , `msgtype` , `msgdata` , `createtime`) VALUES (24 , 8 , '1' , '发送数据testtest' , 1548062026) [ RunTime:0.000555s ]
[ 2019-01-21T17:13:46+08:00 ][ sql ] [ SQL ] SELECT * FROM `qq_member` WHERE  `id` = 24 LIMIT 1 [ RunTime:0.000343s ]
[ 2019-01-21T17:13:46+08:00 ][ sql ] [ SQL ] SELECT `id`,`gameid`,`nickname`,`translate`,`headimgurl` FROM `qq_member` WHERE  `id` = 24 LIMIT 1 [ RunTime:0.000227s ]
[ 2019-01-21T17:13:46+08:00 ][ sql ] [ SQL ] SELECT * FROM `qq_group_chat` WHERE  `id` = 8 LIMIT 1 [ RunTime:0.000235s ]
[ 2019-01-21T17:13:46+08:00 ][ sql ] [ SQL ] SELECT * FROM `qq_member` WHERE  `id` = 24 LIMIT 1 [ RunTime:0.001009s ]
[ 2019-01-21T17:13:46+08:00 ][ sql ] [ SQL ] SELECT `id`,`gameid`,`nickname`,`translate`,`headimgurl` FROM `qq_member` WHERE  `id` = 24 LIMIT 1 [ RunTime:0.000312s ]
[ 2019-01-21T17:14:30+08:00 ][ sql ] [ SQL ] INSERT INTO `qq_group_chat_record` (`uid` , `gid` , `msgtype` , `msgdata` , `createtime`) VALUES (24 , 8 , '1' , '发送数据testtest' , 1548062070) [ RunTime:0.000502s ]
[ 2019-01-21T17:14:30+08:00 ][ sql ] [ SQL ] SELECT * FROM `qq_member` WHERE  `id` = 24 LIMIT 1 [ RunTime:0.001436s ]
[ 2019-01-21T17:14:30+08:00 ][ sql ] [ SQL ] SELECT `id`,`gameid`,`nickname`,`translate`,`headimgurl` FROM `qq_member` WHERE  `id` = 24 LIMIT 1 [ RunTime:0.000344s ]
[ 2019-01-21T17:14:30+08:00 ][ sql ] [ SQL ] SELECT * FROM `qq_group_chat` WHERE  `id` = 8 LIMIT 1 [ RunTime:0.000396s ]
[ 2019-01-21T17:14:30+08:00 ][ sql ] [ SQL ] SELECT * FROM `qq_member` WHERE  `id` = 24 LIMIT 1 [ RunTime:0.000839s ]
[ 2019-01-21T17:14:30+08:00 ][ sql ] [ SQL ] SELECT `id`,`gameid`,`nickname`,`translate`,`headimgurl` FROM `qq_member` WHERE  `id` = 24 LIMIT 1 [ RunTime:0.000375s ]
[ 2019-01-21T17:15:30+08:00 ][ sql ] [ SQL ] INSERT INTO `qq_group_chat_record` (`uid` , `gid` , `msgtype` , `msgdata` , `createtime`) VALUES (24 , 8 , '1' , '发送数据testtest' , 1548062130) [ RunTime:0.000389s ]
[ 2019-01-21T17:15:30+08:00 ][ sql ] [ SQL ] SELECT * FROM `qq_member` WHERE  `id` = 24 LIMIT 1 [ RunTime:0.000376s ]
[ 2019-01-21T17:15:30+08:00 ][ sql ] [ SQL ] SELECT `id`,`gameid`,`nickname`,`translate`,`headimgurl` FROM `qq_member` WHERE  `id` = 24 LIMIT 1 [ RunTime:0.000280s ]
[ 2019-01-21T17:15:30+08:00 ][ sql ] [ SQL ] SELECT * FROM `qq_group_chat` WHERE  `id` = 8 LIMIT 1 [ RunTime:0.000392s ]
[ 2019-01-21T17:15:30+08:00 ][ sql ] [ SQL ] SELECT * FROM `qq_member` WHERE  `id` = 24 LIMIT 1 [ RunTime:0.000539s ]
[ 2019-01-21T17:15:30+08:00 ][ sql ] [ SQL ] SELECT `id`,`gameid`,`nickname`,`translate`,`headimgurl` FROM `qq_member` WHERE  `id` = 24 LIMIT 1 [ RunTime:0.000842s ]
[ 2019-01-21T17:16:30+08:00 ][ sql ] [ SQL ] INSERT INTO `qq_group_chat_record` (`uid` , `gid` , `msgtype` , `msgdata` , `createtime`) VALUES (24 , 8 , '1' , '发送数据testtest' , 1548062190) [ RunTime:0.000490s ]
[ 2019-01-21T17:16:30+08:00 ][ sql ] [ SQL ] SELECT * FROM `qq_member` WHERE  `id` = 24 LIMIT 1 [ RunTime:0.000299s ]
[ 2019-01-21T17:16:30+08:00 ][ sql ] [ SQL ] SELECT `id`,`gameid`,`nickname`,`translate`,`headimgurl` FROM `qq_member` WHERE  `id` = 24 LIMIT 1 [ RunTime:0.000224s ]
[ 2019-01-21T17:16:30+08:00 ][ sql ] [ SQL ] SELECT * FROM `qq_group_chat` WHERE  `id` = 8 LIMIT 1 [ RunTime:0.000226s ]
[ 2019-01-21T17:16:30+08:00 ][ sql ] [ SQL ] SELECT * FROM `qq_member` WHERE  `id` = 24 LIMIT 1 [ RunTime:0.000572s ]
[ 2019-01-21T17:16:30+08:00 ][ sql ] [ SQL ] SELECT `id`,`gameid`,`nickname`,`translate`,`headimgurl` FROM `qq_member` WHERE  `id` = 24 LIMIT 1 [ RunTime:0.000356s ]
[ 2019-01-21T17:17:30+08:00 ][ sql ] [ SQL ] INSERT INTO `qq_group_chat_record` (`uid` , `gid` , `msgtype` , `msgdata` , `createtime`) VALUES (24 , 8 , '1' , '发送数据testtest' , 1548062250) [ RunTime:0.000682s ]
[ 2019-01-21T17:17:30+08:00 ][ sql ] [ SQL ] SELECT * FROM `qq_member` WHERE  `id` = 24 LIMIT 1 [ RunTime:0.000257s ]
[ 2019-01-21T17:17:30+08:00 ][ sql ] [ SQL ] SELECT `id`,`gameid`,`nickname`,`translate`,`headimgurl` FROM `qq_member` WHERE  `id` = 24 LIMIT 1 [ RunTime:0.000315s ]
[ 2019-01-21T17:17:30+08:00 ][ sql ] [ SQL ] SELECT * FROM `qq_group_chat` WHERE  `id` = 8 LIMIT 1 [ RunTime:0.000209s ]
[ 2019-01-21T17:17:30+08:00 ][ sql ] [ SQL ] SELECT * FROM `qq_member` WHERE  `id` = 24 LIMIT 1 [ RunTime:0.001855s ]
[ 2019-01-21T17:17:30+08:00 ][ sql ] [ SQL ] SELECT `id`,`gameid`,`nickname`,`translate`,`headimgurl` FROM `qq_member` WHERE  `id` = 24 LIMIT 1 [ RunTime:0.000991s ]
[ 2019-01-21T17:18:30+08:00 ][ sql ] [ SQL ] INSERT INTO `qq_group_chat_record` (`uid` , `gid` , `msgtype` , `msgdata` , `createtime`) VALUES (24 , 8 , '1' , '发送数据testtest' , 1548062310) [ RunTime:0.000448s ]
[ 2019-01-21T17:18:30+08:00 ][ sql ] [ SQL ] SELECT * FROM `qq_member` WHERE  `id` = 24 LIMIT 1 [ RunTime:0.000364s ]
[ 2019-01-21T17:18:30+08:00 ][ sql ] [ SQL ] SELECT `id`,`gameid`,`nickname`,`translate`,`headimgurl` FROM `qq_member` WHERE  `id` = 24 LIMIT 1 [ RunTime:0.000238s ]
[ 2019-01-21T17:18:30+08:00 ][ sql ] [ SQL ] SELECT * FROM `qq_group_chat` WHERE  `id` = 8 LIMIT 1 [ RunTime:0.000210s ]
[ 2019-01-21T17:18:30+08:00 ][ sql ] [ SQL ] SELECT * FROM `qq_member` WHERE  `id` = 24 LIMIT 1 [ RunTime:0.000788s ]
[ 2019-01-21T17:18:30+08:00 ][ sql ] [ SQL ] SELECT `id`,`gameid`,`nickname`,`translate`,`headimgurl` FROM `qq_member` WHERE  `id` = 24 LIMIT 1 [ RunTime:0.000495s ]
[ 2019-01-21T17:19:30+08:00 ][ sql ] [ SQL ] INSERT INTO `qq_group_chat_record` (`uid` , `gid` , `msgtype` , `msgdata` , `createtime`) VALUES (24 , 8 , '1' , '发送数据testtest' , 1548062370) [ RunTime:0.000703s ]
[ 2019-01-21T17:19:30+08:00 ][ sql ] [ SQL ] SELECT * FROM `qq_member` WHERE  `id` = 24 LIMIT 1 [ RunTime:0.000362s ]
[ 2019-01-21T17:19:30+08:00 ][ sql ] [ SQL ] SELECT `id`,`gameid`,`nickname`,`translate`,`headimgurl` FROM `qq_member` WHERE  `id` = 24 LIMIT 1 [ RunTime:0.000279s ]
[ 2019-01-21T17:19:30+08:00 ][ sql ] [ SQL ] SELECT * FROM `qq_group_chat` WHERE  `id` = 8 LIMIT 1 [ RunTime:0.000248s ]
[ 2019-01-21T17:19:30+08:00 ][ sql ] [ SQL ] SELECT * FROM `qq_member` WHERE  `id` = 24 LIMIT 1 [ RunTime:0.000233s ]
[ 2019-01-21T17:19:30+08:00 ][ sql ] [ SQL ] SELECT `id`,`gameid`,`nickname`,`translate`,`headimgurl` FROM `qq_member` WHERE  `id` = 24 LIMIT 1 [ RunTime:0.000210s ]
[ 2019-01-21T17:21:06+08:00 ][ sql ] [ SQL ] SELECT * FROM `qq_member` WHERE  `session_key` = '49bd0ba090ed9932d9749deffb8d5407' LIMIT 1 [ RunTime:0.002192s ]
[ 2019-01-21T17:22:46+08:00 ][ sql ] [ SQL ] SELECT * FROM `qq_member` WHERE  `session_key` = '49bd0ba090ed9932d9749deffb8d5407' LIMIT 1 [ RunTime:0.000532s ]
[ 2019-01-21T17:22:57+08:00 ][ sql ] [ SQL ] SELECT * FROM `qq_member` WHERE  `session_key` = '49bd0ba090ed9932d9749deffb8d5407' LIMIT 1 [ RunTime:0.000525s ]
[ 2019-01-21T17:23:30+08:00 ][ sql ] [ SQL ] SELECT * FROM `qq_member` WHERE  `session_key` = '49bd0ba090ed9932d9749deffb8d5407' LIMIT 1 [ RunTime:0.003301s ]
[ 2019-01-21T17:25:13+08:00 ][ sql ] [ SQL ] SELECT * FROM `qq_member` WHERE  `session_key` = '49bd0ba090ed9932d9749deffb8d5407' LIMIT 1 [ RunTime:0.000348s ]
[ 2019-01-21T17:27:01+08:00 ][ sql ] [ SQL ] SELECT * FROM `qq_member` WHERE  `session_key` = '49bd0ba090ed9932d9749deffb8d5407' LIMIT 1 [ RunTime:0.000323s ]
[ 2019-01-21T17:27:03+08:00 ][ sql ] [ SQL ] SELECT * FROM `qq_member` WHERE  `session_key` = '49bd0ba090ed9932d9749deffb8d5407' LIMIT 1 [ RunTime:0.000598s ]
[ 2019-01-21T17:32:03+08:00 ][ sql ] [ SQL ] SELECT * FROM `qq_member` WHERE  `session_key` = '49bd0ba090ed9932d9749deffb8d5407' LIMIT 1 [ RunTime:0.000427s ]
[ 2019-01-21T17:36:45+08:00 ][ sql ] [ SQL ] SELECT * FROM `qq_member` WHERE  `session_key` = '49bd0ba090ed9932d9749deffb8d5407' LIMIT 1 [ RunTime:0.000563s ]
[ 2019-01-21T17:36:48+08:00 ][ sql ] [ SQL ] SELECT * FROM `qq_member` WHERE  `session_key` = '49bd0ba090ed9932d9749deffb8d5407' LIMIT 1 [ RunTime:0.000386s ]
[ 2019-01-21T17:36:51+08:00 ][ sql ] [ SQL ] SELECT * FROM `qq_member` WHERE  `session_key` = '49bd0ba090ed9932d9749deffb8d5407' LIMIT 1 [ RunTime:0.000407s ]
[ 2019-01-21T17:38:00+08:00 ][ sql ] [ SQL ] SELECT * FROM `qq_member` WHERE  `session_key` = '49bd0ba090ed9932d9749deffb8d5407' LIMIT 1 [ RunTime:0.000376s ]
[ 2019-01-21T17:38:04+08:00 ][ sql ] [ SQL ] SELECT * FROM `qq_member` WHERE  `session_key` = '49bd0ba090ed9932d9749deffb8d5407' LIMIT 1 [ RunTime:0.000366s ]
[ 2019-01-21T17:38:08+08:00 ][ sql ] [ SQL ] SELECT * FROM `qq_member` WHERE  `session_key` = '49bd0ba090ed9932d9749deffb8d5407' LIMIT 1 [ RunTime:0.000407s ]
[ 2019-01-21T17:38:54+08:00 ][ sql ] [ SQL ] SELECT * FROM `qq_member` WHERE  `session_key` = '49bd0ba090ed9932d9749deffb8d5407' LIMIT 1 [ RunTime:0.000510s ]
[ 2019-01-21T17:38:56+08:00 ][ sql ] [ SQL ] SELECT * FROM `qq_member` WHERE  `session_key` = '49bd0ba090ed9932d9749deffb8d5407' LIMIT 1 [ RunTime:0.000315s ]
[ 2019-01-21T17:39:17+08:00 ][ sql ] [ SQL ] SELECT * FROM `qq_member` WHERE  `session_key` = '49bd0ba090ed9932d9749deffb8d5407' LIMIT 1 [ RunTime:0.000464s ]
[ 2019-01-21T17:39:31+08:00 ][ sql ] [ SQL ] SELECT * FROM `qq_member` WHERE  `session_key` = '49bd0ba090ed9932d9749deffb8d5407' LIMIT 1 [ RunTime:0.000353s ]
[ 2019-01-21T17:40:57+08:00 ][ sql ] [ SQL ] SELECT * FROM `qq_member` WHERE  `session_key` = '90855d9b593278de95ceae23fa269113' LIMIT 1 [ RunTime:0.000806s ]
[ 2019-01-21T17:40:57+08:00 ][ sql ] [ SQL ] SELECT `id`,`gameid`,`nickname`,`translate`,`headimgurl` FROM `qq_member` WHERE  `session_key` = '90855d9b593278de95ceae23fa269113' LIMIT 1 [ RunTime:0.000504s ]
[ 2019-01-21T17:40:57+08:00 ][ sql ] [ SQL ] SELECT * FROM `qq_group_member` WHERE  `uid` = 24  AND `state` = '1' [ RunTime:0.000377s ]
[ 2019-01-21T17:40:59+08:00 ][ sql ] [ SQL ] SELECT * FROM `qq_member` WHERE  `session_key` = '90855d9b593278de95ceae23fa269113' LIMIT 1 [ RunTime:0.000382s ]
[ 2019-01-21T17:40:59+08:00 ][ sql ] [ SQL ] SELECT `id`,`gameid`,`nickname`,`translate`,`headimgurl` FROM `qq_member` WHERE  `session_key` = '90855d9b593278de95ceae23fa269113' LIMIT 1 [ RunTime:0.000296s ]
[ 2019-01-21T17:40:59+08:00 ][ sql ] [ SQL ] SELECT * FROM `qq_group_member` WHERE  `uid` = 24  AND `state` = '1' [ RunTime:0.000318s ]
[ 2019-01-21T17:41:15+08:00 ][ sql ] [ SQL ] SELECT * FROM `qq_member` WHERE  `session_key` = '8662e3da1dd3d6aefa7de37516ea5be9' LIMIT 1 [ RunTime:0.000373s ]
[ 2019-01-21T17:41:15+08:00 ][ sql ] [ SQL ] SELECT `id`,`gameid`,`nickname`,`translate`,`headimgurl` FROM `qq_member` WHERE  `session_key` = '8662e3da1dd3d6aefa7de37516ea5be9' LIMIT 1 [ RunTime:0.000306s ]
[ 2019-01-21T17:41:15+08:00 ][ sql ] [ SQL ] SELECT * FROM `qq_group_member` WHERE  `uid` = 24  AND `state` = '1' [ RunTime:0.000339s ]
[ 2019-01-21T17:41:25+08:00 ][ sql ] [ SQL ] SELECT * FROM `qq_member` WHERE  `session_key` = '8662e3da1dd3d6aefa7de37516ea5be9' LIMIT 1 [ RunTime:0.000459s ]
[ 2019-01-21T17:41:25+08:00 ][ sql ] [ SQL ] SELECT `id`,`gameid`,`nickname`,`translate`,`headimgurl` FROM `qq_member` WHERE  `session_key` = '8662e3da1dd3d6aefa7de37516ea5be9' LIMIT 1 [ RunTime:0.000323s ]
[ 2019-01-21T17:41:25+08:00 ][ sql ] [ SQL ] SELECT * FROM `qq_group_member` WHERE  `uid` = 24  AND `state` = '1' [ RunTime:0.000293s ]
[ 2019-01-21T17:41:30+08:00 ][ sql ] [ SQL ] INSERT INTO `qq_group_chat_record` (`uid` , `gid` , `msgtype` , `msgdata` , `createtime`) VALUES (24 , 8 , '1' , '123123' , 1548063690) [ RunTime:0.000559s ]
[ 2019-01-21T17:41:30+08:00 ][ sql ] [ SQL ] SELECT * FROM `qq_member` WHERE  `id` = 24 LIMIT 1 [ RunTime:0.000331s ]
[ 2019-01-21T17:41:30+08:00 ][ sql ] [ SQL ] SELECT `id`,`gameid`,`nickname`,`translate`,`headimgurl` FROM `qq_member` WHERE  `id` = 24 LIMIT 1 [ RunTime:0.000248s ]
[ 2019-01-21T17:41:30+08:00 ][ sql ] [ SQL ] SELECT * FROM `qq_group_chat` WHERE  `id` = 8 LIMIT 1 [ RunTime:0.000346s ]
[ 2019-01-21T17:41:30+08:00 ][ sql ] [ SQL ] SELECT * FROM `qq_member` WHERE  `id` = 24 LIMIT 1 [ RunTime:0.000617s ]
[ 2019-01-21T17:41:30+08:00 ][ sql ] [ SQL ] SELECT `id`,`gameid`,`nickname`,`translate`,`headimgurl` FROM `qq_member` WHERE  `id` = 24 LIMIT 1 [ RunTime:0.000370s ]
[ 2019-01-21T17:41:34+08:00 ][ sql ] [ SQL ] SELECT * FROM `qq_member` WHERE  `session_key` = '601ba8e7e3e95484d750d14ef1913135' LIMIT 1 [ RunTime:0.006287s ]
[ 2019-01-21T17:41:34+08:00 ][ sql ] [ SQL ] SELECT `id`,`gameid`,`nickname`,`translate`,`headimgurl` FROM `qq_member` WHERE  `session_key` = '601ba8e7e3e95484d750d14ef1913135' LIMIT 1 [ RunTime:0.000997s ]
[ 2019-01-21T17:41:34+08:00 ][ sql ] [ SQL ] SELECT * FROM `qq_group_member` WHERE  `uid` = 25  AND `state` = '1' [ RunTime:0.000868s ]
[ 2019-01-21T17:42:08+08:00 ][ sql ] [ SQL ] SELECT * FROM `qq_member` WHERE  `session_key` = '8662e3da1dd3d6aefa7de37516ea5be9' LIMIT 1 [ RunTime:0.000503s ]
[ 2019-01-21T17:42:08+08:00 ][ sql ] [ SQL ] SELECT `id`,`gameid`,`nickname`,`translate`,`headimgurl` FROM `qq_member` WHERE  `session_key` = '8662e3da1dd3d6aefa7de37516ea5be9' LIMIT 1 [ RunTime:0.000314s ]
[ 2019-01-21T17:42:08+08:00 ][ sql ] [ SQL ] SELECT * FROM `qq_group_member` WHERE  `uid` = 24  AND `state` = '1' [ RunTime:0.000303s ]
[ 2019-01-21T17:44:06+08:00 ][ sql ] [ SQL ] SELECT * FROM `qq_member` WHERE  `session_key` = '601ba8e7e3e95484d750d14ef1913135' LIMIT 1 [ RunTime:0.000507s ]
[ 2019-01-21T17:44:06+08:00 ][ sql ] [ SQL ] SELECT `id`,`gameid`,`nickname`,`translate`,`headimgurl` FROM `qq_member` WHERE  `session_key` = '601ba8e7e3e95484d750d14ef1913135' LIMIT 1 [ RunTime:0.000360s ]
[ 2019-01-21T17:44:06+08:00 ][ sql ] [ SQL ] SELECT * FROM `qq_group_member` WHERE  `uid` = 25  AND `state` = '1' [ RunTime:0.000772s ]
[ 2019-01-21T17:44:08+08:00 ][ sql ] [ SQL ] SELECT * FROM `qq_member` WHERE  `session_key` = '601ba8e7e3e95484d750d14ef1913135' LIMIT 1 [ RunTime:0.000870s ]
[ 2019-01-21T17:44:08+08:00 ][ sql ] [ SQL ] SELECT `id`,`gameid`,`nickname`,`translate`,`headimgurl` FROM `qq_member` WHERE  `session_key` = '601ba8e7e3e95484d750d14ef1913135' LIMIT 1 [ RunTime:0.001081s ]
[ 2019-01-21T17:44:08+08:00 ][ sql ] [ SQL ] SELECT * FROM `qq_group_member` WHERE  `uid` = 25  AND `state` = '1' [ RunTime:0.000503s ]
[ 2019-01-21T17:44:14+08:00 ][ sql ] [ SQL ] INSERT INTO `qq_group_chat_record` (`uid` , `gid` , `msgtype` , `msgdata` , `createtime`) VALUES (25 , 8 , '1' , '111' , 1548063854) [ RunTime:0.000548s ]
[ 2019-01-21T17:44:14+08:00 ][ sql ] [ SQL ] SELECT * FROM `qq_member` WHERE  `id` = 25 LIMIT 1 [ RunTime:0.000679s ]
[ 2019-01-21T17:44:14+08:00 ][ sql ] [ SQL ] SELECT `id`,`gameid`,`nickname`,`translate`,`headimgurl` FROM `qq_member` WHERE  `id` = 25 LIMIT 1 [ RunTime:0.000962s ]
[ 2019-01-21T17:44:14+08:00 ][ sql ] [ SQL ] SELECT * FROM `qq_group_chat` WHERE  `id` = 8 LIMIT 1 [ RunTime:0.000496s ]
[ 2019-01-21T17:44:14+08:00 ][ sql ] [ SQL ] SELECT * FROM `qq_member` WHERE  `id` = 25 LIMIT 1 [ RunTime:0.001511s ]
[ 2019-01-21T17:44:14+08:00 ][ sql ] [ SQL ] SELECT `id`,`gameid`,`nickname`,`translate`,`headimgurl` FROM `qq_member` WHERE  `id` = 25 LIMIT 1 [ RunTime:0.005015s ]
[ 2019-01-21T17:45:18+08:00 ][ sql ] [ SQL ] SELECT * FROM `qq_member` WHERE  `session_key` = '8662e3da1dd3d6aefa7de37516ea5be9' LIMIT 1 [ RunTime:0.000396s ]
[ 2019-01-21T17:45:18+08:00 ][ sql ] [ SQL ] SELECT `id`,`gameid`,`nickname`,`translate`,`headimgurl` FROM `qq_member` WHERE  `session_key` = '8662e3da1dd3d6aefa7de37516ea5be9' LIMIT 1 [ RunTime:0.000231s ]
[ 2019-01-21T17:45:18+08:00 ][ sql ] [ SQL ] SELECT * FROM `qq_group_member` WHERE  `uid` = 24  AND `state` = '1' [ RunTime:0.000222s ]
[ 2019-01-21T17:45:19+08:00 ][ sql ] [ SQL ] SELECT * FROM `qq_member` WHERE  `session_key` = '8662e3da1dd3d6aefa7de37516ea5be9' LIMIT 1 [ RunTime:0.000472s ]
[ 2019-01-21T17:45:19+08:00 ][ sql ] [ SQL ] SELECT `id`,`gameid`,`nickname`,`translate`,`headimgurl` FROM `qq_member` WHERE  `session_key` = '8662e3da1dd3d6aefa7de37516ea5be9' LIMIT 1 [ RunTime:0.000315s ]
[ 2019-01-21T17:45:19+08:00 ][ sql ] [ SQL ] SELECT * FROM `qq_group_member` WHERE  `uid` = 24  AND `state` = '1' [ RunTime:0.000275s ]
[ 2019-01-21T17:45:57+08:00 ][ sql ] [ SQL ] SELECT * FROM `qq_member` WHERE  `session_key` = '8662e3da1dd3d6aefa7de37516ea5be9' LIMIT 1 [ RunTime:0.000320s ]
[ 2019-01-21T17:45:57+08:00 ][ sql ] [ SQL ] SELECT `id`,`gameid`,`nickname`,`translate`,`headimgurl` FROM `qq_member` WHERE  `session_key` = '8662e3da1dd3d6aefa7de37516ea5be9' LIMIT 1 [ RunTime:0.000232s ]
[ 2019-01-21T17:45:57+08:00 ][ sql ] [ SQL ] SELECT * FROM `qq_group_member` WHERE  `uid` = 24  AND `state` = '1' [ RunTime:0.000396s ]
[ 2019-01-21T17:46:07+08:00 ][ sql ] [ SQL ] INSERT INTO `qq_group_chat_record` (`uid` , `gid` , `msgtype` , `msgdata` , `createtime`) VALUES (24 , 8 , '1' , '1个几把' , 1548063967) [ RunTime:0.000405s ]
[ 2019-01-21T17:46:07+08:00 ][ sql ] [ SQL ] SELECT * FROM `qq_member` WHERE  `id` = 24 LIMIT 1 [ RunTime:0.000332s ]
[ 2019-01-21T17:46:07+08:00 ][ sql ] [ SQL ] SELECT `id`,`gameid`,`nickname`,`translate`,`headimgurl` FROM `qq_member` WHERE  `id` = 24 LIMIT 1 [ RunTime:0.000280s ]
[ 2019-01-21T17:46:07+08:00 ][ sql ] [ SQL ] SELECT * FROM `qq_group_chat` WHERE  `id` = 8 LIMIT 1 [ RunTime:0.000207s ]
[ 2019-01-21T17:46:07+08:00 ][ sql ] [ SQL ] SELECT * FROM `qq_member` WHERE  `id` = 24 LIMIT 1 [ RunTime:0.001031s ]
[ 2019-01-21T17:46:07+08:00 ][ sql ] [ SQL ] SELECT `id`,`gameid`,`nickname`,`translate`,`headimgurl` FROM `qq_member` WHERE  `id` = 24 LIMIT 1 [ RunTime:0.000628s ]
[ 2019-01-21T17:46:53+08:00 ][ sql ] [ SQL ] SELECT * FROM `qq_member` WHERE  `session_key` = '601ba8e7e3e95484d750d14ef1913135' LIMIT 1 [ RunTime:0.000741s ]
[ 2019-01-21T17:46:53+08:00 ][ sql ] [ SQL ] SELECT `id`,`gameid`,`nickname`,`translate`,`headimgurl` FROM `qq_member` WHERE  `session_key` = '601ba8e7e3e95484d750d14ef1913135' LIMIT 1 [ RunTime:0.000474s ]
[ 2019-01-21T17:46:53+08:00 ][ sql ] [ SQL ] SELECT * FROM `qq_group_member` WHERE  `uid` = 25  AND `state` = '1' [ RunTime:0.000389s ]
[ 2019-01-21T17:46:55+08:00 ][ sql ] [ SQL ] SELECT * FROM `qq_member` WHERE  `session_key` = '601ba8e7e3e95484d750d14ef1913135' LIMIT 1 [ RunTime:0.000667s ]
[ 2019-01-21T17:46:55+08:00 ][ sql ] [ SQL ] SELECT `id`,`gameid`,`nickname`,`translate`,`headimgurl` FROM `qq_member` WHERE  `session_key` = '601ba8e7e3e95484d750d14ef1913135' LIMIT 1 [ RunTime:0.000394s ]
[ 2019-01-21T17:46:55+08:00 ][ sql ] [ SQL ] SELECT * FROM `qq_group_member` WHERE  `uid` = 25  AND `state` = '1' [ RunTime:0.000407s ]
[ 2019-01-21T17:47:38+08:00 ][ sql ] [ SQL ] SELECT * FROM `qq_member` WHERE  `session_key` = '8662e3da1dd3d6aefa7de37516ea5be9' LIMIT 1 [ RunTime:0.000385s ]
[ 2019-01-21T17:47:38+08:00 ][ sql ] [ SQL ] SELECT `id`,`gameid`,`nickname`,`translate`,`headimgurl` FROM `qq_member` WHERE  `session_key` = '8662e3da1dd3d6aefa7de37516ea5be9' LIMIT 1 [ RunTime:0.000216s ]
[ 2019-01-21T17:47:38+08:00 ][ sql ] [ SQL ] SELECT * FROM `qq_group_member` WHERE  `uid` = 24  AND `state` = '1' [ RunTime:0.000261s ]
[ 2019-01-21T17:48:08+08:00 ][ sql ] [ SQL ] INSERT INTO `qq_group_chat_record` (`uid` , `gid` , `msgtype` , `msgdata` , `createtime`) VALUES (25 , 8 , '1' , '123124' , 1548064088) [ RunTime:0.000585s ]
[ 2019-01-21T17:48:08+08:00 ][ sql ] [ SQL ] SELECT * FROM `qq_member` WHERE  `id` = 25 LIMIT 1 [ RunTime:0.000899s ]
[ 2019-01-21T17:48:08+08:00 ][ sql ] [ SQL ] SELECT `id`,`gameid`,`nickname`,`translate`,`headimgurl` FROM `qq_member` WHERE  `id` = 25 LIMIT 1 [ RunTime:0.000556s ]
[ 2019-01-21T17:48:08+08:00 ][ sql ] [ SQL ] SELECT * FROM `qq_group_chat` WHERE  `id` = 8 LIMIT 1 [ RunTime:0.000417s ]
[ 2019-01-21T17:48:08+08:00 ][ sql ] [ SQL ] SELECT * FROM `qq_member` WHERE  `id` = 25 LIMIT 1 [ RunTime:0.001318s ]
[ 2019-01-21T17:48:08+08:00 ][ sql ] [ SQL ] SELECT `id`,`gameid`,`nickname`,`translate`,`headimgurl` FROM `qq_member` WHERE  `id` = 25 LIMIT 1 [ RunTime:0.001340s ]
[ 2019-01-21T17:48:39+08:00 ][ sql ] [ SQL ] INSERT INTO `qq_group_chat_record` (`uid` , `gid` , `msgtype` , `msgdata` , `createtime`) VALUES (24 , 8 , '1' , '123' , 1548064119) [ RunTime:0.000440s ]
[ 2019-01-21T17:48:39+08:00 ][ sql ] [ SQL ] SELECT * FROM `qq_member` WHERE  `id` = 24 LIMIT 1 [ RunTime:0.000283s ]
[ 2019-01-21T17:48:39+08:00 ][ sql ] [ SQL ] SELECT `id`,`gameid`,`nickname`,`translate`,`headimgurl` FROM `qq_member` WHERE  `id` = 24 LIMIT 1 [ RunTime:0.000210s ]
[ 2019-01-21T17:48:39+08:00 ][ sql ] [ SQL ] SELECT * FROM `qq_group_chat` WHERE  `id` = 8 LIMIT 1 [ RunTime:0.000288s ]
[ 2019-01-21T17:48:39+08:00 ][ sql ] [ SQL ] SELECT * FROM `qq_member` WHERE  `id` = 24 LIMIT 1 [ RunTime:0.000585s ]
[ 2019-01-21T17:48:39+08:00 ][ sql ] [ SQL ] SELECT `id`,`gameid`,`nickname`,`translate`,`headimgurl` FROM `qq_member` WHERE  `id` = 24 LIMIT 1 [ RunTime:0.000255s ]
[ 2019-01-21T17:49:06+08:00 ][ sql ] [ SQL ] SELECT * FROM `qq_member` WHERE  `session_key` = '601ba8e7e3e95484d750d14ef1913135' LIMIT 1 [ RunTime:0.001623s ]
[ 2019-01-21T17:49:06+08:00 ][ sql ] [ SQL ] SELECT `id`,`gameid`,`nickname`,`translate`,`headimgurl` FROM `qq_member` WHERE  `session_key` = '601ba8e7e3e95484d750d14ef1913135' LIMIT 1 [ RunTime:0.000351s ]
[ 2019-01-21T17:49:06+08:00 ][ sql ] [ SQL ] SELECT * FROM `qq_group_member` WHERE  `uid` = 25  AND `state` = '1' [ RunTime:0.000583s ]
[ 2019-01-21T17:49:07+08:00 ][ sql ] [ SQL ] SELECT * FROM `qq_member` WHERE  `session_key` = '601ba8e7e3e95484d750d14ef1913135' LIMIT 1 [ RunTime:0.000390s ]
[ 2019-01-21T17:49:07+08:00 ][ sql ] [ SQL ] SELECT `id`,`gameid`,`nickname`,`translate`,`headimgurl` FROM `qq_member` WHERE  `session_key` = '601ba8e7e3e95484d750d14ef1913135' LIMIT 1 [ RunTime:0.000369s ]
[ 2019-01-21T17:49:07+08:00 ][ sql ] [ SQL ] SELECT * FROM `qq_group_member` WHERE  `uid` = 25  AND `state` = '1' [ RunTime:0.000448s ]
[ 2019-01-21T17:50:02+08:00 ][ sql ] [ SQL ] SELECT * FROM `qq_member` WHERE  `session_key` = 'a01b4f87ee00769ca4987d2a4d76bdf6' LIMIT 1 [ RunTime:0.000809s ]
[ 2019-01-21T17:50:02+08:00 ][ sql ] [ SQL ] SELECT `id`,`gameid`,`nickname`,`translate`,`headimgurl` FROM `qq_member` WHERE  `session_key` = 'a01b4f87ee00769ca4987d2a4d76bdf6' LIMIT 1 [ RunTime:0.004639s ]
[ 2019-01-21T17:50:02+08:00 ][ sql ] [ SQL ] SELECT * FROM `qq_group_member` WHERE  `uid` = 25  AND `state` = '1' [ RunTime:0.000505s ]
[ 2019-01-21T17:50:23+08:00 ][ sql ] [ SQL ] SELECT * FROM `qq_member` WHERE  `session_key` = '8662e3da1dd3d6aefa7de37516ea5be9' LIMIT 1 [ RunTime:0.002401s ]
[ 2019-01-21T17:50:23+08:00 ][ sql ] [ SQL ] SELECT `id`,`gameid`,`nickname`,`translate`,`headimgurl` FROM `qq_member` WHERE  `session_key` = '8662e3da1dd3d6aefa7de37516ea5be9' LIMIT 1 [ RunTime:0.001130s ]
[ 2019-01-21T17:50:23+08:00 ][ sql ] [ SQL ] SELECT * FROM `qq_group_member` WHERE  `uid` = 24  AND `state` = '1' [ RunTime:0.000312s ]
[ 2019-01-21T17:50:38+08:00 ][ sql ] [ SQL ] SELECT * FROM `qq_member` WHERE  `session_key` = 'b8925d46c50c4121272a216ce7d23455' LIMIT 1 [ RunTime:0.000460s ]
[ 2019-01-21T17:50:38+08:00 ][ sql ] [ SQL ] SELECT `id`,`gameid`,`nickname`,`translate`,`headimgurl` FROM `qq_member` WHERE  `session_key` = 'b8925d46c50c4121272a216ce7d23455' LIMIT 1 [ RunTime:0.000340s ]
[ 2019-01-21T17:50:38+08:00 ][ sql ] [ SQL ] SELECT * FROM `qq_group_member` WHERE  `uid` = 24  AND `state` = '1' [ RunTime:0.000266s ]
[ 2019-01-21T17:50:46+08:00 ][ sql ] [ SQL ] INSERT INTO `qq_group_chat_record` (`uid` , `gid` , `msgtype` , `msgdata` , `createtime`) VALUES (24 , 8 , '1' , 'hihihihi' , 1548064246) [ RunTime:0.000400s ]
[ 2019-01-21T17:50:46+08:00 ][ sql ] [ SQL ] SELECT * FROM `qq_member` WHERE  `id` = 24 LIMIT 1 [ RunTime:0.000294s ]
[ 2019-01-21T17:50:46+08:00 ][ sql ] [ SQL ] SELECT `id`,`gameid`,`nickname`,`translate`,`headimgurl` FROM `qq_member` WHERE  `id` = 24 LIMIT 1 [ RunTime:0.000276s ]
[ 2019-01-21T17:50:46+08:00 ][ sql ] [ SQL ] SELECT * FROM `qq_group_chat` WHERE  `id` = 8 LIMIT 1 [ RunTime:0.000204s ]
[ 2019-01-21T17:50:46+08:00 ][ sql ] [ SQL ] SELECT * FROM `qq_member` WHERE  `id` = 24 LIMIT 1 [ RunTime:0.000248s ]
[ 2019-01-21T17:50:46+08:00 ][ sql ] [ SQL ] SELECT `id`,`gameid`,`nickname`,`translate`,`headimgurl` FROM `qq_member` WHERE  `id` = 24 LIMIT 1 [ RunTime:0.000196s ]
[ 2019-01-21T17:53:31+08:00 ][ sql ] [ SQL ] INSERT INTO `qq_group_chat_record` (`uid` , `gid` , `msgtype` , `msgdata` , `createtime`) VALUES (24 , 8 , '1' , '123' , 1548064411) [ RunTime:0.000462s ]
[ 2019-01-21T17:53:31+08:00 ][ sql ] [ SQL ] SELECT * FROM `qq_member` WHERE  `id` = 24 LIMIT 1 [ RunTime:0.000242s ]
[ 2019-01-21T17:53:31+08:00 ][ sql ] [ SQL ] SELECT `id`,`gameid`,`nickname`,`translate`,`headimgurl` FROM `qq_member` WHERE  `id` = 24 LIMIT 1 [ RunTime:0.000209s ]
[ 2019-01-21T17:53:31+08:00 ][ sql ] [ SQL ] SELECT * FROM `qq_group_chat` WHERE  `id` = 8 LIMIT 1 [ RunTime:0.000305s ]
[ 2019-01-21T17:53:31+08:00 ][ sql ] [ SQL ] SELECT * FROM `qq_member` WHERE  `id` = 24 LIMIT 1 [ RunTime:0.000499s ]
[ 2019-01-21T17:53:31+08:00 ][ sql ] [ SQL ] SELECT `id`,`gameid`,`nickname`,`translate`,`headimgurl` FROM `qq_member` WHERE  `id` = 24 LIMIT 1 [ RunTime:0.000241s ]
[ 2019-01-21T17:54:52+08:00 ][ info ] [ LANG ] /www/wwwroot/tete/thinkphp/lang/zh-cn.php
[ 2019-01-21T17:54:56+08:00 ][ info ] [ DB ] INIT mysql
[ 2019-01-21T17:54:56+08:00 ][ sql ] [ DB ] CONNECT:[ UseTime:0.000533s ] mysql:host=192.168.3.102;port=3306;dbname=qq;charset=utf8
[ 2019-01-21T17:54:56+08:00 ][ sql ] [ SQL ] SHOW COLUMNS FROM `qq_member` [ RunTime:0.000834s ]
[ 2019-01-21T17:54:56+08:00 ][ sql ] [ SQL ] SELECT * FROM `qq_member` WHERE  `session_key` = 'b8925d46c50c4121272a216ce7d23455' LIMIT 1 [ RunTime:0.003726s ]
[ 2019-01-21T17:54:56+08:00 ][ sql ] [ SQL ] SELECT `id`,`gameid`,`nickname`,`translate`,`headimgurl` FROM `qq_member` WHERE  `session_key` = 'b8925d46c50c4121272a216ce7d23455' LIMIT 1 [ RunTime:0.000326s ]
[ 2019-01-21T17:54:56+08:00 ][ sql ] [ SQL ] SHOW COLUMNS FROM `qq_group_member` [ RunTime:0.000865s ]
[ 2019-01-21T17:54:56+08:00 ][ sql ] [ SQL ] SELECT * FROM `qq_group_member` WHERE  `uid` = 24  AND `state` = '1' [ RunTime:0.000340s ]
[ 2019-01-21T17:55:04+08:00 ][ sql ] [ SQL ] SHOW COLUMNS FROM `qq_group_chat_record` [ RunTime:0.000854s ]
[ 2019-01-21T17:55:04+08:00 ][ sql ] [ SQL ] INSERT INTO `qq_group_chat_record` (`uid` , `gid` , `msgtype` , `msgdata` , `createtime`) VALUES (24 , 8 , '1' , 'hahah ' , 1548064504) [ RunTime:0.000261s ]
[ 2019-01-21T17:55:04+08:00 ][ sql ] [ SQL ] SELECT * FROM `qq_member` WHERE  `id` = 24 LIMIT 1 [ RunTime:0.000231s ]
[ 2019-01-21T17:55:04+08:00 ][ sql ] [ SQL ] SELECT `id`,`gameid`,`nickname`,`translate`,`headimgurl` FROM `qq_member` WHERE  `id` = 24 LIMIT 1 [ RunTime:0.000275s ]
[ 2019-01-21T17:55:04+08:00 ][ sql ] [ SQL ] SHOW COLUMNS FROM `qq_group_chat` [ RunTime:0.000757s ]
[ 2019-01-21T17:55:04+08:00 ][ sql ] [ SQL ] SELECT * FROM `qq_group_chat` WHERE  `id` = 8 LIMIT 1 [ RunTime:0.000250s ]
[ 2019-01-21T17:55:04+08:00 ][ sql ] [ SQL ] SELECT * FROM `qq_member` WHERE  `id` = 24 LIMIT 1 [ RunTime:0.001241s ]
[ 2019-01-21T17:55:04+08:00 ][ sql ] [ SQL ] SELECT `id`,`gameid`,`nickname`,`translate`,`headimgurl` FROM `qq_member` WHERE  `id` = 24 LIMIT 1 [ RunTime:0.001355s ]
[ 2019-01-21T17:56:21+08:00 ][ sql ] [ SQL ] SELECT * FROM `qq_member` WHERE  `session_key` = 'b8925d46c50c4121272a216ce7d23455' LIMIT 1 [ RunTime:0.000722s ]
[ 2019-01-21T17:56:21+08:00 ][ sql ] [ SQL ] SELECT `id`,`gameid`,`nickname`,`translate`,`headimgurl` FROM `qq_member` WHERE  `session_key` = 'b8925d46c50c4121272a216ce7d23455' LIMIT 1 [ RunTime:0.000494s ]
[ 2019-01-21T17:56:21+08:00 ][ sql ] [ SQL ] SELECT * FROM `qq_group_member` WHERE  `uid` = 24  AND `state` = '1' [ RunTime:0.000499s ]
[ 2019-01-21T17:56:21+08:00 ][ sql ] [ SQL ] SELECT * FROM `qq_member` WHERE  `session_key` = 'a01b4f87ee00769ca4987d2a4d76bdf6' LIMIT 1 [ RunTime:0.000895s ]
[ 2019-01-21T17:56:21+08:00 ][ sql ] [ SQL ] SELECT `id`,`gameid`,`nickname`,`translate`,`headimgurl` FROM `qq_member` WHERE  `session_key` = 'a01b4f87ee00769ca4987d2a4d76bdf6' LIMIT 1 [ RunTime:0.000995s ]
[ 2019-01-21T17:56:21+08:00 ][ sql ] [ SQL ] SELECT * FROM `qq_group_member` WHERE  `uid` = 25  AND `state` = '1' [ RunTime:0.000864s ]
[ 2019-01-21T17:56:23+08:00 ][ sql ] [ SQL ] SELECT * FROM `qq_member` WHERE  `session_key` = 'b8925d46c50c4121272a216ce7d23455' LIMIT 1 [ RunTime:0.000315s ]
[ 2019-01-21T17:56:23+08:00 ][ sql ] [ SQL ] SELECT `id`,`gameid`,`nickname`,`translate`,`headimgurl` FROM `qq_member` WHERE  `session_key` = 'b8925d46c50c4121272a216ce7d23455' LIMIT 1 [ RunTime:0.000215s ]
[ 2019-01-21T17:56:23+08:00 ][ sql ] [ SQL ] SELECT * FROM `qq_group_member` WHERE  `uid` = 24  AND `state` = '1' [ RunTime:0.000296s ]
[ 2019-01-21T17:56:25+08:00 ][ sql ] [ SQL ] SELECT * FROM `qq_member` WHERE  `session_key` = 'b8925d46c50c4121272a216ce7d23455' LIMIT 1 [ RunTime:0.000344s ]
[ 2019-01-21T17:56:25+08:00 ][ sql ] [ SQL ] SELECT `id`,`gameid`,`nickname`,`translate`,`headimgurl` FROM `qq_member` WHERE  `session_key` = 'b8925d46c50c4121272a216ce7d23455' LIMIT 1 [ RunTime:0.000293s ]
[ 2019-01-21T17:56:25+08:00 ][ sql ] [ SQL ] SELECT * FROM `qq_group_member` WHERE  `uid` = 24  AND `state` = '1' [ RunTime:0.000264s ]
[ 2019-01-21T17:58:06+08:00 ][ sql ] [ SQL ] INSERT INTO `qq_group_chat_record` (`uid` , `gid` , `msgtype` , `msgdata` , `createtime`) VALUES (24 , 8 , '1' , 'ccc' , 1548064686) [ RunTime:0.000427s ]
[ 2019-01-21T17:58:06+08:00 ][ sql ] [ SQL ] SELECT * FROM `qq_member` WHERE  `id` = 24 LIMIT 1 [ RunTime:0.000283s ]
[ 2019-01-21T17:58:06+08:00 ][ sql ] [ SQL ] SELECT `id`,`gameid`,`nickname`,`translate`,`headimgurl` FROM `qq_member` WHERE  `id` = 24 LIMIT 1 [ RunTime:0.000219s ]
[ 2019-01-21T17:58:06+08:00 ][ sql ] [ SQL ] SELECT * FROM `qq_group_chat` WHERE  `id` = 8 LIMIT 1 [ RunTime:0.000526s ]
[ 2019-01-21T17:58:06+08:00 ][ sql ] [ SQL ] SELECT * FROM `qq_member` WHERE  `id` = 24 LIMIT 1 [ RunTime:0.000942s ]
[ 2019-01-21T17:58:06+08:00 ][ sql ] [ SQL ] SELECT `id`,`gameid`,`nickname`,`translate`,`headimgurl` FROM `qq_member` WHERE  `id` = 24 LIMIT 1 [ RunTime:0.000422s ]
[ 2019-01-21T17:58:33+08:00 ][ sql ] [ SQL ] INSERT INTO `qq_group_chat_record` (`uid` , `gid` , `msgtype` , `msgdata` , `createtime`) VALUES (24 , 8 , '1' , '123' , 1548064713) [ RunTime:0.000408s ]
[ 2019-01-21T17:58:33+08:00 ][ sql ] [ SQL ] SELECT * FROM `qq_member` WHERE  `id` = 24 LIMIT 1 [ RunTime:0.000252s ]
[ 2019-01-21T17:58:33+08:00 ][ sql ] [ SQL ] SELECT `id`,`gameid`,`nickname`,`translate`,`headimgurl` FROM `qq_member` WHERE  `id` = 24 LIMIT 1 [ RunTime:0.000238s ]
[ 2019-01-21T17:58:33+08:00 ][ sql ] [ SQL ] SELECT * FROM `qq_group_chat` WHERE  `id` = 8 LIMIT 1 [ RunTime:0.000246s ]
[ 2019-01-21T17:58:33+08:00 ][ sql ] [ SQL ] SELECT * FROM `qq_member` WHERE  `id` = 24 LIMIT 1 [ RunTime:0.000435s ]
[ 2019-01-21T17:58:33+08:00 ][ sql ] [ SQL ] SELECT `id`,`gameid`,`nickname`,`translate`,`headimgurl` FROM `qq_member` WHERE  `id` = 24 LIMIT 1 [ RunTime:0.000315s ]
[ 2019-01-21T17:58:54+08:00 ][ sql ] [ SQL ] INSERT INTO `qq_group_chat_record` (`uid` , `gid` , `msgtype` , `msgdata` , `createtime`) VALUES (24 , 8 , '1' , '233' , 1548064734) [ RunTime:0.000590s ]
[ 2019-01-21T17:58:54+08:00 ][ sql ] [ SQL ] SELECT * FROM `qq_member` WHERE  `id` = 24 LIMIT 1 [ RunTime:0.000255s ]
[ 2019-01-21T17:58:54+08:00 ][ sql ] [ SQL ] SELECT `id`,`gameid`,`nickname`,`translate`,`headimgurl` FROM `qq_member` WHERE  `id` = 24 LIMIT 1 [ RunTime:0.000211s ]
[ 2019-01-21T17:58:54+08:00 ][ sql ] [ SQL ] SELECT * FROM `qq_group_chat` WHERE  `id` = 8 LIMIT 1 [ RunTime:0.000207s ]
[ 2019-01-21T17:58:54+08:00 ][ sql ] [ SQL ] SELECT * FROM `qq_member` WHERE  `id` = 24 LIMIT 1 [ RunTime:0.000577s ]
[ 2019-01-21T17:58:54+08:00 ][ sql ] [ SQL ] SELECT `id`,`gameid`,`nickname`,`translate`,`headimgurl` FROM `qq_member` WHERE  `id` = 24 LIMIT 1 [ RunTime:0.000246s ]
[ 2019-01-21T18:01:23+08:00 ][ sql ] [ SQL ] INSERT INTO `qq_group_chat_record` (`uid` , `gid` , `msgtype` , `msgdata` , `createtime`) VALUES (24 , 8 , '1' , '2131244214' , 1548064883) [ RunTime:0.000637s ]
[ 2019-01-21T18:01:23+08:00 ][ sql ] [ SQL ] SELECT * FROM `qq_member` WHERE  `id` = 24 LIMIT 1 [ RunTime:0.000274s ]
[ 2019-01-21T18:01:23+08:00 ][ sql ] [ SQL ] SELECT `id`,`gameid`,`nickname`,`translate`,`headimgurl` FROM `qq_member` WHERE  `id` = 24 LIMIT 1 [ RunTime:0.000215s ]
[ 2019-01-21T18:01:23+08:00 ][ sql ] [ SQL ] SELECT * FROM `qq_group_chat` WHERE  `id` = 8 LIMIT 1 [ RunTime:0.000243s ]
[ 2019-01-21T18:01:23+08:00 ][ sql ] [ SQL ] SELECT * FROM `qq_member` WHERE  `id` = 24 LIMIT 1 [ RunTime:0.000461s ]
[ 2019-01-21T18:01:23+08:00 ][ sql ] [ SQL ] SELECT `id`,`gameid`,`nickname`,`translate`,`headimgurl` FROM `qq_member` WHERE  `id` = 24 LIMIT 1 [ RunTime:0.000214s ]
[ 2019-01-21T18:01:57+08:00 ][ info ] [ LANG ] /www/wwwroot/tete/thinkphp/lang/zh-cn.php
[ 2019-01-21T18:02:13+08:00 ][ info ] [ DB ] INIT mysql
[ 2019-01-21T18:02:13+08:00 ][ sql ] [ DB ] CONNECT:[ UseTime:0.000451s ] mysql:host=192.168.3.102;port=3306;dbname=qq;charset=utf8
[ 2019-01-21T18:02:13+08:00 ][ sql ] [ SQL ] SHOW COLUMNS FROM `qq_member` [ RunTime:0.000832s ]
[ 2019-01-21T18:02:13+08:00 ][ sql ] [ SQL ] SELECT * FROM `qq_member` WHERE  `session_key` = 'b8925d46c50c4121272a216ce7d23455' LIMIT 1 [ RunTime:0.000374s ]
[ 2019-01-21T18:02:13+08:00 ][ sql ] [ SQL ] SELECT `id`,`gameid`,`nickname`,`translate`,`headimgurl` FROM `qq_member` WHERE  `session_key` = 'b8925d46c50c4121272a216ce7d23455' LIMIT 1 [ RunTime:0.000217s ]
[ 2019-01-21T18:02:13+08:00 ][ sql ] [ SQL ] SHOW COLUMNS FROM `qq_group_member` [ RunTime:0.005428s ]
[ 2019-01-21T18:02:13+08:00 ][ sql ] [ SQL ] SELECT * FROM `qq_group_member` WHERE  `uid` = 24  AND `state` = '1' [ RunTime:0.000402s ]
[ 2019-01-21T18:02:15+08:00 ][ sql ] [ SQL ] SELECT * FROM `qq_member` WHERE  `session_key` = 'b8925d46c50c4121272a216ce7d23455' LIMIT 1 [ RunTime:0.000564s ]
[ 2019-01-21T18:02:15+08:00 ][ sql ] [ SQL ] SELECT `id`,`gameid`,`nickname`,`translate`,`headimgurl` FROM `qq_member` WHERE  `session_key` = 'b8925d46c50c4121272a216ce7d23455' LIMIT 1 [ RunTime:0.000463s ]
[ 2019-01-21T18:02:15+08:00 ][ sql ] [ SQL ] SELECT * FROM `qq_group_member` WHERE  `uid` = 24  AND `state` = '1' [ RunTime:0.000732s ]
[ 2019-01-21T18:02:20+08:00 ][ sql ] [ SQL ] SHOW COLUMNS FROM `qq_group_chat_record` [ RunTime:0.000839s ]
[ 2019-01-21T18:02:20+08:00 ][ sql ] [ SQL ] INSERT INTO `qq_group_chat_record` (`uid` , `gid` , `msgtype` , `msgdata` , `createtime`) VALUES (24 , 8 , '1' , '123444444' , 1548064940) [ RunTime:0.000279s ]
[ 2019-01-21T18:02:20+08:00 ][ sql ] [ SQL ] SELECT * FROM `qq_member` WHERE  `id` = 24 LIMIT 1 [ RunTime:0.000228s ]
[ 2019-01-21T18:02:20+08:00 ][ sql ] [ SQL ] SELECT `id`,`gameid`,`nickname`,`translate`,`headimgurl` FROM `qq_member` WHERE  `id` = 24 LIMIT 1 [ RunTime:0.000493s ]
[ 2019-01-21T18:02:20+08:00 ][ sql ] [ SQL ] SHOW COLUMNS FROM `qq_group_chat` [ RunTime:0.001726s ]
[ 2019-01-21T18:02:20+08:00 ][ sql ] [ SQL ] SELECT * FROM `qq_group_chat` WHERE  `id` = 8 LIMIT 1 [ RunTime:0.000755s ]
[ 2019-01-21T18:02:20+08:00 ][ sql ] [ SQL ] SELECT * FROM `qq_member` WHERE  `id` = 24 LIMIT 1 [ RunTime:0.001164s ]
[ 2019-01-21T18:02:20+08:00 ][ sql ] [ SQL ] SELECT `id`,`gameid`,`nickname`,`translate`,`headimgurl` FROM `qq_member` WHERE  `id` = 24 LIMIT 1 [ RunTime:0.000342s ]
[ 2019-01-21T18:02:28+08:00 ][ sql ] [ SQL ] INSERT INTO `qq_group_chat_record` (`uid` , `gid` , `msgtype` , `msgdata` , `createtime`) VALUES (24 , 8 , '1' , 'wrinidaye' , 1548064948) [ RunTime:0.000451s ]
[ 2019-01-21T18:02:28+08:00 ][ sql ] [ SQL ] SELECT * FROM `qq_member` WHERE  `id` = 24 LIMIT 1 [ RunTime:0.000238s ]
[ 2019-01-21T18:02:28+08:00 ][ sql ] [ SQL ] SELECT `id`,`gameid`,`nickname`,`translate`,`headimgurl` FROM `qq_member` WHERE  `id` = 24 LIMIT 1 [ RunTime:0.000288s ]
[ 2019-01-21T18:02:28+08:00 ][ sql ] [ SQL ] SELECT * FROM `qq_group_chat` WHERE  `id` = 8 LIMIT 1 [ RunTime:0.000205s ]
[ 2019-01-21T18:02:28+08:00 ][ sql ] [ SQL ] SELECT * FROM `qq_member` WHERE  `id` = 24 LIMIT 1 [ RunTime:0.000461s ]
[ 2019-01-21T18:02:28+08:00 ][ sql ] [ SQL ] SELECT `id`,`gameid`,`nickname`,`translate`,`headimgurl` FROM `qq_member` WHERE  `id` = 24 LIMIT 1 [ RunTime:0.000272s ]
[ 2019-01-21T18:02:31+08:00 ][ sql ] [ SQL ] SELECT * FROM `qq_member` WHERE  `session_key` = 'b8925d46c50c4121272a216ce7d23455' LIMIT 1 [ RunTime:0.000348s ]
[ 2019-01-21T18:02:31+08:00 ][ sql ] [ SQL ] SELECT `id`,`gameid`,`nickname`,`translate`,`headimgurl` FROM `qq_member` WHERE  `session_key` = 'b8925d46c50c4121272a216ce7d23455' LIMIT 1 [ RunTime:0.000215s ]
[ 2019-01-21T18:02:31+08:00 ][ sql ] [ SQL ] SELECT * FROM `qq_group_member` WHERE  `uid` = 24  AND `state` = '1' [ RunTime:0.000255s ]
[ 2019-01-21T18:02:45+08:00 ][ sql ] [ SQL ] SELECT * FROM `qq_member` WHERE  `session_key` = 'b8925d46c50c4121272a216ce7d23455' LIMIT 1 [ RunTime:0.000404s ]
[ 2019-01-21T18:02:45+08:00 ][ sql ] [ SQL ] SELECT `id`,`gameid`,`nickname`,`translate`,`headimgurl` FROM `qq_member` WHERE  `session_key` = 'b8925d46c50c4121272a216ce7d23455' LIMIT 1 [ RunTime:0.000257s ]
[ 2019-01-21T18:02:45+08:00 ][ sql ] [ SQL ] SELECT * FROM `qq_group_member` WHERE  `uid` = 24  AND `state` = '1' [ RunTime:0.000348s ]
[ 2019-01-21T18:02:46+08:00 ][ sql ] [ SQL ] SELECT * FROM `qq_member` WHERE  `session_key` = 'a01b4f87ee00769ca4987d2a4d76bdf6' LIMIT 1 [ RunTime:0.005348s ]
[ 2019-01-21T18:02:46+08:00 ][ sql ] [ SQL ] SELECT `id`,`gameid`,`nickname`,`translate`,`headimgurl` FROM `qq_member` WHERE  `session_key` = 'a01b4f87ee00769ca4987d2a4d76bdf6' LIMIT 1 [ RunTime:0.000443s ]
[ 2019-01-21T18:02:46+08:00 ][ sql ] [ SQL ] SELECT * FROM `qq_group_member` WHERE  `uid` = 25  AND `state` = '1' [ RunTime:0.000431s ]
[ 2019-01-21T18:02:54+08:00 ][ sql ] [ SQL ] INSERT INTO `qq_group_chat_record` (`uid` , `gid` , `msgtype` , `msgdata` , `createtime`) VALUES (25 , 8 , '1' , '1111' , 1548064974) [ RunTime:0.000675s ]
[ 2019-01-21T18:02:54+08:00 ][ sql ] [ SQL ] SELECT * FROM `qq_member` WHERE  `id` = 25 LIMIT 1 [ RunTime:0.002156s ]
[ 2019-01-21T18:02:54+08:00 ][ sql ] [ SQL ] SELECT `id`,`gameid`,`nickname`,`translate`,`headimgurl` FROM `qq_member` WHERE  `id` = 25 LIMIT 1 [ RunTime:0.000399s ]
[ 2019-01-21T18:02:54+08:00 ][ sql ] [ SQL ] SELECT * FROM `qq_group_chat` WHERE  `id` = 8 LIMIT 1 [ RunTime:0.000808s ]
[ 2019-01-21T18:02:54+08:00 ][ sql ] [ SQL ] SELECT * FROM `qq_member` WHERE  `id` = 25 LIMIT 1 [ RunTime:0.001493s ]
[ 2019-01-21T18:02:54+08:00 ][ sql ] [ SQL ] SELECT `id`,`gameid`,`nickname`,`translate`,`headimgurl` FROM `qq_member` WHERE  `id` = 25 LIMIT 1 [ RunTime:0.000479s ]
[ 2019-01-21T18:02:59+08:00 ][ sql ] [ SQL ] SELECT * FROM `qq_member` WHERE  `session_key` = 'a01b4f87ee00769ca4987d2a4d76bdf6' LIMIT 1 [ RunTime:0.001194s ]
[ 2019-01-21T18:02:59+08:00 ][ sql ] [ SQL ] SELECT `id`,`gameid`,`nickname`,`translate`,`headimgurl` FROM `qq_member` WHERE  `session_key` = 'a01b4f87ee00769ca4987d2a4d76bdf6' LIMIT 1 [ RunTime:0.000365s ]
[ 2019-01-21T18:02:59+08:00 ][ sql ] [ SQL ] SELECT * FROM `qq_group_member` WHERE  `uid` = 25  AND `state` = '1' [ RunTime:0.000388s ]
[ 2019-01-21T18:03:36+08:00 ][ sql ] [ SQL ] SELECT * FROM `qq_member` WHERE  `session_key` = 'a01b4f87ee00769ca4987d2a4d76bdf6' LIMIT 1 [ RunTime:0.000392s ]
[ 2019-01-21T18:03:36+08:00 ][ sql ] [ SQL ] SELECT `id`,`gameid`,`nickname`,`translate`,`headimgurl` FROM `qq_member` WHERE  `session_key` = 'a01b4f87ee00769ca4987d2a4d76bdf6' LIMIT 1 [ RunTime:0.000328s ]
[ 2019-01-21T18:03:36+08:00 ][ sql ] [ SQL ] SELECT * FROM `qq_group_member` WHERE  `uid` = 25  AND `state` = '1' [ RunTime:0.000933s ]
[ 2019-01-21T18:03:41+08:00 ][ sql ] [ SQL ] INSERT INTO `qq_group_chat_record` (`uid` , `gid` , `msgtype` , `msgdata` , `createtime`) VALUES (25 , 8 , '1' , '吾问无为谓无无' , 1548065021) [ RunTime:0.000535s ]
[ 2019-01-21T18:03:41+08:00 ][ sql ] [ SQL ] SELECT * FROM `qq_member` WHERE  `id` = 25 LIMIT 1 [ RunTime:0.000316s ]
[ 2019-01-21T18:03:41+08:00 ][ sql ] [ SQL ] SELECT `id`,`gameid`,`nickname`,`translate`,`headimgurl` FROM `qq_member` WHERE  `id` = 25 LIMIT 1 [ RunTime:0.000315s ]
[ 2019-01-21T18:03:41+08:00 ][ sql ] [ SQL ] SELECT * FROM `qq_group_chat` WHERE  `id` = 8 LIMIT 1 [ RunTime:0.000666s ]
[ 2019-01-21T18:03:41+08:00 ][ sql ] [ SQL ] SELECT * FROM `qq_member` WHERE  `id` = 25 LIMIT 1 [ RunTime:0.005438s ]
[ 2019-01-21T18:03:41+08:00 ][ sql ] [ SQL ] SELECT `id`,`gameid`,`nickname`,`translate`,`headimgurl` FROM `qq_member` WHERE  `id` = 25 LIMIT 1 [ RunTime:0.000329s ]
[ 2019-01-21T18:03:47+08:00 ][ sql ] [ SQL ] SELECT * FROM `qq_member` WHERE  `session_key` = 'a01b4f87ee00769ca4987d2a4d76bdf6' LIMIT 1 [ RunTime:0.000672s ]
[ 2019-01-21T18:03:47+08:00 ][ sql ] [ SQL ] SELECT `id`,`gameid`,`nickname`,`translate`,`headimgurl` FROM `qq_member` WHERE  `session_key` = 'a01b4f87ee00769ca4987d2a4d76bdf6' LIMIT 1 [ RunTime:0.000339s ]
[ 2019-01-21T18:03:47+08:00 ][ sql ] [ SQL ] SELECT * FROM `qq_group_member` WHERE  `uid` = 25  AND `state` = '1' [ RunTime:0.000357s ]
[ 2019-01-21T18:04:01+08:00 ][ sql ] [ SQL ] INSERT INTO `qq_group_chat_record` (`uid` , `gid` , `msgtype` , `msgdata` , `createtime`) VALUES (25 , 8 , '1' , '二维赋值是大法官' , 1548065041) [ RunTime:0.000660s ]
[ 2019-01-21T18:04:01+08:00 ][ sql ] [ SQL ] SELECT * FROM `qq_member` WHERE  `id` = 25 LIMIT 1 [ RunTime:0.000400s ]
[ 2019-01-21T18:04:01+08:00 ][ sql ] [ SQL ] SELECT `id`,`gameid`,`nickname`,`translate`,`headimgurl` FROM `qq_member` WHERE  `id` = 25 LIMIT 1 [ RunTime:0.000635s ]
[ 2019-01-21T18:04:01+08:00 ][ sql ] [ SQL ] SELECT * FROM `qq_group_chat` WHERE  `id` = 8 LIMIT 1 [ RunTime:0.000272s ]
[ 2019-01-21T18:04:01+08:00 ][ sql ] [ SQL ] SELECT * FROM `qq_member` WHERE  `id` = 25 LIMIT 1 [ RunTime:0.001115s ]
[ 2019-01-21T18:04:01+08:00 ][ sql ] [ SQL ] SELECT `id`,`gameid`,`nickname`,`translate`,`headimgurl` FROM `qq_member` WHERE  `id` = 25 LIMIT 1 [ RunTime:0.000745s ]
[ 2019-01-21T18:04:15+08:00 ][ sql ] [ SQL ] SELECT * FROM `qq_member` WHERE  `session_key` = 'b8925d46c50c4121272a216ce7d23455' LIMIT 1 [ RunTime:0.000368s ]
[ 2019-01-21T18:04:15+08:00 ][ sql ] [ SQL ] SELECT `id`,`gameid`,`nickname`,`translate`,`headimgurl` FROM `qq_member` WHERE  `session_key` = 'b8925d46c50c4121272a216ce7d23455' LIMIT 1 [ RunTime:0.000286s ]
[ 2019-01-21T18:04:15+08:00 ][ sql ] [ SQL ] SELECT * FROM `qq_group_member` WHERE  `uid` = 24  AND `state` = '1' [ RunTime:0.000232s ]
[ 2019-01-21T18:04:15+08:00 ][ sql ] [ SQL ] SELECT * FROM `qq_member` WHERE  `session_key` = 'a01b4f87ee00769ca4987d2a4d76bdf6' LIMIT 1 [ RunTime:0.000509s ]
[ 2019-01-21T18:04:15+08:00 ][ sql ] [ SQL ] SELECT `id`,`gameid`,`nickname`,`translate`,`headimgurl` FROM `qq_member` WHERE  `session_key` = 'a01b4f87ee00769ca4987d2a4d76bdf6' LIMIT 1 [ RunTime:0.000431s ]
[ 2019-01-21T18:04:15+08:00 ][ sql ] [ SQL ] SELECT * FROM `qq_group_member` WHERE  `uid` = 25  AND `state` = '1' [ RunTime:0.000369s ]
[ 2019-01-21T18:04:19+08:00 ][ sql ] [ SQL ] INSERT INTO `qq_group_chat_record` (`uid` , `gid` , `msgtype` , `msgdata` , `createtime`) VALUES (24 , 8 , '1' , '123' , 1548065059) [ RunTime:0.000471s ]
[ 2019-01-21T18:04:19+08:00 ][ sql ] [ SQL ] SELECT * FROM `qq_member` WHERE  `id` = 24 LIMIT 1 [ RunTime:0.000337s ]
[ 2019-01-21T18:04:19+08:00 ][ sql ] [ SQL ] SELECT `id`,`gameid`,`nickname`,`translate`,`headimgurl` FROM `qq_member` WHERE  `id` = 24 LIMIT 1 [ RunTime:0.000222s ]
[ 2019-01-21T18:04:19+08:00 ][ sql ] [ SQL ] SELECT * FROM `qq_group_chat` WHERE  `id` = 8 LIMIT 1 [ RunTime:0.000237s ]
[ 2019-01-21T18:04:19+08:00 ][ sql ] [ SQL ] SELECT * FROM `qq_member` WHERE  `id` = 24 LIMIT 1 [ RunTime:0.000481s ]
[ 2019-01-21T18:04:19+08:00 ][ sql ] [ SQL ] SELECT `id`,`gameid`,`nickname`,`translate`,`headimgurl` FROM `qq_member` WHERE  `id` = 24 LIMIT 1 [ RunTime:0.000257s ]
[ 2019-01-21T18:04:22+08:00 ][ sql ] [ SQL ] INSERT INTO `qq_group_chat_record` (`uid` , `gid` , `msgtype` , `msgdata` , `createtime`) VALUES (24 , 8 , '1' , 'aaaaa' , 1548065062) [ RunTime:0.000390s ]
[ 2019-01-21T18:04:22+08:00 ][ sql ] [ SQL ] SELECT * FROM `qq_member` WHERE  `id` = 24 LIMIT 1 [ RunTime:0.000242s ]
[ 2019-01-21T18:04:22+08:00 ][ sql ] [ SQL ] SELECT `id`,`gameid`,`nickname`,`translate`,`headimgurl` FROM `qq_member` WHERE  `id` = 24 LIMIT 1 [ RunTime:0.000224s ]
[ 2019-01-21T18:04:22+08:00 ][ sql ] [ SQL ] SELECT * FROM `qq_group_chat` WHERE  `id` = 8 LIMIT 1 [ RunTime:0.000212s ]
[ 2019-01-21T18:04:22+08:00 ][ sql ] [ SQL ] SELECT * FROM `qq_member` WHERE  `id` = 24 LIMIT 1 [ RunTime:0.000547s ]
[ 2019-01-21T18:04:22+08:00 ][ sql ] [ SQL ] SELECT `id`,`gameid`,`nickname`,`translate`,`headimgurl` FROM `qq_member` WHERE  `id` = 24 LIMIT 1 [ RunTime:0.000279s ]
[ 2019-01-21T18:05:26+08:00 ][ sql ] [ SQL ] SELECT * FROM `qq_member` WHERE  `session_key` = 'a01b4f87ee00769ca4987d2a4d76bdf6' LIMIT 1 [ RunTime:0.000465s ]
[ 2019-01-21T18:05:26+08:00 ][ sql ] [ SQL ] SELECT `id`,`gameid`,`nickname`,`translate`,`headimgurl` FROM `qq_member` WHERE  `session_key` = 'a01b4f87ee00769ca4987d2a4d76bdf6' LIMIT 1 [ RunTime:0.000349s ]
[ 2019-01-21T18:05:26+08:00 ][ sql ] [ SQL ] SELECT * FROM `qq_group_member` WHERE  `uid` = 25  AND `state` = '1' [ RunTime:0.000322s ]
[ 2019-01-21T18:07:09+08:00 ][ sql ] [ SQL ] SELECT * FROM `qq_member` WHERE  `session_key` = 'a01b4f87ee00769ca4987d2a4d76bdf6' LIMIT 1 [ RunTime:0.000466s ]
[ 2019-01-21T18:07:09+08:00 ][ sql ] [ SQL ] SELECT `id`,`gameid`,`nickname`,`translate`,`headimgurl` FROM `qq_member` WHERE  `session_key` = 'a01b4f87ee00769ca4987d2a4d76bdf6' LIMIT 1 [ RunTime:0.000328s ]
[ 2019-01-21T18:07:09+08:00 ][ sql ] [ SQL ] SELECT * FROM `qq_group_member` WHERE  `uid` = 25  AND `state` = '1' [ RunTime:0.000309s ]
[ 2019-01-21T18:07:29+08:00 ][ sql ] [ SQL ] SELECT * FROM `qq_member` WHERE  `session_key` = 'a01b4f87ee00769ca4987d2a4d76bdf6' LIMIT 1 [ RunTime:0.000458s ]
[ 2019-01-21T18:07:29+08:00 ][ sql ] [ SQL ] SELECT `id`,`gameid`,`nickname`,`translate`,`headimgurl` FROM `qq_member` WHERE  `session_key` = 'a01b4f87ee00769ca4987d2a4d76bdf6' LIMIT 1 [ RunTime:0.000473s ]
[ 2019-01-21T18:07:29+08:00 ][ sql ] [ SQL ] SELECT * FROM `qq_group_member` WHERE  `uid` = 25  AND `state` = '1' [ RunTime:0.000400s ]
[ 2019-01-21T18:07:40+08:00 ][ sql ] [ SQL ] SELECT * FROM `qq_member` WHERE  `session_key` = 'b8925d46c50c4121272a216ce7d23455' LIMIT 1 [ RunTime:0.000597s ]
[ 2019-01-21T18:07:40+08:00 ][ sql ] [ SQL ] SELECT `id`,`gameid`,`nickname`,`translate`,`headimgurl` FROM `qq_member` WHERE  `session_key` = 'b8925d46c50c4121272a216ce7d23455' LIMIT 1 [ RunTime:0.000458s ]
[ 2019-01-21T18:07:40+08:00 ][ sql ] [ SQL ] SELECT * FROM `qq_group_member` WHERE  `uid` = 24  AND `state` = '1' [ RunTime:0.000461s ]
[ 2019-01-21T18:07:47+08:00 ][ sql ] [ SQL ] INSERT INTO `qq_group_chat_record` (`uid` , `gid` , `msgtype` , `msgdata` , `createtime`) VALUES (25 , 8 , '1' , '我猜你妈' , 1548065267) [ RunTime:0.000424s ]
[ 2019-01-21T18:07:47+08:00 ][ sql ] [ SQL ] SELECT * FROM `qq_member` WHERE  `id` = 25 LIMIT 1 [ RunTime:0.000386s ]
[ 2019-01-21T18:07:47+08:00 ][ sql ] [ SQL ] SELECT `id`,`gameid`,`nickname`,`translate`,`headimgurl` FROM `qq_member` WHERE  `id` = 25 LIMIT 1 [ RunTime:0.000406s ]
[ 2019-01-21T18:07:47+08:00 ][ sql ] [ SQL ] SELECT * FROM `qq_group_chat` WHERE  `id` = 8 LIMIT 1 [ RunTime:0.000428s ]
[ 2019-01-21T18:07:47+08:00 ][ sql ] [ SQL ] SELECT * FROM `qq_member` WHERE  `id` = 25 LIMIT 1 [ RunTime:0.000656s ]
[ 2019-01-21T18:07:47+08:00 ][ sql ] [ SQL ] SELECT `id`,`gameid`,`nickname`,`translate`,`headimgurl` FROM `qq_member` WHERE  `id` = 25 LIMIT 1 [ RunTime:0.000788s ]
[ 2019-01-21T18:07:49+08:00 ][ sql ] [ SQL ] INSERT INTO `qq_group_chat_record` (`uid` , `gid` , `msgtype` , `msgdata` , `createtime`) VALUES (24 , 8 , '1' , '来聊天
' , 1548065269) [ RunTime:0.000373s ]
[ 2019-01-21T18:07:49+08:00 ][ sql ] [ SQL ] SELECT * FROM `qq_member` WHERE  `id` = 24 LIMIT 1 [ RunTime:0.000532s ]
[ 2019-01-21T18:07:49+08:00 ][ sql ] [ SQL ] SELECT `id`,`gameid`,`nickname`,`translate`,`headimgurl` FROM `qq_member` WHERE  `id` = 24 LIMIT 1 [ RunTime:0.000543s ]
[ 2019-01-21T18:07:49+08:00 ][ sql ] [ SQL ] SELECT * FROM `qq_group_chat` WHERE  `id` = 8 LIMIT 1 [ RunTime:0.000589s ]
[ 2019-01-21T18:07:49+08:00 ][ sql ] [ SQL ] SELECT * FROM `qq_member` WHERE  `id` = 24 LIMIT 1 [ RunTime:0.000604s ]
[ 2019-01-21T18:07:49+08:00 ][ sql ] [ SQL ] SELECT `id`,`gameid`,`nickname`,`translate`,`headimgurl` FROM `qq_member` WHERE  `id` = 24 LIMIT 1 [ RunTime:0.001003s ]
[ 2019-01-21T18:07:52+08:00 ][ sql ] [ SQL ] SELECT * FROM `qq_member` WHERE  `session_key` = 'a01b4f87ee00769ca4987d2a4d76bdf6' LIMIT 1 [ RunTime:0.000427s ]
[ 2019-01-21T18:07:52+08:00 ][ sql ] [ SQL ] SELECT `id`,`gameid`,`nickname`,`translate`,`headimgurl` FROM `qq_member` WHERE  `session_key` = 'a01b4f87ee00769ca4987d2a4d76bdf6' LIMIT 1 [ RunTime:0.000359s ]
[ 2019-01-21T18:07:52+08:00 ][ sql ] [ SQL ] SELECT * FROM `qq_group_member` WHERE  `uid` = 25  AND `state` = '1' [ RunTime:0.000532s ]
[ 2019-01-21T18:08:06+08:00 ][ sql ] [ SQL ] INSERT INTO `qq_group_chat_record` (`uid` , `gid` , `msgtype` , `msgdata` , `createtime`) VALUES (25 , 8 , '1' , '呜呜呜呜' , 1548065286) [ RunTime:0.000502s ]
[ 2019-01-21T18:08:06+08:00 ][ sql ] [ SQL ] SELECT * FROM `qq_member` WHERE  `id` = 25 LIMIT 1 [ RunTime:0.000422s ]
[ 2019-01-21T18:08:06+08:00 ][ sql ] [ SQL ] SELECT `id`,`gameid`,`nickname`,`translate`,`headimgurl` FROM `qq_member` WHERE  `id` = 25 LIMIT 1 [ RunTime:0.000529s ]
[ 2019-01-21T18:08:06+08:00 ][ sql ] [ SQL ] SELECT * FROM `qq_group_chat` WHERE  `id` = 8 LIMIT 1 [ RunTime:0.000359s ]
[ 2019-01-21T18:08:06+08:00 ][ sql ] [ SQL ] SELECT * FROM `qq_member` WHERE  `id` = 25 LIMIT 1 [ RunTime:0.001770s ]
[ 2019-01-21T18:08:06+08:00 ][ sql ] [ SQL ] SELECT `id`,`gameid`,`nickname`,`translate`,`headimgurl` FROM `qq_member` WHERE  `id` = 25 LIMIT 1 [ RunTime:0.003103s ]
[ 2019-01-21T18:08:19+08:00 ][ sql ] [ SQL ] INSERT INTO `qq_group_chat_record` (`uid` , `gid` , `msgtype` , `msgdata` , `createtime`) VALUES (24 , 8 , '1' , '哈哈哈' , 1548065299) [ RunTime:0.000979s ]
[ 2019-01-21T18:08:19+08:00 ][ sql ] [ SQL ] SELECT * FROM `qq_member` WHERE  `id` = 24 LIMIT 1 [ RunTime:0.000385s ]
[ 2019-01-21T18:08:19+08:00 ][ sql ] [ SQL ] SELECT `id`,`gameid`,`nickname`,`translate`,`headimgurl` FROM `qq_member` WHERE  `id` = 24 LIMIT 1 [ RunTime:0.000592s ]
[ 2019-01-21T18:08:19+08:00 ][ sql ] [ SQL ] SELECT * FROM `qq_group_chat` WHERE  `id` = 8 LIMIT 1 [ RunTime:0.000483s ]
[ 2019-01-21T18:08:19+08:00 ][ sql ] [ SQL ] SELECT * FROM `qq_member` WHERE  `id` = 24 LIMIT 1 [ RunTime:0.001294s ]
[ 2019-01-21T18:08:19+08:00 ][ sql ] [ SQL ] SELECT `id`,`gameid`,`nickname`,`translate`,`headimgurl` FROM `qq_member` WHERE  `id` = 24 LIMIT 1 [ RunTime:0.001193s ]
[ 2019-01-21T18:08:29+08:00 ][ sql ] [ SQL ] SELECT * FROM `qq_member` WHERE  `session_key` = 'a01b4f87ee00769ca4987d2a4d76bdf6' LIMIT 1 [ RunTime:0.000717s ]
[ 2019-01-21T18:08:29+08:00 ][ sql ] [ SQL ] SELECT `id`,`gameid`,`nickname`,`translate`,`headimgurl` FROM `qq_member` WHERE  `session_key` = 'a01b4f87ee00769ca4987d2a4d76bdf6' LIMIT 1 [ RunTime:0.000291s ]
[ 2019-01-21T18:08:29+08:00 ][ sql ] [ SQL ] SELECT * FROM `qq_group_member` WHERE  `uid` = 25  AND `state` = '1' [ RunTime:0.000264s ]
[ 2019-01-21T18:08:38+08:00 ][ sql ] [ SQL ] INSERT INTO `qq_group_chat_record` (`uid` , `gid` , `msgtype` , `msgdata` , `createtime`) VALUES (25 , 8 , '1' , '呃呃呃' , 1548065318) [ RunTime:0.000550s ]
[ 2019-01-21T18:08:38+08:00 ][ sql ] [ SQL ] SELECT * FROM `qq_member` WHERE  `id` = 25 LIMIT 1 [ RunTime:0.000363s ]
[ 2019-01-21T18:08:38+08:00 ][ sql ] [ SQL ] SELECT `id`,`gameid`,`nickname`,`translate`,`headimgurl` FROM `qq_member` WHERE  `id` = 25 LIMIT 1 [ RunTime:0.000493s ]
[ 2019-01-21T18:08:38+08:00 ][ sql ] [ SQL ] SELECT * FROM `qq_group_chat` WHERE  `id` = 8 LIMIT 1 [ RunTime:0.000483s ]
[ 2019-01-21T18:08:38+08:00 ][ sql ] [ SQL ] SELECT * FROM `qq_member` WHERE  `id` = 25 LIMIT 1 [ RunTime:0.000660s ]
[ 2019-01-21T18:08:38+08:00 ][ sql ] [ SQL ] SELECT `id`,`gameid`,`nickname`,`translate`,`headimgurl` FROM `qq_member` WHERE  `id` = 25 LIMIT 1 [ RunTime:0.000272s ]
