[ 2019-01-24T09:04:56+08:00 ][ error ] [8]PDO::prepare(): send of 65 bytes failed with errno=104 Connection reset by peer[/www/wwwroot/tete/thinkphp/library/think/db/Connection.php:662]
[ 2019-01-24T09:04:56+08:00 ][ sql ] [ DB ] CONNECT:[ UseTime:0.002719s ] mysql:host=172.16.16.15;port=3306;dbname=qq;charset=utf8mb4
[ 2019-01-24T09:04:56+08:00 ][ sql ] [ SQL ] SELECT * FROM `qq_member` WHERE  `session_key` = 'a1a758ddd4f58872f40668b72f661d73' LIMIT 1 [ RunTime:0.001771s ]
[ 2019-01-24T09:04:56+08:00 ][ sql ] [ SQL ] SELECT `id`,`gameid`,`nickname`,`translate`,`headimgurl` FROM `qq_member` WHERE  `session_key` = 'a1a758ddd4f58872f40668b72f661d73' LIMIT 1 [ RunTime:0.001838s ]
[ 2019-01-24T09:04:56+08:00 ][ sql ] [ SQL ] SELECT * FROM `qq_member` WHERE  `id` = 34 LIMIT 1 [ RunTime:0.002053s ]
[ 2019-01-24T09:04:56+08:00 ][ sql ] [ SQL ] SELECT `id`,`gameid`,`nickname`,`translate`,`headimgurl` FROM `qq_member` WHERE  `id` = 34 LIMIT 1 [ RunTime:0.003034s ]
[ 2019-01-24T09:04:56+08:00 ][ sql ] [ SQL ] SELECT COUNT(*) AS tp_count FROM `qq_group_member` WHERE  `gid` = 14  AND `state` = '1' LIMIT 1 [ RunTime:0.001752s ]
[ 2019-01-24T09:04:56+08:00 ][ sql ] [ SQL ] SELECT * FROM `qq_member` WHERE  `id` = 34 LIMIT 1 [ RunTime:0.001808s ]
[ 2019-01-24T09:04:56+08:00 ][ sql ] [ SQL ] SELECT `id`,`gameid`,`nickname`,`translate`,`headimgurl` FROM `qq_member` WHERE  `id` = 34 LIMIT 1 [ RunTime:0.001741s ]
[ 2019-01-24T09:05:03+08:00 ][ sql ] [ SQL ] SELECT * FROM `qq_member` WHERE  `id` = 34 LIMIT 1 [ RunTime:0.002162s ]
[ 2019-01-24T09:05:03+08:00 ][ sql ] [ SQL ] SELECT `id`,`gameid`,`nickname`,`translate`,`headimgurl` FROM `qq_member` WHERE  `id` = 34 LIMIT 1 [ RunTime:0.022144s ]
[ 2019-01-24T09:05:03+08:00 ][ sql ] [ SQL ] SELECT * FROM `qq_group_member` WHERE  `uid` = 34  AND `state` = '1' [ RunTime:0.012804s ]
[ 2019-01-24T09:05:03+08:00 ][ sql ] [ SQL ] SELECT * FROM `qq_member` WHERE  `id` = 34 LIMIT 1 [ RunTime:0.001929s ]
[ 2019-01-24T09:05:03+08:00 ][ sql ] [ SQL ] SELECT `id`,`gameid`,`nickname`,`translate`,`headimgurl` FROM `qq_member` WHERE  `id` = 34 LIMIT 1 [ RunTime:0.001857s ]
[ 2019-01-24T09:05:03+08:00 ][ sql ] [ SQL ] SELECT COUNT(*) AS tp_count FROM `qq_group_member` WHERE  `gid` = 14  AND `state` = '1' LIMIT 1 [ RunTime:0.001877s ]
[ 2019-01-24T09:05:03+08:00 ][ sql ] [ SQL ] SELECT * FROM `qq_member` WHERE  `id` = 34 LIMIT 1 [ RunTime:0.001906s ]
[ 2019-01-24T09:05:03+08:00 ][ sql ] [ SQL ] SELECT `id`,`gameid`,`nickname`,`translate`,`headimgurl` FROM `qq_member` WHERE  `id` = 34 LIMIT 1 [ RunTime:0.001921s ]
[ 2019-01-24T09:35:14+08:00 ][ sql ] [ SQL ] SELECT * FROM `qq_member` WHERE  `session_key` = '61f6970001856c5ebf97e249b2f72d2e' LIMIT 1 [ RunTime:0.002205s ]
[ 2019-01-24T09:35:22+08:00 ][ sql ] [ SQL ] SELECT * FROM `qq_member` WHERE  `id` IS NULL LIMIT 1 [ RunTime:0.002365s ]
[ 2019-01-24T09:37:41+08:00 ][ info ] [ DB ] INIT mysql
[ 2019-01-24T09:37:41+08:00 ][ sql ] [ DB ] CONNECT:[ UseTime:0.002805s ] mysql:host=172.16.16.15;port=3306;dbname=qq;charset=utf8mb4
[ 2019-01-24T09:37:41+08:00 ][ sql ] [ SQL ] SHOW COLUMNS FROM `qq_member` [ RunTime:0.002126s ]
[ 2019-01-24T09:37:41+08:00 ][ sql ] [ SQL ] SELECT * FROM `qq_member` WHERE  `session_key` = '873e404b7a16d0e009eeabada3043e99' LIMIT 1 [ RunTime:0.001799s ]
[ 2019-01-24T09:37:43+08:00 ][ sql ] [ SQL ] SELECT * FROM `qq_member` WHERE  `id` IS NULL LIMIT 1 [ RunTime:0.001900s ]
[ 2019-01-24T09:47:20+08:00 ][ info ] [ DB ] INIT mysql
[ 2019-01-24T09:47:20+08:00 ][ sql ] [ DB ] CONNECT:[ UseTime:0.002814s ] mysql:host=172.16.16.15;port=3306;dbname=qq;charset=utf8mb4
[ 2019-01-24T09:47:20+08:00 ][ sql ] [ SQL ] SHOW COLUMNS FROM `qq_member` [ RunTime:0.002113s ]
[ 2019-01-24T09:47:20+08:00 ][ sql ] [ SQL ] SELECT * FROM `qq_member` WHERE  `session_key` = '44bbda142c6622d883c9daf3299d4730' LIMIT 1 [ RunTime:0.001797s ]
[ 2019-01-24T09:47:20+08:00 ][ sql ] [ SQL ] SELECT `id`,`gameid`,`nickname`,`translate`,`headimgurl` FROM `qq_member` WHERE  `session_key` = '44bbda142c6622d883c9daf3299d4730' LIMIT 1 [ RunTime:0.001813s ]
[ 2019-01-24T09:47:20+08:00 ][ sql ] [ SQL ] SELECT * FROM `qq_member` WHERE  `id` = 34 LIMIT 1 [ RunTime:0.001766s ]
[ 2019-01-24T09:47:20+08:00 ][ sql ] [ SQL ] SELECT `id`,`gameid`,`nickname`,`translate`,`headimgurl` FROM `qq_member` WHERE  `id` = 34 LIMIT 1 [ RunTime:0.001759s ]
[ 2019-01-24T09:47:20+08:00 ][ sql ] [ SQL ] SHOW COLUMNS FROM `qq_group_member` [ RunTime:0.001836s ]
[ 2019-01-24T09:47:20+08:00 ][ sql ] [ SQL ] SELECT COUNT(*) AS tp_count FROM `qq_group_member` WHERE  `gid` = 14  AND `state` = '1' LIMIT 1 [ RunTime:0.001782s ]
[ 2019-01-24T09:47:20+08:00 ][ sql ] [ SQL ] SELECT * FROM `qq_member` WHERE  `id` = 34 LIMIT 1 [ RunTime:0.001784s ]
[ 2019-01-24T09:47:20+08:00 ][ sql ] [ SQL ] SELECT `id`,`gameid`,`nickname`,`translate`,`headimgurl` FROM `qq_member` WHERE  `id` = 34 LIMIT 1 [ RunTime:0.001788s ]
[ 2019-01-24T09:47:29+08:00 ][ sql ] [ SQL ] SELECT * FROM `qq_group_member` WHERE  `gid` = 14  AND `uid` = 34 LIMIT 1 [ RunTime:0.002109s ]
[ 2019-01-24T09:47:29+08:00 ][ sql ] [ SQL ] SHOW COLUMNS FROM `qq_group_chat_record` [ RunTime:0.001982s ]
[ 2019-01-24T09:47:29+08:00 ][ sql ] [ SQL ] INSERT INTO `qq_group_chat_record` (`uid` , `gid` , `msgtype` , `msgdata` , `createtime`) VALUES (34 , 14 , '2' , '/uploads/headimg/20190124/7681169d240befae6087fa588ac28b58.png' , 1548294449) [ RunTime:0.005078s ]
[ 2019-01-24T09:47:29+08:00 ][ sql ] [ SQL ] SELECT * FROM `qq_member` WHERE  `id` = 34 LIMIT 1 [ RunTime:0.001756s ]
[ 2019-01-24T09:47:29+08:00 ][ sql ] [ SQL ] SELECT `id`,`gameid`,`nickname`,`translate`,`headimgurl` FROM `qq_member` WHERE  `id` = 34 LIMIT 1 [ RunTime:0.001723s ]
[ 2019-01-24T09:47:29+08:00 ][ sql ] [ SQL ] SHOW COLUMNS FROM `qq_group_chat` [ RunTime:0.002137s ]
[ 2019-01-24T09:47:29+08:00 ][ sql ] [ SQL ] SELECT * FROM `qq_group_chat` WHERE  `id` = 14 LIMIT 1 [ RunTime:0.001776s ]
[ 2019-01-24T09:47:29+08:00 ][ sql ] [ SQL ] SELECT * FROM `qq_member` WHERE  `id` = 34 LIMIT 1 [ RunTime:0.001750s ]
[ 2019-01-24T09:47:29+08:00 ][ sql ] [ SQL ] SELECT `id`,`gameid`,`nickname`,`translate`,`headimgurl` FROM `qq_member` WHERE  `id` = 34 LIMIT 1 [ RunTime:0.001774s ]
[ 2019-01-24T09:47:59+08:00 ][ sql ] [ SQL ] SELECT * FROM `qq_member` WHERE  `id` = 34 LIMIT 1 [ RunTime:0.002063s ]
[ 2019-01-24T09:47:59+08:00 ][ sql ] [ SQL ] SELECT `id`,`gameid`,`nickname`,`translate`,`headimgurl` FROM `qq_member` WHERE  `id` = 34 LIMIT 1 [ RunTime:0.001883s ]
[ 2019-01-24T09:47:59+08:00 ][ sql ] [ SQL ] SELECT * FROM `qq_group_member` WHERE  `uid` = 34  AND `state` = '1' [ RunTime:0.001865s ]
[ 2019-01-24T09:47:59+08:00 ][ sql ] [ SQL ] SELECT * FROM `qq_member` WHERE  `id` = 34 LIMIT 1 [ RunTime:0.001873s ]
[ 2019-01-24T09:47:59+08:00 ][ sql ] [ SQL ] SELECT `id`,`gameid`,`nickname`,`translate`,`headimgurl` FROM `qq_member` WHERE  `id` = 34 LIMIT 1 [ RunTime:0.001782s ]
[ 2019-01-24T09:47:59+08:00 ][ sql ] [ SQL ] SELECT COUNT(*) AS tp_count FROM `qq_group_member` WHERE  `gid` = 14  AND `state` = '1' LIMIT 1 [ RunTime:0.001757s ]
[ 2019-01-24T09:47:59+08:00 ][ sql ] [ SQL ] SELECT * FROM `qq_member` WHERE  `id` = 34 LIMIT 1 [ RunTime:0.001825s ]
[ 2019-01-24T09:47:59+08:00 ][ sql ] [ SQL ] SELECT `id`,`gameid`,`nickname`,`translate`,`headimgurl` FROM `qq_member` WHERE  `id` = 34 LIMIT 1 [ RunTime:0.001781s ]
[ 2019-01-24T09:47:59+08:00 ][ sql ] [ SQL ] SELECT * FROM `qq_member` WHERE  `session_key` = '44bbda142c6622d883c9daf3299d4730' LIMIT 1 [ RunTime:0.001993s ]
[ 2019-01-24T09:47:59+08:00 ][ sql ] [ SQL ] SELECT `id`,`gameid`,`nickname`,`translate`,`headimgurl` FROM `qq_member` WHERE  `session_key` = '44bbda142c6622d883c9daf3299d4730' LIMIT 1 [ RunTime:0.001825s ]
[ 2019-01-24T09:47:59+08:00 ][ sql ] [ SQL ] SELECT * FROM `qq_member` WHERE  `id` = 34 LIMIT 1 [ RunTime:0.001806s ]
[ 2019-01-24T09:47:59+08:00 ][ sql ] [ SQL ] SELECT `id`,`gameid`,`nickname`,`translate`,`headimgurl` FROM `qq_member` WHERE  `id` = 34 LIMIT 1 [ RunTime:0.001736s ]
[ 2019-01-24T09:47:59+08:00 ][ sql ] [ SQL ] SELECT COUNT(*) AS tp_count FROM `qq_group_member` WHERE  `gid` = 14  AND `state` = '1' LIMIT 1 [ RunTime:0.001791s ]
[ 2019-01-24T09:47:59+08:00 ][ sql ] [ SQL ] SELECT * FROM `qq_member` WHERE  `id` = 34 LIMIT 1 [ RunTime:0.001912s ]
[ 2019-01-24T09:47:59+08:00 ][ sql ] [ SQL ] SELECT `id`,`gameid`,`nickname`,`translate`,`headimgurl` FROM `qq_member` WHERE  `id` = 34 LIMIT 1 [ RunTime:0.001792s ]
[ 2019-01-24T09:48:00+08:00 ][ sql ] [ SQL ] SELECT * FROM `qq_member` WHERE  `id` = 34 LIMIT 1 [ RunTime:0.002283s ]
[ 2019-01-24T09:48:00+08:00 ][ sql ] [ SQL ] SELECT `id`,`gameid`,`nickname`,`translate`,`headimgurl` FROM `qq_member` WHERE  `id` = 34 LIMIT 1 [ RunTime:0.001751s ]
[ 2019-01-24T09:48:00+08:00 ][ sql ] [ SQL ] SELECT * FROM `qq_group_member` WHERE  `uid` = 34  AND `state` = '1' [ RunTime:0.001842s ]
[ 2019-01-24T09:48:00+08:00 ][ sql ] [ SQL ] SELECT * FROM `qq_member` WHERE  `id` = 34 LIMIT 1 [ RunTime:0.001781s ]
[ 2019-01-24T09:48:00+08:00 ][ sql ] [ SQL ] SELECT `id`,`gameid`,`nickname`,`translate`,`headimgurl` FROM `qq_member` WHERE  `id` = 34 LIMIT 1 [ RunTime:0.001742s ]
[ 2019-01-24T09:48:00+08:00 ][ sql ] [ SQL ] SELECT COUNT(*) AS tp_count FROM `qq_group_member` WHERE  `gid` = 14  AND `state` = '1' LIMIT 1 [ RunTime:0.001764s ]
[ 2019-01-24T09:48:00+08:00 ][ sql ] [ SQL ] SELECT * FROM `qq_member` WHERE  `id` = 34 LIMIT 1 [ RunTime:0.001834s ]
[ 2019-01-24T09:48:00+08:00 ][ sql ] [ SQL ] SELECT `id`,`gameid`,`nickname`,`translate`,`headimgurl` FROM `qq_member` WHERE  `id` = 34 LIMIT 1 [ RunTime:0.002015s ]
[ 2019-01-24T09:48:00+08:00 ][ sql ] [ SQL ] SELECT * FROM `qq_member` WHERE  `session_key` = '44bbda142c6622d883c9daf3299d4730' LIMIT 1 [ RunTime:0.006630s ]
[ 2019-01-24T09:48:00+08:00 ][ sql ] [ SQL ] SELECT `id`,`gameid`,`nickname`,`translate`,`headimgurl` FROM `qq_member` WHERE  `session_key` = '44bbda142c6622d883c9daf3299d4730' LIMIT 1 [ RunTime:0.001794s ]
[ 2019-01-24T09:48:00+08:00 ][ sql ] [ SQL ] SELECT * FROM `qq_member` WHERE  `id` = 34 LIMIT 1 [ RunTime:0.001909s ]
[ 2019-01-24T09:48:00+08:00 ][ sql ] [ SQL ] SELECT `id`,`gameid`,`nickname`,`translate`,`headimgurl` FROM `qq_member` WHERE  `id` = 34 LIMIT 1 [ RunTime:0.001825s ]
[ 2019-01-24T09:48:00+08:00 ][ sql ] [ SQL ] SELECT COUNT(*) AS tp_count FROM `qq_group_member` WHERE  `gid` = 14  AND `state` = '1' LIMIT 1 [ RunTime:0.001845s ]
[ 2019-01-24T09:48:00+08:00 ][ sql ] [ SQL ] SELECT * FROM `qq_member` WHERE  `id` = 34 LIMIT 1 [ RunTime:0.003942s ]
[ 2019-01-24T09:48:00+08:00 ][ sql ] [ SQL ] SELECT `id`,`gameid`,`nickname`,`translate`,`headimgurl` FROM `qq_member` WHERE  `id` = 34 LIMIT 1 [ RunTime:0.001874s ]
[ 2019-01-24T09:48:02+08:00 ][ sql ] [ SQL ] SELECT * FROM `qq_member` WHERE  `id` = 34 LIMIT 1 [ RunTime:0.002119s ]
[ 2019-01-24T09:48:02+08:00 ][ sql ] [ SQL ] SELECT `id`,`gameid`,`nickname`,`translate`,`headimgurl` FROM `qq_member` WHERE  `id` = 34 LIMIT 1 [ RunTime:0.001856s ]
[ 2019-01-24T09:48:02+08:00 ][ sql ] [ SQL ] SELECT * FROM `qq_group_member` WHERE  `uid` = 34  AND `state` = '1' [ RunTime:0.001854s ]
[ 2019-01-24T09:48:02+08:00 ][ sql ] [ SQL ] SELECT * FROM `qq_member` WHERE  `id` = 34 LIMIT 1 [ RunTime:0.001754s ]
[ 2019-01-24T09:48:02+08:00 ][ sql ] [ SQL ] SELECT `id`,`gameid`,`nickname`,`translate`,`headimgurl` FROM `qq_member` WHERE  `id` = 34 LIMIT 1 [ RunTime:0.001849s ]
[ 2019-01-24T09:48:02+08:00 ][ sql ] [ SQL ] SELECT COUNT(*) AS tp_count FROM `qq_group_member` WHERE  `gid` = 14  AND `state` = '1' LIMIT 1 [ RunTime:0.001721s ]
[ 2019-01-24T09:48:02+08:00 ][ sql ] [ SQL ] SELECT * FROM `qq_member` WHERE  `id` = 34 LIMIT 1 [ RunTime:0.001864s ]
[ 2019-01-24T09:48:02+08:00 ][ sql ] [ SQL ] SELECT `id`,`gameid`,`nickname`,`translate`,`headimgurl` FROM `qq_member` WHERE  `id` = 34 LIMIT 1 [ RunTime:0.001763s ]
[ 2019-01-24T09:48:02+08:00 ][ sql ] [ SQL ] SELECT * FROM `qq_member` WHERE  `session_key` = '44bbda142c6622d883c9daf3299d4730' LIMIT 1 [ RunTime:0.001979s ]
[ 2019-01-24T09:48:02+08:00 ][ sql ] [ SQL ] SELECT `id`,`gameid`,`nickname`,`translate`,`headimgurl` FROM `qq_member` WHERE  `session_key` = '44bbda142c6622d883c9daf3299d4730' LIMIT 1 [ RunTime:0.001665s ]
[ 2019-01-24T09:48:02+08:00 ][ sql ] [ SQL ] SELECT * FROM `qq_member` WHERE  `id` = 34 LIMIT 1 [ RunTime:0.001807s ]
[ 2019-01-24T09:48:02+08:00 ][ sql ] [ SQL ] SELECT `id`,`gameid`,`nickname`,`translate`,`headimgurl` FROM `qq_member` WHERE  `id` = 34 LIMIT 1 [ RunTime:0.001768s ]
[ 2019-01-24T09:48:02+08:00 ][ sql ] [ SQL ] SELECT COUNT(*) AS tp_count FROM `qq_group_member` WHERE  `gid` = 14  AND `state` = '1' LIMIT 1 [ RunTime:0.001812s ]
[ 2019-01-24T09:48:02+08:00 ][ sql ] [ SQL ] SELECT * FROM `qq_member` WHERE  `id` = 34 LIMIT 1 [ RunTime:0.001776s ]
[ 2019-01-24T09:48:02+08:00 ][ sql ] [ SQL ] SELECT `id`,`gameid`,`nickname`,`translate`,`headimgurl` FROM `qq_member` WHERE  `id` = 34 LIMIT 1 [ RunTime:0.001780s ]
[ 2019-01-24T09:48:03+08:00 ][ sql ] [ SQL ] SELECT * FROM `qq_member` WHERE  `id` = 34 LIMIT 1 [ RunTime:0.001966s ]
[ 2019-01-24T09:48:03+08:00 ][ sql ] [ SQL ] SELECT `id`,`gameid`,`nickname`,`translate`,`headimgurl` FROM `qq_member` WHERE  `id` = 34 LIMIT 1 [ RunTime:0.001801s ]
[ 2019-01-24T09:48:03+08:00 ][ sql ] [ SQL ] SELECT * FROM `qq_group_member` WHERE  `uid` = 34  AND `state` = '1' [ RunTime:0.001858s ]
[ 2019-01-24T09:48:03+08:00 ][ sql ] [ SQL ] SELECT * FROM `qq_member` WHERE  `id` = 34 LIMIT 1 [ RunTime:0.001998s ]
[ 2019-01-24T09:48:03+08:00 ][ sql ] [ SQL ] SELECT `id`,`gameid`,`nickname`,`translate`,`headimgurl` FROM `qq_member` WHERE  `id` = 34 LIMIT 1 [ RunTime:0.001765s ]
[ 2019-01-24T09:48:03+08:00 ][ sql ] [ SQL ] SELECT COUNT(*) AS tp_count FROM `qq_group_member` WHERE  `gid` = 14  AND `state` = '1' LIMIT 1 [ RunTime:0.001751s ]
[ 2019-01-24T09:48:03+08:00 ][ sql ] [ SQL ] SELECT * FROM `qq_member` WHERE  `id` = 34 LIMIT 1 [ RunTime:0.001811s ]
[ 2019-01-24T09:48:03+08:00 ][ sql ] [ SQL ] SELECT `id`,`gameid`,`nickname`,`translate`,`headimgurl` FROM `qq_member` WHERE  `id` = 34 LIMIT 1 [ RunTime:0.001760s ]
[ 2019-01-24T09:48:03+08:00 ][ sql ] [ SQL ] SELECT * FROM `qq_member` WHERE  `session_key` = '44bbda142c6622d883c9daf3299d4730' LIMIT 1 [ RunTime:0.002014s ]
[ 2019-01-24T09:48:03+08:00 ][ sql ] [ SQL ] SELECT `id`,`gameid`,`nickname`,`translate`,`headimgurl` FROM `qq_member` WHERE  `session_key` = '44bbda142c6622d883c9daf3299d4730' LIMIT 1 [ RunTime:0.001729s ]
[ 2019-01-24T09:48:03+08:00 ][ sql ] [ SQL ] SELECT * FROM `qq_member` WHERE  `id` = 34 LIMIT 1 [ RunTime:0.001692s ]
[ 2019-01-24T09:48:03+08:00 ][ sql ] [ SQL ] SELECT `id`,`gameid`,`nickname`,`translate`,`headimgurl` FROM `qq_member` WHERE  `id` = 34 LIMIT 1 [ RunTime:0.001751s ]
[ 2019-01-24T09:48:03+08:00 ][ sql ] [ SQL ] SELECT COUNT(*) AS tp_count FROM `qq_group_member` WHERE  `gid` = 14  AND `state` = '1' LIMIT 1 [ RunTime:0.001824s ]
[ 2019-01-24T09:48:03+08:00 ][ sql ] [ SQL ] SELECT * FROM `qq_member` WHERE  `id` = 34 LIMIT 1 [ RunTime:0.001798s ]
[ 2019-01-24T09:48:03+08:00 ][ sql ] [ SQL ] SELECT `id`,`gameid`,`nickname`,`translate`,`headimgurl` FROM `qq_member` WHERE  `id` = 34 LIMIT 1 [ RunTime:0.001659s ]
[ 2019-01-24T09:48:12+08:00 ][ sql ] [ SQL ] SELECT * FROM `qq_member` WHERE  `id` = 34 LIMIT 1 [ RunTime:0.002204s ]
[ 2019-01-24T09:48:12+08:00 ][ sql ] [ SQL ] SELECT `id`,`gameid`,`nickname`,`translate`,`headimgurl` FROM `qq_member` WHERE  `id` = 34 LIMIT 1 [ RunTime:0.001820s ]
[ 2019-01-24T09:48:12+08:00 ][ sql ] [ SQL ] SELECT * FROM `qq_group_member` WHERE  `uid` = 34  AND `state` = '1' [ RunTime:0.001853s ]
[ 2019-01-24T09:48:12+08:00 ][ sql ] [ SQL ] SELECT * FROM `qq_member` WHERE  `id` = 34 LIMIT 1 [ RunTime:0.001805s ]
[ 2019-01-24T09:48:12+08:00 ][ sql ] [ SQL ] SELECT `id`,`gameid`,`nickname`,`translate`,`headimgurl` FROM `qq_member` WHERE  `id` = 34 LIMIT 1 [ RunTime:0.002264s ]
[ 2019-01-24T09:48:12+08:00 ][ sql ] [ SQL ] SELECT COUNT(*) AS tp_count FROM `qq_group_member` WHERE  `gid` = 14  AND `state` = '1' LIMIT 1 [ RunTime:0.001860s ]
[ 2019-01-24T09:48:12+08:00 ][ sql ] [ SQL ] SELECT * FROM `qq_member` WHERE  `id` = 34 LIMIT 1 [ RunTime:0.001798s ]
[ 2019-01-24T09:48:12+08:00 ][ sql ] [ SQL ] SELECT `id`,`gameid`,`nickname`,`translate`,`headimgurl` FROM `qq_member` WHERE  `id` = 34 LIMIT 1 [ RunTime:0.001764s ]
[ 2019-01-24T09:57:14+08:00 ][ sql ] [ SQL ] SELECT * FROM `qq_member` WHERE  `session_key` = '6adbc7bae9afb4f5970745c6e8626f5e' LIMIT 1 [ RunTime:0.002089s ]
[ 2019-01-24T09:57:14+08:00 ][ sql ] [ SQL ] SELECT `id`,`gameid`,`nickname`,`translate`,`headimgurl` FROM `qq_member` WHERE  `session_key` = '6adbc7bae9afb4f5970745c6e8626f5e' LIMIT 1 [ RunTime:0.001746s ]
[ 2019-01-24T09:57:14+08:00 ][ sql ] [ SQL ] SELECT * FROM `qq_member` WHERE  `id` = 34 LIMIT 1 [ RunTime:0.011952s ]
[ 2019-01-24T09:57:14+08:00 ][ sql ] [ SQL ] SELECT `id`,`gameid`,`nickname`,`translate`,`headimgurl` FROM `qq_member` WHERE  `id` = 34 LIMIT 1 [ RunTime:0.018375s ]
[ 2019-01-24T09:57:14+08:00 ][ sql ] [ SQL ] SELECT COUNT(*) AS tp_count FROM `qq_group_member` WHERE  `gid` = 14  AND `state` = '1' LIMIT 1 [ RunTime:0.001913s ]
[ 2019-01-24T09:57:14+08:00 ][ sql ] [ SQL ] SELECT * FROM `qq_member` WHERE  `id` = 34 LIMIT 1 [ RunTime:0.002359s ]
[ 2019-01-24T09:57:14+08:00 ][ sql ] [ SQL ] SELECT `id`,`gameid`,`nickname`,`translate`,`headimgurl` FROM `qq_member` WHERE  `id` = 34 LIMIT 1 [ RunTime:0.002114s ]
[ 2019-01-24T09:57:17+08:00 ][ sql ] [ SQL ] SELECT * FROM `qq_group_member` WHERE  `gid` = 14  AND `uid` = 34 LIMIT 1 [ RunTime:0.002029s ]
[ 2019-01-24T09:57:17+08:00 ][ sql ] [ SQL ] INSERT INTO `qq_group_chat_record` (`uid` , `gid` , `msgtype` , `msgdata` , `createtime`) VALUES (34 , 14 , '1' , '111' , 1548295037) [ RunTime:0.005409s ]
[ 2019-01-24T09:57:17+08:00 ][ sql ] [ SQL ] SELECT * FROM `qq_member` WHERE  `id` = 34 LIMIT 1 [ RunTime:0.001761s ]
[ 2019-01-24T09:57:17+08:00 ][ sql ] [ SQL ] SELECT `id`,`gameid`,`nickname`,`translate`,`headimgurl` FROM `qq_member` WHERE  `id` = 34 LIMIT 1 [ RunTime:0.001773s ]
[ 2019-01-24T09:57:17+08:00 ][ sql ] [ SQL ] SELECT * FROM `qq_group_chat` WHERE  `id` = 14 LIMIT 1 [ RunTime:0.001603s ]
[ 2019-01-24T09:57:17+08:00 ][ sql ] [ SQL ] SELECT * FROM `qq_member` WHERE  `id` = 34 LIMIT 1 [ RunTime:0.001785s ]
[ 2019-01-24T09:57:17+08:00 ][ sql ] [ SQL ] SELECT `id`,`gameid`,`nickname`,`translate`,`headimgurl` FROM `qq_member` WHERE  `id` = 34 LIMIT 1 [ RunTime:0.001766s ]
[ 2019-01-24T09:59:40+08:00 ][ sql ] [ SQL ] SELECT * FROM `qq_member` WHERE  `id` = 34 LIMIT 1 [ RunTime:0.001975s ]
[ 2019-01-24T09:59:40+08:00 ][ sql ] [ SQL ] SELECT `id`,`gameid`,`nickname`,`translate`,`headimgurl` FROM `qq_member` WHERE  `id` = 34 LIMIT 1 [ RunTime:0.021676s ]
[ 2019-01-24T09:59:40+08:00 ][ sql ] [ SQL ] SELECT * FROM `qq_group_member` WHERE  `uid` = 34  AND `state` = '1' [ RunTime:0.007819s ]
[ 2019-01-24T09:59:40+08:00 ][ sql ] [ SQL ] SELECT * FROM `qq_member` WHERE  `id` = 34 LIMIT 1 [ RunTime:0.001813s ]
[ 2019-01-24T09:59:40+08:00 ][ sql ] [ SQL ] SELECT `id`,`gameid`,`nickname`,`translate`,`headimgurl` FROM `qq_member` WHERE  `id` = 34 LIMIT 1 [ RunTime:0.001751s ]
[ 2019-01-24T09:59:40+08:00 ][ sql ] [ SQL ] SELECT COUNT(*) AS tp_count FROM `qq_group_member` WHERE  `gid` = 14  AND `state` = '1' LIMIT 1 [ RunTime:0.001926s ]
[ 2019-01-24T09:59:40+08:00 ][ sql ] [ SQL ] SELECT * FROM `qq_member` WHERE  `id` = 34 LIMIT 1 [ RunTime:0.002067s ]
[ 2019-01-24T09:59:40+08:00 ][ sql ] [ SQL ] SELECT `id`,`gameid`,`nickname`,`translate`,`headimgurl` FROM `qq_member` WHERE  `id` = 34 LIMIT 1 [ RunTime:0.001788s ]
[ 2019-01-24T10:00:06+08:00 ][ sql ] [ SQL ] SELECT * FROM `qq_member` WHERE  `session_key` = '6adbc7bae9afb4f5970745c6e8626f5e' LIMIT 1 [ RunTime:0.002135s ]
[ 2019-01-24T10:00:06+08:00 ][ sql ] [ SQL ] SELECT `id`,`gameid`,`nickname`,`translate`,`headimgurl` FROM `qq_member` WHERE  `session_key` = '6adbc7bae9afb4f5970745c6e8626f5e' LIMIT 1 [ RunTime:0.001790s ]
[ 2019-01-24T10:00:06+08:00 ][ sql ] [ SQL ] SELECT * FROM `qq_member` WHERE  `id` = 34 LIMIT 1 [ RunTime:0.001840s ]
[ 2019-01-24T10:00:06+08:00 ][ sql ] [ SQL ] SELECT `id`,`gameid`,`nickname`,`translate`,`headimgurl` FROM `qq_member` WHERE  `id` = 34 LIMIT 1 [ RunTime:0.001761s ]
[ 2019-01-24T10:00:06+08:00 ][ sql ] [ SQL ] SELECT COUNT(*) AS tp_count FROM `qq_group_member` WHERE  `gid` = 14  AND `state` = '1' LIMIT 1 [ RunTime:0.001810s ]
[ 2019-01-24T10:00:06+08:00 ][ sql ] [ SQL ] SELECT * FROM `qq_member` WHERE  `id` = 34 LIMIT 1 [ RunTime:0.001741s ]
[ 2019-01-24T10:00:06+08:00 ][ sql ] [ SQL ] SELECT `id`,`gameid`,`nickname`,`translate`,`headimgurl` FROM `qq_member` WHERE  `id` = 34 LIMIT 1 [ RunTime:0.001776s ]
[ 2019-01-24T10:00:11+08:00 ][ sql ] [ SQL ] SELECT * FROM `qq_member` WHERE  `id` = 34 LIMIT 1 [ RunTime:0.002209s ]
[ 2019-01-24T10:00:11+08:00 ][ sql ] [ SQL ] SELECT `id`,`gameid`,`nickname`,`translate`,`headimgurl` FROM `qq_member` WHERE  `id` = 34 LIMIT 1 [ RunTime:0.011801s ]
[ 2019-01-24T10:00:11+08:00 ][ sql ] [ SQL ] SELECT * FROM `qq_group_member` WHERE  `uid` = 34  AND `state` = '1' [ RunTime:0.018318s ]
[ 2019-01-24T10:00:11+08:00 ][ sql ] [ SQL ] SELECT * FROM `qq_member` WHERE  `id` = 34 LIMIT 1 [ RunTime:0.001887s ]
[ 2019-01-24T10:00:11+08:00 ][ sql ] [ SQL ] SELECT `id`,`gameid`,`nickname`,`translate`,`headimgurl` FROM `qq_member` WHERE  `id` = 34 LIMIT 1 [ RunTime:0.001831s ]
[ 2019-01-24T10:00:11+08:00 ][ sql ] [ SQL ] SELECT COUNT(*) AS tp_count FROM `qq_group_member` WHERE  `gid` = 14  AND `state` = '1' LIMIT 1 [ RunTime:0.001796s ]
[ 2019-01-24T10:00:11+08:00 ][ sql ] [ SQL ] SELECT * FROM `qq_member` WHERE  `id` = 34 LIMIT 1 [ RunTime:0.001897s ]
[ 2019-01-24T10:00:11+08:00 ][ sql ] [ SQL ] SELECT `id`,`gameid`,`nickname`,`translate`,`headimgurl` FROM `qq_member` WHERE  `id` = 34 LIMIT 1 [ RunTime:0.002058s ]
[ 2019-01-24T10:00:14+08:00 ][ sql ] [ SQL ] SELECT * FROM `qq_member` WHERE  `session_key` = '6adbc7bae9afb4f5970745c6e8626f5e' LIMIT 1 [ RunTime:0.001994s ]
[ 2019-01-24T10:00:14+08:00 ][ sql ] [ SQL ] SELECT `id`,`gameid`,`nickname`,`translate`,`headimgurl` FROM `qq_member` WHERE  `session_key` = '6adbc7bae9afb4f5970745c6e8626f5e' LIMIT 1 [ RunTime:0.001785s ]
[ 2019-01-24T10:00:14+08:00 ][ sql ] [ SQL ] SELECT * FROM `qq_member` WHERE  `id` = 34 LIMIT 1 [ RunTime:0.001905s ]
[ 2019-01-24T10:00:14+08:00 ][ sql ] [ SQL ] SELECT `id`,`gameid`,`nickname`,`translate`,`headimgurl` FROM `qq_member` WHERE  `id` = 34 LIMIT 1 [ RunTime:0.001772s ]
[ 2019-01-24T10:00:14+08:00 ][ sql ] [ SQL ] SELECT COUNT(*) AS tp_count FROM `qq_group_member` WHERE  `gid` = 14  AND `state` = '1' LIMIT 1 [ RunTime:0.001881s ]
[ 2019-01-24T10:00:14+08:00 ][ sql ] [ SQL ] SELECT * FROM `qq_member` WHERE  `id` = 34 LIMIT 1 [ RunTime:0.001782s ]
[ 2019-01-24T10:00:14+08:00 ][ sql ] [ SQL ] SELECT `id`,`gameid`,`nickname`,`translate`,`headimgurl` FROM `qq_member` WHERE  `id` = 34 LIMIT 1 [ RunTime:0.001762s ]
[ 2019-01-24T10:00:15+08:00 ][ sql ] [ SQL ] SELECT * FROM `qq_member` WHERE  `id` = 34 LIMIT 1 [ RunTime:0.012240s ]
[ 2019-01-24T10:00:15+08:00 ][ sql ] [ SQL ] SELECT `id`,`gameid`,`nickname`,`translate`,`headimgurl` FROM `qq_member` WHERE  `id` = 34 LIMIT 1 [ RunTime:0.018514s ]
[ 2019-01-24T10:00:15+08:00 ][ sql ] [ SQL ] SELECT * FROM `qq_group_member` WHERE  `uid` = 34  AND `state` = '1' [ RunTime:0.001915s ]
[ 2019-01-24T10:00:15+08:00 ][ sql ] [ SQL ] SELECT * FROM `qq_member` WHERE  `id` = 34 LIMIT 1 [ RunTime:0.001771s ]
[ 2019-01-24T10:00:15+08:00 ][ sql ] [ SQL ] SELECT `id`,`gameid`,`nickname`,`translate`,`headimgurl` FROM `qq_member` WHERE  `id` = 34 LIMIT 1 [ RunTime:0.001741s ]
[ 2019-01-24T10:00:15+08:00 ][ sql ] [ SQL ] SELECT COUNT(*) AS tp_count FROM `qq_group_member` WHERE  `gid` = 14  AND `state` = '1' LIMIT 1 [ RunTime:0.001853s ]
[ 2019-01-24T10:00:15+08:00 ][ sql ] [ SQL ] SELECT * FROM `qq_member` WHERE  `id` = 34 LIMIT 1 [ RunTime:0.001781s ]
[ 2019-01-24T10:00:15+08:00 ][ sql ] [ SQL ] SELECT `id`,`gameid`,`nickname`,`translate`,`headimgurl` FROM `qq_member` WHERE  `id` = 34 LIMIT 1 [ RunTime:0.002147s ]
[ 2019-01-24T10:10:02+08:00 ][ sql ] [ SQL ] SELECT * FROM `qq_member` WHERE  `session_key` = '6adbc7bae9afb4f5970745c6e8626f5e' LIMIT 1 [ RunTime:0.002075s ]
[ 2019-01-24T10:10:02+08:00 ][ sql ] [ SQL ] SELECT `id`,`gameid`,`nickname`,`translate`,`headimgurl` FROM `qq_member` WHERE  `session_key` = '6adbc7bae9afb4f5970745c6e8626f5e' LIMIT 1 [ RunTime:0.001986s ]
[ 2019-01-24T10:10:02+08:00 ][ sql ] [ SQL ] SELECT * FROM `qq_member` WHERE  `id` = 34 LIMIT 1 [ RunTime:0.001906s ]
[ 2019-01-24T10:10:02+08:00 ][ sql ] [ SQL ] SELECT `id`,`gameid`,`nickname`,`translate`,`headimgurl` FROM `qq_member` WHERE  `id` = 34 LIMIT 1 [ RunTime:0.001819s ]
[ 2019-01-24T10:10:02+08:00 ][ sql ] [ SQL ] SELECT COUNT(*) AS tp_count FROM `qq_group_member` WHERE  `gid` = 14  AND `state` = '1' LIMIT 1 [ RunTime:0.001916s ]
[ 2019-01-24T10:10:02+08:00 ][ sql ] [ SQL ] SELECT * FROM `qq_member` WHERE  `id` = 34 LIMIT 1 [ RunTime:0.001926s ]
[ 2019-01-24T10:10:02+08:00 ][ sql ] [ SQL ] SELECT `id`,`gameid`,`nickname`,`translate`,`headimgurl` FROM `qq_member` WHERE  `id` = 34 LIMIT 1 [ RunTime:0.001969s ]
[ 2019-01-24T10:10:11+08:00 ][ sql ] [ SQL ] SELECT * FROM `qq_member` WHERE  `id` = 34 LIMIT 1 [ RunTime:0.002010s ]
[ 2019-01-24T10:10:11+08:00 ][ sql ] [ SQL ] SELECT `id`,`gameid`,`nickname`,`translate`,`headimgurl` FROM `qq_member` WHERE  `id` = 34 LIMIT 1 [ RunTime:0.021673s ]
[ 2019-01-24T10:10:11+08:00 ][ sql ] [ SQL ] SELECT * FROM `qq_group_member` WHERE  `uid` = 34  AND `state` = '1' [ RunTime:0.009317s ]
[ 2019-01-24T10:10:11+08:00 ][ sql ] [ SQL ] SELECT * FROM `qq_member` WHERE  `id` = 34 LIMIT 1 [ RunTime:0.001945s ]
[ 2019-01-24T10:10:11+08:00 ][ sql ] [ SQL ] SELECT `id`,`gameid`,`nickname`,`translate`,`headimgurl` FROM `qq_member` WHERE  `id` = 34 LIMIT 1 [ RunTime:0.001771s ]
[ 2019-01-24T10:10:11+08:00 ][ sql ] [ SQL ] SELECT COUNT(*) AS tp_count FROM `qq_group_member` WHERE  `gid` = 14  AND `state` = '1' LIMIT 1 [ RunTime:0.001714s ]
[ 2019-01-24T10:10:11+08:00 ][ sql ] [ SQL ] SELECT * FROM `qq_member` WHERE  `id` = 34 LIMIT 1 [ RunTime:0.001940s ]
[ 2019-01-24T10:10:11+08:00 ][ sql ] [ SQL ] SELECT `id`,`gameid`,`nickname`,`translate`,`headimgurl` FROM `qq_member` WHERE  `id` = 34 LIMIT 1 [ RunTime:0.001971s ]
[ 2019-01-24T10:12:47+08:00 ][ sql ] [ SQL ] SELECT * FROM `qq_member` WHERE  `session_key` = '6adbc7bae9afb4f5970745c6e8626f5e' LIMIT 1 [ RunTime:0.007754s ]
[ 2019-01-24T10:12:47+08:00 ][ sql ] [ SQL ] SELECT `id`,`gameid`,`nickname`,`translate`,`headimgurl` FROM `qq_member` WHERE  `session_key` = '6adbc7bae9afb4f5970745c6e8626f5e' LIMIT 1 [ RunTime:0.001767s ]
[ 2019-01-24T10:12:47+08:00 ][ sql ] [ SQL ] SELECT * FROM `qq_member` WHERE  `id` = 34 LIMIT 1 [ RunTime:0.001741s ]
[ 2019-01-24T10:12:47+08:00 ][ sql ] [ SQL ] SELECT `id`,`gameid`,`nickname`,`translate`,`headimgurl` FROM `qq_member` WHERE  `id` = 34 LIMIT 1 [ RunTime:0.001672s ]
[ 2019-01-24T10:12:47+08:00 ][ sql ] [ SQL ] SELECT COUNT(*) AS tp_count FROM `qq_group_member` WHERE  `gid` = 14  AND `state` = '1' LIMIT 1 [ RunTime:0.001901s ]
[ 2019-01-24T10:12:47+08:00 ][ sql ] [ SQL ] SELECT * FROM `qq_member` WHERE  `id` = 34 LIMIT 1 [ RunTime:0.002738s ]
[ 2019-01-24T10:12:47+08:00 ][ sql ] [ SQL ] SELECT `id`,`gameid`,`nickname`,`translate`,`headimgurl` FROM `qq_member` WHERE  `id` = 34 LIMIT 1 [ RunTime:0.001700s ]
[ 2019-01-24T10:12:51+08:00 ][ sql ] [ SQL ] SELECT * FROM `qq_member` WHERE  `id` = 34 LIMIT 1 [ RunTime:0.012291s ]
[ 2019-01-24T10:12:51+08:00 ][ sql ] [ SQL ] SELECT `id`,`gameid`,`nickname`,`translate`,`headimgurl` FROM `qq_member` WHERE  `id` = 34 LIMIT 1 [ RunTime:0.016363s ]
[ 2019-01-24T10:12:51+08:00 ][ sql ] [ SQL ] SELECT * FROM `qq_group_member` WHERE  `uid` = 34  AND `state` = '1' [ RunTime:0.001832s ]
[ 2019-01-24T10:12:51+08:00 ][ sql ] [ SQL ] SELECT * FROM `qq_member` WHERE  `id` = 34 LIMIT 1 [ RunTime:0.001688s ]
[ 2019-01-24T10:12:51+08:00 ][ sql ] [ SQL ] SELECT `id`,`gameid`,`nickname`,`translate`,`headimgurl` FROM `qq_member` WHERE  `id` = 34 LIMIT 1 [ RunTime:0.001791s ]
[ 2019-01-24T10:12:51+08:00 ][ sql ] [ SQL ] SELECT COUNT(*) AS tp_count FROM `qq_group_member` WHERE  `gid` = 14  AND `state` = '1' LIMIT 1 [ RunTime:0.002007s ]
[ 2019-01-24T10:12:51+08:00 ][ sql ] [ SQL ] SELECT * FROM `qq_member` WHERE  `id` = 34 LIMIT 1 [ RunTime:0.002008s ]
[ 2019-01-24T10:12:51+08:00 ][ sql ] [ SQL ] SELECT `id`,`gameid`,`nickname`,`translate`,`headimgurl` FROM `qq_member` WHERE  `id` = 34 LIMIT 1 [ RunTime:0.001768s ]
[ 2019-01-24T11:25:27+08:00 ][ sql ] [ DB ] CONNECT:[ UseTime:0.002822s ] mysql:host=172.16.16.15;port=3306;dbname=qq;charset=utf8mb4
[ 2019-01-24T11:25:27+08:00 ][ sql ] [ SQL ] SELECT * FROM `qq_member` WHERE  `session_key` = '5cd1ddb5a6f9d9cecf95f0b3dc7cbe0c' LIMIT 1 [ RunTime:0.002026s ]
[ 2019-01-24T11:25:27+08:00 ][ sql ] [ SQL ] SELECT `id`,`gameid`,`nickname`,`translate`,`headimgurl` FROM `qq_member` WHERE  `session_key` = '5cd1ddb5a6f9d9cecf95f0b3dc7cbe0c' LIMIT 1 [ RunTime:0.001827s ]
[ 2019-01-24T11:25:27+08:00 ][ sql ] [ SQL ] SELECT * FROM `qq_member` WHERE  `id` = 35 LIMIT 1 [ RunTime:0.001828s ]
[ 2019-01-24T11:25:27+08:00 ][ sql ] [ SQL ] SELECT `id`,`gameid`,`nickname`,`translate`,`headimgurl` FROM `qq_member` WHERE  `id` = 35 LIMIT 1 [ RunTime:0.001754s ]
[ 2019-01-24T11:25:27+08:00 ][ sql ] [ SQL ] SELECT COUNT(*) AS tp_count FROM `qq_group_member` WHERE  `gid` = 15  AND `state` = '1' LIMIT 1 [ RunTime:0.001869s ]
[ 2019-01-24T11:25:27+08:00 ][ sql ] [ SQL ] SELECT * FROM `qq_member` WHERE  `id` = 35 LIMIT 1 [ RunTime:0.001793s ]
[ 2019-01-24T11:25:27+08:00 ][ sql ] [ SQL ] SELECT `id`,`gameid`,`nickname`,`translate`,`headimgurl` FROM `qq_member` WHERE  `id` = 35 LIMIT 1 [ RunTime:0.001725s ]
[ 2019-01-24T11:25:29+08:00 ][ sql ] [ SQL ] SELECT * FROM `qq_member` WHERE  `session_key` = '3efde377c087f6342c934802871eeb71' LIMIT 1 [ RunTime:0.002080s ]
[ 2019-01-24T11:25:29+08:00 ][ sql ] [ SQL ] SELECT `id`,`gameid`,`nickname`,`translate`,`headimgurl` FROM `qq_member` WHERE  `session_key` = '3efde377c087f6342c934802871eeb71' LIMIT 1 [ RunTime:0.001783s ]
[ 2019-01-24T11:25:29+08:00 ][ sql ] [ SQL ] SELECT * FROM `qq_member` WHERE  `id` = 37 LIMIT 1 [ RunTime:0.001711s ]
[ 2019-01-24T11:25:29+08:00 ][ sql ] [ SQL ] SELECT `id`,`gameid`,`nickname`,`translate`,`headimgurl` FROM `qq_member` WHERE  `id` = 37 LIMIT 1 [ RunTime:0.001693s ]
[ 2019-01-24T11:25:29+08:00 ][ sql ] [ SQL ] SELECT COUNT(*) AS tp_count FROM `qq_group_member` WHERE  `gid` = 15  AND `state` = '1' LIMIT 1 [ RunTime:0.001836s ]
[ 2019-01-24T11:25:29+08:00 ][ sql ] [ SQL ] SELECT * FROM `qq_member` WHERE  `id` = 37 LIMIT 1 [ RunTime:0.001887s ]
[ 2019-01-24T11:25:29+08:00 ][ sql ] [ SQL ] SELECT `id`,`gameid`,`nickname`,`translate`,`headimgurl` FROM `qq_member` WHERE  `id` = 37 LIMIT 1 [ RunTime:0.001789s ]
[ 2019-01-24T11:25:34+08:00 ][ sql ] [ SQL ] SELECT * FROM `qq_group_member` WHERE  `gid` = 15  AND `uid` = 35 LIMIT 1 [ RunTime:0.002160s ]
[ 2019-01-24T11:25:34+08:00 ][ sql ] [ SQL ] SELECT * FROM `qq_group_member` WHERE  `gid` = 15  AND `uid` = 37 LIMIT 1 [ RunTime:0.001713s ]
[ 2019-01-24T11:25:34+08:00 ][ sql ] [ SQL ] INSERT INTO `qq_group_chat_record` (`uid` , `gid` , `msgtype` , `msgdata` , `createtime`) VALUES (35 , 15 , '1' , '小时发的' , 1548300334) [ RunTime:0.005376s ]
[ 2019-01-24T11:25:34+08:00 ][ sql ] [ SQL ] SELECT * FROM `qq_member` WHERE  `id` = 35 LIMIT 1 [ RunTime:0.001746s ]
[ 2019-01-24T11:25:34+08:00 ][ sql ] [ SQL ] SELECT `id`,`gameid`,`nickname`,`translate`,`headimgurl` FROM `qq_member` WHERE  `id` = 35 LIMIT 1 [ RunTime:0.001764s ]
[ 2019-01-24T11:25:34+08:00 ][ sql ] [ SQL ] SELECT * FROM `qq_group_chat` WHERE  `id` = 15 LIMIT 1 [ RunTime:0.001682s ]
[ 2019-01-24T11:25:34+08:00 ][ sql ] [ SQL ] SELECT * FROM `qq_member` WHERE  `id` = 35 LIMIT 1 [ RunTime:0.001680s ]
[ 2019-01-24T11:25:34+08:00 ][ sql ] [ SQL ] SELECT `id`,`gameid`,`nickname`,`translate`,`headimgurl` FROM `qq_member` WHERE  `id` = 35 LIMIT 1 [ RunTime:0.001696s ]
[ 2019-01-24T11:25:45+08:00 ][ sql ] [ SQL ] SELECT * FROM `qq_group_member` WHERE  `gid` = 15  AND `uid` = 35 LIMIT 1 [ RunTime:0.002204s ]
[ 2019-01-24T11:25:45+08:00 ][ sql ] [ SQL ] SELECT * FROM `qq_group_member` WHERE  `gid` = 15  AND `uid` = 37 LIMIT 1 [ RunTime:0.001788s ]
[ 2019-01-24T11:25:45+08:00 ][ sql ] [ SQL ] INSERT INTO `qq_group_chat_record` (`uid` , `gid` , `msgtype` , `msgdata` , `createtime`) VALUES (37 , 15 , '1' , '在你' , 1548300345) [ RunTime:0.005123s ]
[ 2019-01-24T11:25:45+08:00 ][ sql ] [ SQL ] SELECT * FROM `qq_member` WHERE  `id` = 37 LIMIT 1 [ RunTime:0.001828s ]
[ 2019-01-24T11:25:45+08:00 ][ sql ] [ SQL ] SELECT `id`,`gameid`,`nickname`,`translate`,`headimgurl` FROM `qq_member` WHERE  `id` = 37 LIMIT 1 [ RunTime:0.001742s ]
[ 2019-01-24T11:25:45+08:00 ][ sql ] [ SQL ] SELECT * FROM `qq_group_chat` WHERE  `id` = 15 LIMIT 1 [ RunTime:0.001759s ]
[ 2019-01-24T11:25:45+08:00 ][ sql ] [ SQL ] SELECT * FROM `qq_member` WHERE  `id` = 37 LIMIT 1 [ RunTime:0.001773s ]
[ 2019-01-24T11:25:45+08:00 ][ sql ] [ SQL ] SELECT `id`,`gameid`,`nickname`,`translate`,`headimgurl` FROM `qq_member` WHERE  `id` = 37 LIMIT 1 [ RunTime:0.001752s ]
[ 2019-01-24T11:25:50+08:00 ][ sql ] [ SQL ] SELECT * FROM `qq_group_member` WHERE  `gid` = 15  AND `uid` = 35 LIMIT 1 [ RunTime:0.002004s ]
[ 2019-01-24T11:25:50+08:00 ][ sql ] [ SQL ] SELECT * FROM `qq_group_member` WHERE  `gid` = 15  AND `uid` = 37 LIMIT 1 [ RunTime:0.001710s ]
[ 2019-01-24T11:25:50+08:00 ][ sql ] [ SQL ] INSERT INTO `qq_group_chat_record` (`uid` , `gid` , `msgtype` , `msgdata` , `createtime`) VALUES (37 , 15 , '1' , '都会更丰富' , 1548300350) [ RunTime:0.005074s ]
[ 2019-01-24T11:25:50+08:00 ][ sql ] [ SQL ] SELECT * FROM `qq_member` WHERE  `id` = 37 LIMIT 1 [ RunTime:0.001798s ]
[ 2019-01-24T11:25:50+08:00 ][ sql ] [ SQL ] SELECT `id`,`gameid`,`nickname`,`translate`,`headimgurl` FROM `qq_member` WHERE  `id` = 37 LIMIT 1 [ RunTime:0.001755s ]
[ 2019-01-24T11:25:50+08:00 ][ sql ] [ SQL ] SELECT * FROM `qq_group_chat` WHERE  `id` = 15 LIMIT 1 [ RunTime:0.001787s ]
[ 2019-01-24T11:25:50+08:00 ][ sql ] [ SQL ] SELECT * FROM `qq_member` WHERE  `id` = 37 LIMIT 1 [ RunTime:0.001798s ]
[ 2019-01-24T11:25:50+08:00 ][ sql ] [ SQL ] SELECT `id`,`gameid`,`nickname`,`translate`,`headimgurl` FROM `qq_member` WHERE  `id` = 37 LIMIT 1 [ RunTime:0.001763s ]
[ 2019-01-24T11:25:58+08:00 ][ sql ] [ SQL ] SELECT * FROM `qq_group_member` WHERE  `gid` = 15  AND `uid` = 35 LIMIT 1 [ RunTime:0.002008s ]
[ 2019-01-24T11:25:58+08:00 ][ sql ] [ SQL ] SELECT * FROM `qq_group_member` WHERE  `gid` = 15  AND `uid` = 37 LIMIT 1 [ RunTime:0.001750s ]
[ 2019-01-24T11:25:58+08:00 ][ sql ] [ SQL ] INSERT INTO `qq_group_chat_record` (`uid` , `gid` , `msgtype` , `msgdata` , `createtime`) VALUES (37 , 15 , '1' , '防化服f' , 1548300358) [ RunTime:0.008862s ]
[ 2019-01-24T11:25:58+08:00 ][ sql ] [ SQL ] SELECT * FROM `qq_member` WHERE  `id` = 37 LIMIT 1 [ RunTime:0.001764s ]
[ 2019-01-24T11:25:58+08:00 ][ sql ] [ SQL ] SELECT `id`,`gameid`,`nickname`,`translate`,`headimgurl` FROM `qq_member` WHERE  `id` = 37 LIMIT 1 [ RunTime:0.001755s ]
[ 2019-01-24T11:25:58+08:00 ][ sql ] [ SQL ] SELECT * FROM `qq_group_chat` WHERE  `id` = 15 LIMIT 1 [ RunTime:0.001790s ]
[ 2019-01-24T11:25:58+08:00 ][ sql ] [ SQL ] SELECT * FROM `qq_member` WHERE  `id` = 37 LIMIT 1 [ RunTime:0.001806s ]
[ 2019-01-24T11:25:58+08:00 ][ sql ] [ SQL ] SELECT `id`,`gameid`,`nickname`,`translate`,`headimgurl` FROM `qq_member` WHERE  `id` = 37 LIMIT 1 [ RunTime:0.001765s ]
[ 2019-01-24T11:26:04+08:00 ][ sql ] [ SQL ] SELECT * FROM `qq_group_member` WHERE  `gid` = 15  AND `uid` = 35 LIMIT 1 [ RunTime:0.002096s ]
[ 2019-01-24T11:26:04+08:00 ][ sql ] [ SQL ] SELECT * FROM `qq_group_member` WHERE  `gid` = 15  AND `uid` = 37 LIMIT 1 [ RunTime:0.001939s ]
[ 2019-01-24T11:26:04+08:00 ][ sql ] [ SQL ] INSERT INTO `qq_group_chat_record` (`uid` , `gid` , `msgtype` , `msgdata` , `createtime`) VALUES (35 , 15 , '1' , '搭错车' , 1548300364) [ RunTime:0.006541s ]
[ 2019-01-24T11:26:04+08:00 ][ sql ] [ SQL ] SELECT * FROM `qq_member` WHERE  `id` = 35 LIMIT 1 [ RunTime:0.001773s ]
[ 2019-01-24T11:26:04+08:00 ][ sql ] [ SQL ] SELECT `id`,`gameid`,`nickname`,`translate`,`headimgurl` FROM `qq_member` WHERE  `id` = 35 LIMIT 1 [ RunTime:0.001635s ]
[ 2019-01-24T11:26:04+08:00 ][ sql ] [ SQL ] SELECT * FROM `qq_group_chat` WHERE  `id` = 15 LIMIT 1 [ RunTime:0.001792s ]
[ 2019-01-24T11:26:04+08:00 ][ sql ] [ SQL ] SELECT * FROM `qq_member` WHERE  `id` = 35 LIMIT 1 [ RunTime:0.001848s ]
[ 2019-01-24T11:26:04+08:00 ][ sql ] [ SQL ] SELECT `id`,`gameid`,`nickname`,`translate`,`headimgurl` FROM `qq_member` WHERE  `id` = 35 LIMIT 1 [ RunTime:0.001718s ]
[ 2019-01-24T11:26:10+08:00 ][ sql ] [ SQL ] SELECT * FROM `qq_group_member` WHERE  `gid` = 15  AND `uid` = 35 LIMIT 1 [ RunTime:0.002189s ]
[ 2019-01-24T11:26:10+08:00 ][ sql ] [ SQL ] SELECT * FROM `qq_group_member` WHERE  `gid` = 15  AND `uid` = 37 LIMIT 1 [ RunTime:0.001788s ]
[ 2019-01-24T11:26:10+08:00 ][ sql ] [ SQL ] INSERT INTO `qq_group_chat_record` (`uid` , `gid` , `msgtype` , `msgdata` , `createtime`) VALUES (37 , 15 , '1' , '有功夫跟爸爸 v' , 1548300370) [ RunTime:0.005305s ]
[ 2019-01-24T11:26:10+08:00 ][ sql ] [ SQL ] SELECT * FROM `qq_member` WHERE  `id` = 37 LIMIT 1 [ RunTime:0.001893s ]
[ 2019-01-24T11:26:10+08:00 ][ sql ] [ SQL ] SELECT `id`,`gameid`,`nickname`,`translate`,`headimgurl` FROM `qq_member` WHERE  `id` = 37 LIMIT 1 [ RunTime:0.001795s ]
[ 2019-01-24T11:26:10+08:00 ][ sql ] [ SQL ] SELECT * FROM `qq_group_chat` WHERE  `id` = 15 LIMIT 1 [ RunTime:0.001691s ]
[ 2019-01-24T11:26:10+08:00 ][ sql ] [ SQL ] SELECT * FROM `qq_member` WHERE  `id` = 37 LIMIT 1 [ RunTime:0.001678s ]
[ 2019-01-24T11:26:10+08:00 ][ sql ] [ SQL ] SELECT `id`,`gameid`,`nickname`,`translate`,`headimgurl` FROM `qq_member` WHERE  `id` = 37 LIMIT 1 [ RunTime:0.001793s ]
[ 2019-01-24T11:26:42+08:00 ][ sql ] [ SQL ] SELECT * FROM `qq_group_member` WHERE  `gid` = 15  AND `uid` = 35 LIMIT 1 [ RunTime:0.001999s ]
[ 2019-01-24T11:26:42+08:00 ][ sql ] [ SQL ] SELECT * FROM `qq_group_member` WHERE  `gid` = 15  AND `uid` = 37 LIMIT 1 [ RunTime:0.001787s ]
[ 2019-01-24T11:26:42+08:00 ][ sql ] [ SQL ] INSERT INTO `qq_group_chat_record` (`uid` , `gid` , `msgtype` , `msgdata` , `createtime`) VALUES (35 , 15 , '2' , '/uploads/headimg/20190124/b71e1093a0d0a77e609314d56ac2dd7e.jpg' , 1548300402) [ RunTime:0.004777s ]
[ 2019-01-24T11:26:42+08:00 ][ sql ] [ SQL ] SELECT * FROM `qq_member` WHERE  `id` = 35 LIMIT 1 [ RunTime:0.001855s ]
[ 2019-01-24T11:26:42+08:00 ][ sql ] [ SQL ] SELECT `id`,`gameid`,`nickname`,`translate`,`headimgurl` FROM `qq_member` WHERE  `id` = 35 LIMIT 1 [ RunTime:0.001735s ]
[ 2019-01-24T11:26:42+08:00 ][ sql ] [ SQL ] SELECT * FROM `qq_group_chat` WHERE  `id` = 15 LIMIT 1 [ RunTime:0.001802s ]
[ 2019-01-24T11:26:42+08:00 ][ sql ] [ SQL ] SELECT * FROM `qq_member` WHERE  `id` = 35 LIMIT 1 [ RunTime:0.001877s ]
[ 2019-01-24T11:26:42+08:00 ][ sql ] [ SQL ] SELECT `id`,`gameid`,`nickname`,`translate`,`headimgurl` FROM `qq_member` WHERE  `id` = 35 LIMIT 1 [ RunTime:0.001770s ]
[ 2019-01-24T11:26:57+08:00 ][ sql ] [ SQL ] SELECT * FROM `qq_member` WHERE  `id` = 35 LIMIT 1 [ RunTime:0.002120s ]
[ 2019-01-24T11:26:57+08:00 ][ sql ] [ SQL ] SELECT `id`,`gameid`,`nickname`,`translate`,`headimgurl` FROM `qq_member` WHERE  `id` = 35 LIMIT 1 [ RunTime:0.001803s ]
[ 2019-01-24T11:26:57+08:00 ][ sql ] [ SQL ] SELECT * FROM `qq_group_member` WHERE  `uid` = 35  AND `state` = '1' [ RunTime:0.001843s ]
[ 2019-01-24T11:26:57+08:00 ][ sql ] [ SQL ] SELECT * FROM `qq_member` WHERE  `id` = 35 LIMIT 1 [ RunTime:0.001785s ]
[ 2019-01-24T11:26:57+08:00 ][ sql ] [ SQL ] SELECT `id`,`gameid`,`nickname`,`translate`,`headimgurl` FROM `qq_member` WHERE  `id` = 35 LIMIT 1 [ RunTime:0.001749s ]
[ 2019-01-24T11:26:57+08:00 ][ sql ] [ SQL ] SELECT COUNT(*) AS tp_count FROM `qq_group_member` WHERE  `gid` = 15  AND `state` = '1' LIMIT 1 [ RunTime:0.001777s ]
[ 2019-01-24T11:26:57+08:00 ][ sql ] [ SQL ] SELECT * FROM `qq_member` WHERE  `id` = 35 LIMIT 1 [ RunTime:0.001775s ]
[ 2019-01-24T11:26:57+08:00 ][ sql ] [ SQL ] SELECT `id`,`gameid`,`nickname`,`translate`,`headimgurl` FROM `qq_member` WHERE  `id` = 35 LIMIT 1 [ RunTime:0.001742s ]
[ 2019-01-24T11:27:01+08:00 ][ sql ] [ SQL ] SELECT * FROM `qq_group_member` WHERE  `gid` = 15  AND `uid` = 37 LIMIT 1 [ RunTime:0.002216s ]
[ 2019-01-24T11:27:01+08:00 ][ sql ] [ SQL ] INSERT INTO `qq_group_chat_record` (`uid` , `gid` , `msgtype` , `msgdata` , `createtime`) VALUES (37 , 15 , '1' , '给姑姑' , 1548300421) [ RunTime:0.005443s ]
[ 2019-01-24T11:27:01+08:00 ][ sql ] [ SQL ] SELECT * FROM `qq_member` WHERE  `id` = 37 LIMIT 1 [ RunTime:0.001937s ]
[ 2019-01-24T11:27:01+08:00 ][ sql ] [ SQL ] SELECT `id`,`gameid`,`nickname`,`translate`,`headimgurl` FROM `qq_member` WHERE  `id` = 37 LIMIT 1 [ RunTime:0.001864s ]
[ 2019-01-24T11:27:01+08:00 ][ sql ] [ SQL ] SELECT * FROM `qq_group_chat` WHERE  `id` = 15 LIMIT 1 [ RunTime:0.001788s ]
[ 2019-01-24T11:27:01+08:00 ][ sql ] [ SQL ] SELECT * FROM `qq_member` WHERE  `id` = 37 LIMIT 1 [ RunTime:0.001891s ]
[ 2019-01-24T11:27:01+08:00 ][ sql ] [ SQL ] SELECT `id`,`gameid`,`nickname`,`translate`,`headimgurl` FROM `qq_member` WHERE  `id` = 37 LIMIT 1 [ RunTime:0.001871s ]
[ 2019-01-24T11:27:05+08:00 ][ sql ] [ SQL ] SELECT * FROM `qq_group_member` WHERE  `gid` = 15  AND `uid` = 37 LIMIT 1 [ RunTime:0.002132s ]
[ 2019-01-24T11:27:05+08:00 ][ sql ] [ SQL ] INSERT INTO `qq_group_chat_record` (`uid` , `gid` , `msgtype` , `msgdata` , `createtime`) VALUES (37 , 15 , '1' , '感觉好方法' , 1548300425) [ RunTime:0.009054s ]
[ 2019-01-24T11:27:05+08:00 ][ sql ] [ SQL ] SELECT * FROM `qq_member` WHERE  `id` = 37 LIMIT 1 [ RunTime:0.001898s ]
[ 2019-01-24T11:27:05+08:00 ][ sql ] [ SQL ] SELECT `id`,`gameid`,`nickname`,`translate`,`headimgurl` FROM `qq_member` WHERE  `id` = 37 LIMIT 1 [ RunTime:0.001827s ]
[ 2019-01-24T11:27:05+08:00 ][ sql ] [ SQL ] SELECT * FROM `qq_group_chat` WHERE  `id` = 15 LIMIT 1 [ RunTime:0.001772s ]
[ 2019-01-24T11:27:05+08:00 ][ sql ] [ SQL ] SELECT * FROM `qq_member` WHERE  `id` = 37 LIMIT 1 [ RunTime:0.001764s ]
[ 2019-01-24T11:27:05+08:00 ][ sql ] [ SQL ] SELECT `id`,`gameid`,`nickname`,`translate`,`headimgurl` FROM `qq_member` WHERE  `id` = 37 LIMIT 1 [ RunTime:0.001778s ]
[ 2019-01-24T11:27:48+08:00 ][ sql ] [ SQL ] SELECT * FROM `qq_member` WHERE  `session_key` = '9ec54d516ab8fe7835222d8f80d3e7a3' LIMIT 1 [ RunTime:0.002111s ]
[ 2019-01-24T11:27:48+08:00 ][ sql ] [ SQL ] SELECT `id`,`gameid`,`nickname`,`translate`,`headimgurl` FROM `qq_member` WHERE  `session_key` = '9ec54d516ab8fe7835222d8f80d3e7a3' LIMIT 1 [ RunTime:0.001793s ]
[ 2019-01-24T11:27:48+08:00 ][ sql ] [ SQL ] SELECT * FROM `qq_member` WHERE  `id` = 35 LIMIT 1 [ RunTime:0.001737s ]
[ 2019-01-24T11:27:48+08:00 ][ sql ] [ SQL ] SELECT `id`,`gameid`,`nickname`,`translate`,`headimgurl` FROM `qq_member` WHERE  `id` = 35 LIMIT 1 [ RunTime:0.001743s ]
[ 2019-01-24T11:27:48+08:00 ][ sql ] [ SQL ] SELECT COUNT(*) AS tp_count FROM `qq_group_member` WHERE  `gid` = 15  AND `state` = '1' LIMIT 1 [ RunTime:0.001703s ]
[ 2019-01-24T11:27:48+08:00 ][ sql ] [ SQL ] SELECT * FROM `qq_member` WHERE  `id` = 35 LIMIT 1 [ RunTime:0.001843s ]
[ 2019-01-24T11:27:48+08:00 ][ sql ] [ SQL ] SELECT `id`,`gameid`,`nickname`,`translate`,`headimgurl` FROM `qq_member` WHERE  `id` = 35 LIMIT 1 [ RunTime:0.001807s ]
[ 2019-01-24T11:27:55+08:00 ][ sql ] [ SQL ] SELECT * FROM `qq_group_member` WHERE  `gid` = 15  AND `uid` = 37 LIMIT 1 [ RunTime:0.002133s ]
[ 2019-01-24T11:27:55+08:00 ][ sql ] [ SQL ] SELECT * FROM `qq_group_member` WHERE  `gid` = 15  AND `uid` = 35 LIMIT 1 [ RunTime:0.001771s ]
[ 2019-01-24T11:27:55+08:00 ][ sql ] [ SQL ] INSERT INTO `qq_group_chat_record` (`uid` , `gid` , `msgtype` , `msgdata` , `createtime`) VALUES (35 , 15 , '1' , '[兜趣景德镇麻将][乐平麻将] 亲友圈[2145]房号:[433280]  2人/2局 2018.12.25 16:25  张小魔是谁(2247708)   +8 张三丰是谁(2257742)   -8 张小魔是谁(2247708)   +8 张三丰是谁(2257742)   -8' , 1548300475) [ RunTime:0.005410s ]
[ 2019-01-24T11:27:55+08:00 ][ sql ] [ SQL ] SELECT * FROM `qq_member` WHERE  `id` = 35 LIMIT 1 [ RunTime:0.001904s ]
[ 2019-01-24T11:27:55+08:00 ][ sql ] [ SQL ] SELECT `id`,`gameid`,`nickname`,`translate`,`headimgurl` FROM `qq_member` WHERE  `id` = 35 LIMIT 1 [ RunTime:0.001755s ]
[ 2019-01-24T11:27:55+08:00 ][ sql ] [ SQL ] SELECT * FROM `qq_group_chat` WHERE  `id` = 15 LIMIT 1 [ RunTime:0.001800s ]
[ 2019-01-24T11:27:55+08:00 ][ sql ] [ SQL ] SELECT * FROM `qq_member` WHERE  `id` = 35 LIMIT 1 [ RunTime:0.001872s ]
[ 2019-01-24T11:27:55+08:00 ][ sql ] [ SQL ] SELECT `id`,`gameid`,`nickname`,`translate`,`headimgurl` FROM `qq_member` WHERE  `id` = 35 LIMIT 1 [ RunTime:0.001825s ]
[ 2019-01-24T11:28:12+08:00 ][ sql ] [ SQL ] SELECT * FROM `qq_member` WHERE  `id` = 35 LIMIT 1 [ RunTime:0.002082s ]
[ 2019-01-24T11:28:12+08:00 ][ sql ] [ SQL ] SELECT `id`,`gameid`,`nickname`,`translate`,`headimgurl` FROM `qq_member` WHERE  `id` = 35 LIMIT 1 [ RunTime:0.001757s ]
[ 2019-01-24T11:28:12+08:00 ][ sql ] [ SQL ] SELECT * FROM `qq_group_member` WHERE  `uid` = 35  AND `state` = '1' [ RunTime:0.001825s ]
[ 2019-01-24T11:28:12+08:00 ][ sql ] [ SQL ] SELECT * FROM `qq_member` WHERE  `id` = 35 LIMIT 1 [ RunTime:0.001808s ]
[ 2019-01-24T11:28:12+08:00 ][ sql ] [ SQL ] SELECT `id`,`gameid`,`nickname`,`translate`,`headimgurl` FROM `qq_member` WHERE  `id` = 35 LIMIT 1 [ RunTime:0.001737s ]
[ 2019-01-24T11:28:12+08:00 ][ sql ] [ SQL ] SELECT COUNT(*) AS tp_count FROM `qq_group_member` WHERE  `gid` = 15  AND `state` = '1' LIMIT 1 [ RunTime:0.001821s ]
[ 2019-01-24T11:28:12+08:00 ][ sql ] [ SQL ] SELECT * FROM `qq_member` WHERE  `id` = 35 LIMIT 1 [ RunTime:0.001782s ]
[ 2019-01-24T11:28:12+08:00 ][ sql ] [ SQL ] SELECT `id`,`gameid`,`nickname`,`translate`,`headimgurl` FROM `qq_member` WHERE  `id` = 35 LIMIT 1 [ RunTime:0.001749s ]
[ 2019-01-24T11:30:14+08:00 ][ sql ] [ SQL ] SELECT * FROM `qq_member` WHERE  `session_key` = '0019fa1627a27c85dca98caf9264deed' LIMIT 1 [ RunTime:0.002017s ]
[ 2019-01-24T11:30:14+08:00 ][ sql ] [ SQL ] SELECT `id`,`gameid`,`nickname`,`translate`,`headimgurl` FROM `qq_member` WHERE  `session_key` = '0019fa1627a27c85dca98caf9264deed' LIMIT 1 [ RunTime:0.001764s ]
[ 2019-01-24T11:30:14+08:00 ][ sql ] [ SQL ] SELECT * FROM `qq_member` WHERE  `id` = 35 LIMIT 1 [ RunTime:0.001747s ]
[ 2019-01-24T11:30:14+08:00 ][ sql ] [ SQL ] SELECT `id`,`gameid`,`nickname`,`translate`,`headimgurl` FROM `qq_member` WHERE  `id` = 35 LIMIT 1 [ RunTime:0.022347s ]
[ 2019-01-24T11:30:14+08:00 ][ sql ] [ SQL ] SELECT COUNT(*) AS tp_count FROM `qq_group_member` WHERE  `gid` = 15  AND `state` = '1' LIMIT 1 [ RunTime:0.007759s ]
[ 2019-01-24T11:30:14+08:00 ][ sql ] [ SQL ] SELECT * FROM `qq_member` WHERE  `id` = 35 LIMIT 1 [ RunTime:0.001832s ]
[ 2019-01-24T11:30:14+08:00 ][ sql ] [ SQL ] SELECT `id`,`gameid`,`nickname`,`translate`,`headimgurl` FROM `qq_member` WHERE  `id` = 35 LIMIT 1 [ RunTime:0.001752s ]
[ 2019-01-24T11:30:19+08:00 ][ sql ] [ SQL ] SELECT * FROM `qq_group_member` WHERE  `gid` = 15  AND `uid` = 37 LIMIT 1 [ RunTime:0.002007s ]
[ 2019-01-24T11:30:19+08:00 ][ sql ] [ SQL ] SELECT * FROM `qq_group_member` WHERE  `gid` = 15  AND `uid` = 35 LIMIT 1 [ RunTime:0.001723s ]
[ 2019-01-24T11:30:19+08:00 ][ sql ] [ SQL ] INSERT INTO `qq_group_chat_record` (`uid` , `gid` , `msgtype` , `msgdata` , `createtime`) VALUES (35 , 15 , '1' , '望江麻将 [4局] 亲友圈:1083 时间:2019-01-24 11:30 ——————————————— Dn(3624)   8 A-南阳麻将(3458)   -8 ———————————————' , 1548300619) [ RunTime:0.005006s ]
[ 2019-01-24T11:30:19+08:00 ][ sql ] [ SQL ] SELECT * FROM `qq_member` WHERE  `id` = 35 LIMIT 1 [ RunTime:0.001858s ]
[ 2019-01-24T11:30:19+08:00 ][ sql ] [ SQL ] SELECT `id`,`gameid`,`nickname`,`translate`,`headimgurl` FROM `qq_member` WHERE  `id` = 35 LIMIT 1 [ RunTime:0.001859s ]
[ 2019-01-24T11:30:19+08:00 ][ sql ] [ SQL ] SELECT * FROM `qq_group_chat` WHERE  `id` = 15 LIMIT 1 [ RunTime:0.001693s ]
[ 2019-01-24T11:30:19+08:00 ][ sql ] [ SQL ] SELECT * FROM `qq_member` WHERE  `id` = 35 LIMIT 1 [ RunTime:0.001758s ]
[ 2019-01-24T11:30:19+08:00 ][ sql ] [ SQL ] SELECT `id`,`gameid`,`nickname`,`translate`,`headimgurl` FROM `qq_member` WHERE  `id` = 35 LIMIT 1 [ RunTime:0.001860s ]
[ 2019-01-24T11:30:59+08:00 ][ sql ] [ SQL ] SELECT * FROM `qq_group_member` WHERE  `gid` = 15  AND `uid` = 37 LIMIT 1 [ RunTime:0.001991s ]
[ 2019-01-24T11:30:59+08:00 ][ sql ] [ SQL ] SELECT * FROM `qq_group_member` WHERE  `gid` = 15  AND `uid` = 35 LIMIT 1 [ RunTime:0.001718s ]
[ 2019-01-24T11:30:59+08:00 ][ sql ] [ SQL ] INSERT INTO `qq_group_chat_record` (`uid` , `gid` , `msgtype` , `msgdata` , `createtime`) VALUES (37 , 15 , '1' , '望江麻将 [4局] 亲友圈:1083 时间:2019-01-24 11:30 ——————————————— Dn(3624)   8 A-南阳麻将(3458)   -8 ———————————————' , 1548300659) [ RunTime:0.004161s ]
[ 2019-01-24T11:30:59+08:00 ][ sql ] [ SQL ] SELECT * FROM `qq_member` WHERE  `id` = 37 LIMIT 1 [ RunTime:0.001793s ]
[ 2019-01-24T11:30:59+08:00 ][ sql ] [ SQL ] SELECT `id`,`gameid`,`nickname`,`translate`,`headimgurl` FROM `qq_member` WHERE  `id` = 37 LIMIT 1 [ RunTime:0.001774s ]
[ 2019-01-24T11:30:59+08:00 ][ sql ] [ SQL ] SELECT * FROM `qq_group_chat` WHERE  `id` = 15 LIMIT 1 [ RunTime:0.001844s ]
[ 2019-01-24T11:30:59+08:00 ][ sql ] [ SQL ] SELECT * FROM `qq_member` WHERE  `id` = 37 LIMIT 1 [ RunTime:0.001863s ]
[ 2019-01-24T11:30:59+08:00 ][ sql ] [ SQL ] SELECT `id`,`gameid`,`nickname`,`translate`,`headimgurl` FROM `qq_member` WHERE  `id` = 37 LIMIT 1 [ RunTime:0.001844s ]
[ 2019-01-24T11:31:23+08:00 ][ sql ] [ SQL ] SELECT * FROM `qq_member` WHERE  `id` = 37 LIMIT 1 [ RunTime:0.002124s ]
[ 2019-01-24T11:31:23+08:00 ][ sql ] [ SQL ] SELECT `id`,`gameid`,`nickname`,`translate`,`headimgurl` FROM `qq_member` WHERE  `id` = 37 LIMIT 1 [ RunTime:0.001758s ]
[ 2019-01-24T11:31:23+08:00 ][ sql ] [ SQL ] SELECT * FROM `qq_group_member` WHERE  `uid` = 37  AND `state` = '1' [ RunTime:0.001769s ]
[ 2019-01-24T11:31:23+08:00 ][ sql ] [ SQL ] SELECT * FROM `qq_member` WHERE  `id` = 37 LIMIT 1 [ RunTime:0.001781s ]
[ 2019-01-24T11:31:23+08:00 ][ sql ] [ SQL ] SELECT `id`,`gameid`,`nickname`,`translate`,`headimgurl` FROM `qq_member` WHERE  `id` = 37 LIMIT 1 [ RunTime:0.001679s ]
[ 2019-01-24T11:31:23+08:00 ][ sql ] [ SQL ] SELECT COUNT(*) AS tp_count FROM `qq_group_member` WHERE  `gid` = 15  AND `state` = '1' LIMIT 1 [ RunTime:0.001730s ]
[ 2019-01-24T11:31:23+08:00 ][ sql ] [ SQL ] SELECT * FROM `qq_member` WHERE  `id` = 37 LIMIT 1 [ RunTime:0.001755s ]
[ 2019-01-24T11:31:23+08:00 ][ sql ] [ SQL ] SELECT `id`,`gameid`,`nickname`,`translate`,`headimgurl` FROM `qq_member` WHERE  `id` = 37 LIMIT 1 [ RunTime:0.001865s ]
[ 2019-01-24T11:31:33+08:00 ][ sql ] [ SQL ] SELECT * FROM `qq_member` WHERE  `session_key` = 'ea6531589040f5ab077e955ef6a1e8d6' LIMIT 1 [ RunTime:0.002129s ]
[ 2019-01-24T11:31:33+08:00 ][ sql ] [ SQL ] SELECT `id`,`gameid`,`nickname`,`translate`,`headimgurl` FROM `qq_member` WHERE  `session_key` = 'ea6531589040f5ab077e955ef6a1e8d6' LIMIT 1 [ RunTime:0.001782s ]
[ 2019-01-24T11:31:33+08:00 ][ sql ] [ SQL ] SELECT * FROM `qq_member` WHERE  `id` = 37 LIMIT 1 [ RunTime:0.001704s ]
[ 2019-01-24T11:31:33+08:00 ][ sql ] [ SQL ] SELECT `id`,`gameid`,`nickname`,`translate`,`headimgurl` FROM `qq_member` WHERE  `id` = 37 LIMIT 1 [ RunTime:0.001656s ]
[ 2019-01-24T11:31:33+08:00 ][ sql ] [ SQL ] SELECT COUNT(*) AS tp_count FROM `qq_group_member` WHERE  `gid` = 15  AND `state` = '1' LIMIT 1 [ RunTime:0.001786s ]
[ 2019-01-24T11:31:33+08:00 ][ sql ] [ SQL ] SELECT * FROM `qq_member` WHERE  `id` = 37 LIMIT 1 [ RunTime:0.001700s ]
[ 2019-01-24T11:31:33+08:00 ][ sql ] [ SQL ] SELECT `id`,`gameid`,`nickname`,`translate`,`headimgurl` FROM `qq_member` WHERE  `id` = 37 LIMIT 1 [ RunTime:0.001747s ]
[ 2019-01-24T11:31:50+08:00 ][ sql ] [ SQL ] SELECT * FROM `qq_member` WHERE  `id` = 37 LIMIT 1 [ RunTime:0.002284s ]
[ 2019-01-24T11:31:50+08:00 ][ sql ] [ SQL ] SELECT `id`,`gameid`,`nickname`,`translate`,`headimgurl` FROM `qq_member` WHERE  `id` = 37 LIMIT 1 [ RunTime:0.001904s ]
[ 2019-01-24T11:31:50+08:00 ][ sql ] [ SQL ] SELECT * FROM `qq_group_member` WHERE  `uid` = 37  AND `state` = '1' [ RunTime:0.001830s ]
[ 2019-01-24T11:31:50+08:00 ][ sql ] [ SQL ] SELECT * FROM `qq_member` WHERE  `id` = 37 LIMIT 1 [ RunTime:0.001874s ]
[ 2019-01-24T11:31:50+08:00 ][ sql ] [ SQL ] SELECT `id`,`gameid`,`nickname`,`translate`,`headimgurl` FROM `qq_member` WHERE  `id` = 37 LIMIT 1 [ RunTime:0.001765s ]
[ 2019-01-24T11:31:50+08:00 ][ sql ] [ SQL ] SELECT COUNT(*) AS tp_count FROM `qq_group_member` WHERE  `gid` = 15  AND `state` = '1' LIMIT 1 [ RunTime:0.001784s ]
[ 2019-01-24T11:31:50+08:00 ][ sql ] [ SQL ] SELECT * FROM `qq_member` WHERE  `id` = 37 LIMIT 1 [ RunTime:0.001765s ]
[ 2019-01-24T11:31:50+08:00 ][ sql ] [ SQL ] SELECT `id`,`gameid`,`nickname`,`translate`,`headimgurl` FROM `qq_member` WHERE  `id` = 37 LIMIT 1 [ RunTime:0.001764s ]
[ 2019-01-24T11:37:03+08:00 ][ sql ] [ SQL ] SELECT * FROM `qq_member` WHERE  `id` = 35 LIMIT 1 [ RunTime:0.002167s ]
[ 2019-01-24T11:37:03+08:00 ][ sql ] [ SQL ] SELECT `id`,`gameid`,`nickname`,`translate`,`headimgurl` FROM `qq_member` WHERE  `id` = 35 LIMIT 1 [ RunTime:0.001745s ]
[ 2019-01-24T11:37:03+08:00 ][ sql ] [ SQL ] SELECT * FROM `qq_group_member` WHERE  `uid` = 35  AND `state` = '1' [ RunTime:0.001776s ]
[ 2019-01-24T11:37:03+08:00 ][ sql ] [ SQL ] SELECT * FROM `qq_member` WHERE  `id` = 35 LIMIT 1 [ RunTime:0.001803s ]
[ 2019-01-24T11:37:03+08:00 ][ sql ] [ SQL ] SELECT `id`,`gameid`,`nickname`,`translate`,`headimgurl` FROM `qq_member` WHERE  `id` = 35 LIMIT 1 [ RunTime:0.001735s ]
[ 2019-01-24T11:37:03+08:00 ][ sql ] [ SQL ] SELECT COUNT(*) AS tp_count FROM `qq_group_member` WHERE  `gid` = 15  AND `state` = '1' LIMIT 1 [ RunTime:0.001683s ]
[ 2019-01-24T11:37:03+08:00 ][ sql ] [ SQL ] SELECT * FROM `qq_member` WHERE  `id` = 35 LIMIT 1 [ RunTime:0.001707s ]
[ 2019-01-24T11:37:03+08:00 ][ sql ] [ SQL ] SELECT `id`,`gameid`,`nickname`,`translate`,`headimgurl` FROM `qq_member` WHERE  `id` = 35 LIMIT 1 [ RunTime:0.001748s ]
[ 2019-01-24T11:38:11+08:00 ][ sql ] [ SQL ] SELECT * FROM `qq_member` WHERE  `session_key` = '0019fa1627a27c85dca98caf9264deed' LIMIT 1 [ RunTime:0.002318s ]
[ 2019-01-24T11:38:11+08:00 ][ sql ] [ SQL ] SELECT `id`,`gameid`,`nickname`,`translate`,`headimgurl` FROM `qq_member` WHERE  `session_key` = '0019fa1627a27c85dca98caf9264deed' LIMIT 1 [ RunTime:0.001993s ]
[ 2019-01-24T11:38:11+08:00 ][ sql ] [ SQL ] SELECT * FROM `qq_member` WHERE  `id` = 35 LIMIT 1 [ RunTime:0.002839s ]
[ 2019-01-24T11:38:11+08:00 ][ sql ] [ SQL ] SELECT `id`,`gameid`,`nickname`,`translate`,`headimgurl` FROM `qq_member` WHERE  `id` = 35 LIMIT 1 [ RunTime:0.001791s ]
[ 2019-01-24T11:38:11+08:00 ][ sql ] [ SQL ] SELECT COUNT(*) AS tp_count FROM `qq_group_member` WHERE  `gid` = 15  AND `state` = '1' LIMIT 1 [ RunTime:0.022477s ]
[ 2019-01-24T11:38:11+08:00 ][ sql ] [ SQL ] SELECT * FROM `qq_member` WHERE  `id` = 35 LIMIT 1 [ RunTime:0.007275s ]
[ 2019-01-24T11:38:11+08:00 ][ sql ] [ SQL ] SELECT `id`,`gameid`,`nickname`,`translate`,`headimgurl` FROM `qq_member` WHERE  `id` = 35 LIMIT 1 [ RunTime:0.001745s ]
[ 2019-01-24T11:38:25+08:00 ][ sql ] [ SQL ] SELECT * FROM `qq_member` WHERE  `id` = 35 LIMIT 1 [ RunTime:0.002134s ]
[ 2019-01-24T11:38:25+08:00 ][ sql ] [ SQL ] SELECT `id`,`gameid`,`nickname`,`translate`,`headimgurl` FROM `qq_member` WHERE  `id` = 35 LIMIT 1 [ RunTime:0.001745s ]
[ 2019-01-24T11:38:25+08:00 ][ sql ] [ SQL ] SELECT * FROM `qq_group_member` WHERE  `uid` = 35  AND `state` = '1' [ RunTime:0.001861s ]
[ 2019-01-24T11:38:25+08:00 ][ sql ] [ SQL ] SELECT * FROM `qq_member` WHERE  `id` = 35 LIMIT 1 [ RunTime:0.001772s ]
[ 2019-01-24T11:38:25+08:00 ][ sql ] [ SQL ] SELECT `id`,`gameid`,`nickname`,`translate`,`headimgurl` FROM `qq_member` WHERE  `id` = 35 LIMIT 1 [ RunTime:0.001746s ]
[ 2019-01-24T11:38:25+08:00 ][ sql ] [ SQL ] SELECT COUNT(*) AS tp_count FROM `qq_group_member` WHERE  `gid` = 15  AND `state` = '1' LIMIT 1 [ RunTime:0.001834s ]
[ 2019-01-24T11:38:25+08:00 ][ sql ] [ SQL ] SELECT * FROM `qq_member` WHERE  `id` = 35 LIMIT 1 [ RunTime:0.001795s ]
[ 2019-01-24T11:38:25+08:00 ][ sql ] [ SQL ] SELECT `id`,`gameid`,`nickname`,`translate`,`headimgurl` FROM `qq_member` WHERE  `id` = 35 LIMIT 1 [ RunTime:0.001740s ]
[ 2019-01-24T11:40:23+08:00 ][ sql ] [ SQL ] SELECT * FROM `qq_member` WHERE  `session_key` = 'cea73a4e9d0292d47378fc59094d5fcc' LIMIT 1 [ RunTime:0.001918s ]
[ 2019-01-24T11:40:23+08:00 ][ sql ] [ SQL ] SELECT `id`,`gameid`,`nickname`,`translate`,`headimgurl` FROM `qq_member` WHERE  `session_key` = 'cea73a4e9d0292d47378fc59094d5fcc' LIMIT 1 [ RunTime:0.001768s ]
[ 2019-01-24T11:40:23+08:00 ][ sql ] [ SQL ] SELECT * FROM `qq_member` WHERE  `id` = 37 LIMIT 1 [ RunTime:0.001833s ]
[ 2019-01-24T11:40:23+08:00 ][ sql ] [ SQL ] SELECT `id`,`gameid`,`nickname`,`translate`,`headimgurl` FROM `qq_member` WHERE  `id` = 37 LIMIT 1 [ RunTime:0.001772s ]
[ 2019-01-24T11:40:23+08:00 ][ sql ] [ SQL ] SELECT COUNT(*) AS tp_count FROM `qq_group_member` WHERE  `gid` = 15  AND `state` = '1' LIMIT 1 [ RunTime:0.001764s ]
[ 2019-01-24T11:40:23+08:00 ][ sql ] [ SQL ] SELECT * FROM `qq_member` WHERE  `id` = 37 LIMIT 1 [ RunTime:0.001864s ]
[ 2019-01-24T11:40:23+08:00 ][ sql ] [ SQL ] SELECT `id`,`gameid`,`nickname`,`translate`,`headimgurl` FROM `qq_member` WHERE  `id` = 37 LIMIT 1 [ RunTime:0.001807s ]
[ 2019-01-24T11:41:02+08:00 ][ sql ] [ SQL ] SELECT * FROM `qq_member` WHERE  `id` = 37 LIMIT 1 [ RunTime:0.002093s ]
[ 2019-01-24T11:41:02+08:00 ][ sql ] [ SQL ] SELECT `id`,`gameid`,`nickname`,`translate`,`headimgurl` FROM `qq_member` WHERE  `id` = 37 LIMIT 1 [ RunTime:0.001676s ]
[ 2019-01-24T11:41:02+08:00 ][ sql ] [ SQL ] SELECT * FROM `qq_group_member` WHERE  `uid` = 37  AND `state` = '1' [ RunTime:0.001778s ]
[ 2019-01-24T11:41:02+08:00 ][ sql ] [ SQL ] SELECT * FROM `qq_member` WHERE  `id` = 37 LIMIT 1 [ RunTime:0.001869s ]
[ 2019-01-24T11:41:02+08:00 ][ sql ] [ SQL ] SELECT `id`,`gameid`,`nickname`,`translate`,`headimgurl` FROM `qq_member` WHERE  `id` = 37 LIMIT 1 [ RunTime:0.001742s ]
[ 2019-01-24T11:41:02+08:00 ][ sql ] [ SQL ] SELECT COUNT(*) AS tp_count FROM `qq_group_member` WHERE  `gid` = 15  AND `state` = '1' LIMIT 1 [ RunTime:0.001916s ]
[ 2019-01-24T11:41:02+08:00 ][ sql ] [ SQL ] SELECT * FROM `qq_member` WHERE  `id` = 37 LIMIT 1 [ RunTime:0.001801s ]
[ 2019-01-24T11:41:02+08:00 ][ sql ] [ SQL ] SELECT `id`,`gameid`,`nickname`,`translate`,`headimgurl` FROM `qq_member` WHERE  `id` = 37 LIMIT 1 [ RunTime:0.001664s ]
[ 2019-01-24T11:49:52+08:00 ][ sql ] [ SQL ] SELECT * FROM `qq_member` WHERE  `session_key` = '1441b08fac61a67ef64dede5df9a3c65' LIMIT 1 [ RunTime:0.002100s ]
[ 2019-01-24T11:49:52+08:00 ][ sql ] [ SQL ] SELECT `id`,`gameid`,`nickname`,`translate`,`headimgurl` FROM `qq_member` WHERE  `session_key` = '1441b08fac61a67ef64dede5df9a3c65' LIMIT 1 [ RunTime:0.001818s ]
[ 2019-01-24T11:49:52+08:00 ][ sql ] [ SQL ] SELECT * FROM `qq_member` WHERE  `id` = 35 LIMIT 1 [ RunTime:0.001905s ]
[ 2019-01-24T11:49:52+08:00 ][ sql ] [ SQL ] SELECT `id`,`gameid`,`nickname`,`translate`,`headimgurl` FROM `qq_member` WHERE  `id` = 35 LIMIT 1 [ RunTime:0.001935s ]
[ 2019-01-24T11:49:52+08:00 ][ sql ] [ SQL ] SELECT COUNT(*) AS tp_count FROM `qq_group_member` WHERE  `gid` = 15  AND `state` = '1' LIMIT 1 [ RunTime:0.001774s ]
[ 2019-01-24T11:49:52+08:00 ][ sql ] [ SQL ] SELECT * FROM `qq_member` WHERE  `id` = 35 LIMIT 1 [ RunTime:0.012196s ]
[ 2019-01-24T11:49:52+08:00 ][ sql ] [ SQL ] SELECT `id`,`gameid`,`nickname`,`translate`,`headimgurl` FROM `qq_member` WHERE  `id` = 35 LIMIT 1 [ RunTime:0.021812s ]
[ 2019-01-24T11:49:56+08:00 ][ sql ] [ SQL ] SELECT * FROM `qq_group_member` WHERE  `gid` = 15  AND `uid` = 35 LIMIT 1 [ RunTime:0.002183s ]
[ 2019-01-24T11:49:56+08:00 ][ sql ] [ SQL ] INSERT INTO `qq_group_chat_record` (`uid` , `gid` , `msgtype` , `msgdata` , `createtime`) VALUES (35 , 15 , '1' , '狼人杀 [4局] 团队ID:1083 时间:2019-01-24 11:30 ——————————————— 杨小龙(3624)   8杀 张凤(3458)   -8杀 ———————————————' , 1548301796) [ RunTime:0.005108s ]
[ 2019-01-24T11:49:56+08:00 ][ sql ] [ SQL ] SELECT * FROM `qq_member` WHERE  `id` = 35 LIMIT 1 [ RunTime:0.001826s ]
[ 2019-01-24T11:49:56+08:00 ][ sql ] [ SQL ] SELECT `id`,`gameid`,`nickname`,`translate`,`headimgurl` FROM `qq_member` WHERE  `id` = 35 LIMIT 1 [ RunTime:0.001879s ]
[ 2019-01-24T11:49:56+08:00 ][ sql ] [ SQL ] SELECT * FROM `qq_group_chat` WHERE  `id` = 15 LIMIT 1 [ RunTime:0.001775s ]
[ 2019-01-24T11:49:56+08:00 ][ sql ] [ SQL ] SELECT * FROM `qq_member` WHERE  `id` = 35 LIMIT 1 [ RunTime:0.001855s ]
[ 2019-01-24T11:49:56+08:00 ][ sql ] [ SQL ] SELECT `id`,`gameid`,`nickname`,`translate`,`headimgurl` FROM `qq_member` WHERE  `id` = 35 LIMIT 1 [ RunTime:0.002149s ]
[ 2019-01-24T11:50:11+08:00 ][ sql ] [ SQL ] SELECT * FROM `qq_member` WHERE  `id` = 35 LIMIT 1 [ RunTime:0.002841s ]
[ 2019-01-24T11:50:11+08:00 ][ sql ] [ SQL ] SELECT `id`,`gameid`,`nickname`,`translate`,`headimgurl` FROM `qq_member` WHERE  `id` = 35 LIMIT 1 [ RunTime:0.001834s ]
[ 2019-01-24T11:50:11+08:00 ][ sql ] [ SQL ] SELECT * FROM `qq_group_member` WHERE  `uid` = 35  AND `state` = '1' [ RunTime:0.001699s ]
[ 2019-01-24T11:50:11+08:00 ][ sql ] [ SQL ] SELECT * FROM `qq_member` WHERE  `id` = 35 LIMIT 1 [ RunTime:0.001727s ]
[ 2019-01-24T11:50:11+08:00 ][ sql ] [ SQL ] SELECT `id`,`gameid`,`nickname`,`translate`,`headimgurl` FROM `qq_member` WHERE  `id` = 35 LIMIT 1 [ RunTime:0.001581s ]
[ 2019-01-24T11:50:11+08:00 ][ sql ] [ SQL ] SELECT COUNT(*) AS tp_count FROM `qq_group_member` WHERE  `gid` = 15  AND `state` = '1' LIMIT 1 [ RunTime:0.001730s ]
[ 2019-01-24T11:50:11+08:00 ][ sql ] [ SQL ] SELECT * FROM `qq_member` WHERE  `id` = 35 LIMIT 1 [ RunTime:0.001669s ]
[ 2019-01-24T11:50:11+08:00 ][ sql ] [ SQL ] SELECT `id`,`gameid`,`nickname`,`translate`,`headimgurl` FROM `qq_member` WHERE  `id` = 35 LIMIT 1 [ RunTime:0.001929s ]
